% Finesse 2.1 (2.1-4-g71575b0), 06.02.2017
% 2D plot, y1axis: Abs 
% midx  (eo1), bessel1, bessel2, bessel3

 0.00000000000000  0.00000000000000  0.00000000000000  0.00000000000000 
 0.0100000000000000  0.00499993750026042  1.24998958336589e-05  2.08332031253255e-08 
 0.0200000000000000  0.00999950000833326  4.99983333541665e-05  1.66662500041666e-07 
 0.0300000000000000  0.0149983125632801  0.000112491562737301  5.62468360086905e-07 
 0.0400000000000000  0.0199960002666578  0.000199973334666631  1.33320000533322e-06 
 0.0500000000000000  0.0249921883137597  0.000312434900919384  2.60375979105543e-06 
 0.0600000000000000  0.0299865020248481  0.000449865015186589  4.49898759112044e-06 
 0.0700000000000000  0.0349785668763761  0.000612249934127406  7.14364518993716e-06 
 0.0800000000000000  0.0399680085321956  0.000799573418657565  1.06624006826060e-05 
 0.0900000000000000  0.0449544528747491  0.00101181673547177  1.51798128849059e-05 
 0.100000000000000  0.0499375260362420  0.00124895865879992  2.08203157547563e-05 
 0.110000000000000  0.0549168544297937  0.00151097547239706  2.77082028267892e-05 
 0.120000000000000  0.0598920647805635  0.00179784097176675  3.59676116616675e-05 
 0.130000000000000  0.0648627841568494  0.00210952646661774  4.57225083117809e-05 
 0.140000000000000  0.0698286400011569  0.00244600078355366  5.70966718049522e-05 
 0.150000000000000  0.0747892601612352  0.00280723026899561  7.02136786477839e-05 
 0.160000000000000  0.0797442729210777  0.00319317879233712  8.51968873502715e-05 
 0.170000000000000  0.0846933070318845  0.00360380774933146  0.000102169422973311 
 0.180000000000000  0.0896359917429839  0.00403907606571081  0.000121254161700720 
 0.190000000000000  0.0945719568327102  0.00449894020103701  0.000142573715437404 
 0.200000000000000  0.0995008326392360  0.00498335415278356  0.000166250416435268 
 0.210000000000000  0.104422250091354  0.00549226946064839  0.000192406301948505 
 0.220000000000000  0.109335840739209  0.00602563521109710  0.000221163098919873 
 0.230000000000000  0.114241236784975  0.00658339804213626  0.000252642208699553 
 0.240000000000000  0.119138071113471  0.00716550214831614  0.000286964691798220 
 0.250000000000000  0.124025977322727  0.00777188928596268  0.000324251252675908 
 0.260000000000000  0.128904589754477  0.00840249877863798  0.000364622224568278 
 0.270000000000000  0.133773543524595  0.00905726752282891  0.000408197554351884 
 0.280000000000000  0.138632474553454  0.00973612999386328  0.000455096787450030 
 0.290000000000000  0.143481019596227  0.0104390182520531  0.000505439052780800 
 0.300000000000000  0.148318816273104  0.0111658619490640  0.000559343047748846 
 0.310000000000000  0.153145503099441  0.0119165883345111  0.000616927023282520 
 0.320000000000000  0.157960719515823  0.0126911222627793  0.000678308768917915 
 0.330000000000000  0.162764105918055  0.0134893862000690  0.000743605597931385 
 0.340000000000000  0.167555303687062  0.0143113002316648  0.000812934332522124 
 0.350000000000000  0.172333955218708  0.0151567820694287  0.000886411289046337 
 0.360000000000000  0.177099703953520  0.0160257470595146  0.000964152263304587 
 0.370000000000000  0.181852194406331  0.0169181081903053  0.00104627251588384 
 0.380000000000000  0.186591072195817  0.0178337761005710  0.00113288675755578 
 0.390000000000000  0.191315984073944  0.0187726590878468  0.00122410913473291 
 0.400000000000000  0.196026577955319  0.0197346631170314  0.00132005321498396 
 0.410000000000000  0.200722502946431  0.0207196918292032  0.00142083197261018 
 0.420000000000000  0.205403409374794  0.0217276465506551  0.00152655777428402 
 0.430000000000000  0.210068948817981  0.0227584263021464  0.00163734236475159 
 0.440000000000000  0.214718774132551  0.0238119278083701  0.00175329685260068 
 0.450000000000000  0.219352539482858  0.0248880455076368  0.00187453169609555 
 0.460000000000000  0.223969900369754  0.0259866715617718  0.00200115668908014 
 0.470000000000000  0.228570513659169  0.0271076958662268  0.00213328094695118 
 0.480000000000000  0.233154037610575  0.0282510060604032  0.00227101289270267 
 0.490000000000000  0.237720131905326  0.0294164875381878  0.00241446024304314 
 0.500000000000000  0.242268457674874  0.0306040234586986  0.00256372999458724 
 0.510000000000000  0.246798677528860  0.0318134947572406  0.00271892841012314 
 0.520000000000000  0.251310455583074  0.0330447801564696  0.00288016100495700 
 0.530000000000000  0.255803457487286  0.0342977561777646  0.00304753253333628 
 0.540000000000000  0.260277350452937  0.0355722971528053  0.00322114697495294 
 0.550000000000000  0.264731803280701  0.0368682752353565  0.00340110752152836 
 0.560000000000000  0.269166486387903  0.0381855604132557  0.00358751656348100 
 0.570000000000000  0.273581071835796  0.0395240205206042  0.00378047567667856 
 0.580000000000000  0.277975233356700  0.0408835212501607  0.00398008560927580 
 0.590000000000000  0.282348646380986  0.0422639261659351  0.00418644626863954 
 0.600000000000000  0.286700988063916  0.0436650967159827  0.00439965670836220 
 0.610000000000000  0.291031937312337  0.0450868922453964  0.00461981511536521 
 0.620000000000000  0.295341174811215  0.0465291700094963  0.00484701879709371 
 0.630000000000000  0.299628383050014  0.0479917851872161  0.00508136416880391 
 0.640000000000000  0.303893246348922  0.0494745908946830  0.00532294674094439 
 0.650000000000000  0.308135450884915  0.0509774381989926  0.00557186110663274 
 0.660000000000000  0.312354684717657  0.0525001761321753  0.00582820092922887 
 0.670000000000000  0.316550637815236  0.0540426517053534  0.00609205893000624 
 0.680000000000000  0.320723002079737  0.0556047099230887  0.00636352687592245 
 0.690000000000000  0.324871471372642  0.0571861937979184  0.00664269556749032 
 0.700000000000000  0.328995741540059  0.0587869443650764  0.00692965482675094 
 0.710000000000000  0.333095510437780  0.0604068006974028  0.00722449348534981 
 0.720000000000000  0.337170477956163  0.0620455999204353  0.00752729937271744 
 0.730000000000000  0.341220346044835  0.0637031772276845  0.00783815930435561 
 0.740000000000000  0.345244818737216  0.0653793658960907  0.00815715907023054 
 0.750000000000000  0.349243602174862  0.0670739973016598  0.00848438342327438 
 0.760000000000000  0.353216404631621  0.0687869009352789  0.00881991606799585 
 0.770000000000000  0.357162936537608  0.0705179044187075  0.00916383964920176 
 0.780000000000000  0.361082910502984  0.0722668335207452  0.00951623574083012 
 0.790000000000000  0.364976041341555  0.0740335121735732  0.00987718483489649 
 0.800000000000000  0.368842046094170  0.0758177624892683  0.0102467663305543 
 0.810000000000000  0.372680644051926  0.0776194047764874  0.0106250585232708 
 0.820000000000000  0.376491556779183  0.0794382575573218  0.0110121385941193 
 0.830000000000000  0.380274508136373  0.0812741375843195  0.0114080825991891 
 0.840000000000000  0.384029224302610  0.0831268598576731  0.0118129654591146 
 0.850000000000000  0.387755433798106  0.0849962376425728  0.0122268609487239 
 0.860000000000000  0.391452867506367  0.0868820824867226  0.0126498416868086 
 0.870000000000000  0.395121258696200  0.0887842042380170  0.0130819791260160 
 0.880000000000000  0.398760343043501  0.0907024110623781  0.0135233435428639 
 0.890000000000000  0.402369858652835  0.0926365094617511  0.0139740040278808 
 0.900000000000000  0.405949546078806  0.0945863042922550  0.0144340284758703 
 0.910000000000000  0.409499148347213  0.0965515987824891  0.0149034835763026 
 0.920000000000000  0.413018410975990  0.0985321945519922  0.0153824348038335 
 0.930000000000000  0.416507081995931  0.100527891629853  0.0158709464089518 
 0.940000000000000  0.419964911971188  0.102538488473468  0.0163690814087555 
 0.950000000000000  0.423391654019560  0.104563781987454  0.0168769015778603 
 0.960000000000000  0.426787063832551  0.106603567542695  0.0173944674394373 
 0.970000000000000  0.430150899695206  0.108657638995547  0.0179218382563850 
 0.980000000000000  0.433482922505721  0.110725788707173  0.0184590720226340 
 0.990000000000000  0.436782895794825  0.112807807563026  0.0190062254545859 
 1.00000000000000  0.440050585744933  0.114903484992469  0.0195633539826880 
 1.01000000000000  0.443285761209072  0.117012608988534  0.0201305117431437 
 1.02000000000000  0.446488193729561  0.119134966127808  0.0207077515697605 
 1.03000000000000  0.449657657556478  0.121270341590465  0.0212951249859359 
 1.04000000000000  0.452793929665867  0.123418519180417  0.0218926821967819 
 1.05000000000000  0.455896789777731  0.125579281345605  0.0225004720813896 
 1.06000000000000  0.458966020373766  0.127752409198412  0.0231185421852345 
 1.07000000000000  0.462001406714869  0.129937682536198  0.0237469387127229 
 1.08000000000000  0.465002736858394  0.132134879861971  0.0243857065198809 
 1.09000000000000  0.467969801675176  0.134343778405167  0.0250348891071861 
 1.10000000000000  0.470902394866293  0.136564154142558  0.0256945286125437 
 1.11000000000000  0.473800312979601  0.138795781819275  0.0263646658044070 
 1.12000000000000  0.476663355426007  0.141038434969949  0.0270453400750432 
 1.13000000000000  0.479491324495499  0.143291885939961  0.0277365894339452 
 1.14000000000000  0.482284025372924  0.145555905906813  0.0284384505013915 
 1.15000000000000  0.485041266153517  0.147830264901600  0.0291509585021516 
 1.16000000000000  0.487762857858170  0.150114731830597  0.0298741472593420 
 1.17000000000000  0.490448614448455  0.152409074496948  0.0306080491884298 
 1.18000000000000  0.493098352841385  0.154713059622461  0.0313526952913861 
 1.19000000000000  0.495711892923920  0.157026452869505  0.0321081151509906 
 1.20000000000000  0.498289057567216  0.159349018863004  0.0328743369252861 
 1.21000000000000  0.500829672640612  0.161680521212537  0.0336513873421859 
 1.22000000000000  0.503333567025362  0.164020722534523  0.0344392916942319 
 1.23000000000000  0.505800572628096  0.166369384474511  0.0352380738335072 
 1.24000000000000  0.508230524394025  0.168726267729551  0.0360477561667006 
 1.25000000000000  0.510623260319880  0.171091132070663  0.0368683596503265 
 1.26000000000000  0.512978621466590  0.173463736365391  0.0376999037860984 
 1.27000000000000  0.515296451971682  0.175843838600443  0.0385424066164578 
 1.28000000000000  0.517576599061430  0.178231195904408  0.0393958847202587 
 1.29000000000000  0.519818913062720  0.180625564570570  0.0402603532086085 
 1.30000000000000  0.522023247414660  0.183026700079780  0.0411358257208648 
 1.31000000000000  0.524189458679908  0.185434357123426  0.0420223144207904 
 1.32000000000000  0.526317406555735  0.187848289626463  0.0429198299928647 
 1.33000000000000  0.528406953884817  0.190268250770520  0.0438283816387539 
 1.34000000000000  0.530457966665748  0.192693993017083  0.0447479770739392 
 1.35000000000000  0.532470314063287  0.195125268130740  0.0456786225245040 
 1.36000000000000  0.534443868418322  0.197561827202494  0.0466203227240804 
 1.37000000000000  0.536378505257567  0.200003420673139  0.0475730809109554 
 1.38000000000000  0.538274103302976  0.202449798356703  0.0485368988253365 
 1.39000000000000  0.540130544480880  0.204900709463948  0.0495117767067782 
 1.40000000000000  0.541947713930855  0.207355902625922  0.0504977132917693 
 1.41000000000000  0.543725500014297  0.209815125917574  0.0514947058114802 
 1.42000000000000  0.545463794322732  0.212278126881423  0.0525027499896730 
 1.43000000000000  0.547162491685837  0.214744652551269  0.0535218400407717 
 1.44000000000000  0.548821490179183  0.217214449475964  0.0545519686680948 
 1.45000000000000  0.550440691131696  0.219687263743217  0.0555931270622502 
 1.46000000000000  0.552019999132841  0.222162841003458  0.0566453048996922 
 1.47000000000000  0.553559322039513  0.224640926493734  0.0577084903414410 
 1.48000000000000  0.555058570982659  0.227121265061645  0.0587826700319648 
 1.49000000000000  0.556517660373603  0.229603601189325  0.0598678290982251 
 1.50000000000000  0.557936507910100  0.232087679017448  0.0609639511488850 
 1.51000000000000  0.559315034582090  0.234573242369280  0.0620710182736802 
 1.52000000000000  0.560653164677185  0.237060034774751  0.0631890110429546 
 1.53000000000000  0.561950825785856  0.239547799494560  0.0643179085073580 
 1.54000000000000  0.563207948806340  0.242036279544309  0.0654576881977081 
 1.55000000000000  0.564424467949266  0.244525217718655  0.0666083261250165 
 1.56000000000000  0.565600320741982  0.247014356615493  0.0677697967806773 
 1.57000000000000  0.566735448032609  0.249503438660150  0.0689420731368211 
 1.58000000000000  0.567829793993799  0.251992206129602  0.0701251266468312 
 1.59000000000000  0.568883306126207  0.254480401176704  0.0713189272460247 
 1.60000000000000  0.569895935261680  0.256967765854435  0.0725234433524974 
 1.61000000000000  0.570867635566154  0.259454042140152  0.0737386418681320 
 1.62000000000000  0.571798364542261  0.261938971959850  0.0749644881797705 
 1.63000000000000  0.572688083031656  0.264422297212441  0.0762009461605503 
 1.64000000000000  0.573536755217046  0.266903759794014  0.0774479781714044 
 1.65000000000000  0.574344348623941  0.269383101622124  0.0787055450627241 
 1.66000000000000  0.575110834122102  0.271860064660058  0.0799736061761866 
 1.67000000000000  0.575836185926720  0.274334390941110  0.0812521193467451 
 1.68000000000000  0.576520381599288  0.276805822592849  0.0825410409047829 
 1.69000000000000  0.577163402048193  0.279274101861379  0.0838403256784294 
 1.70000000000000  0.577765231529023  0.281738971135589  0.0851499269960408 
 1.71000000000000  0.578325857644577  0.284200172971395  0.0864697966888422 
 1.72000000000000  0.578845271344592  0.286657450115958  0.0877998850937332 
 1.73000000000000  0.579323466925178  0.289110545531902  0.0891401410562552 
 1.74000000000000  0.579760442027971  0.291559202421498  0.0904905119337215 
 1.75000000000000  0.580156197638992  0.294003164250835  0.0918509435985088 
 1.76000000000000  0.580510738087219  0.296442174773969  0.0932213804415109 
 1.77000000000000  0.580824071042871  0.298875978057043  0.0946017653757534 
 1.78000000000000  0.581096207515410  0.301304318502382  0.0959920398401695 
 1.79000000000000  0.581327161851246  0.303726940872554  0.0973921438035369 
 1.80000000000000  0.581516951731165  0.306143590314409  0.0988020157685747 
 1.81000000000000  0.581665598167463  0.308554012383074  0.100221592776201 
 1.82000000000000  0.581773125500794  0.310957953065912  0.101650810409950 
 1.83000000000000  0.581839561396740  0.313355158806453  0.103089602800549 
 1.84000000000000  0.581864936842083  0.315745376528270  0.104537902630651 
 1.85000000000000  0.581849286140805  0.318128353658824  0.105995641139734 
 1.86000000000000  0.581792646909787  0.320503838153254  0.107462748129147 
 1.87000000000000  0.581695060074242  0.322871578518129  0.108939151967325 
 1.88000000000000  0.581556569862849  0.325231323835139  0.110424779595155 
 1.89000000000000  0.581377223802612  0.327582823784750  0.111919556531498 
 1.90000000000000  0.581157072713434  0.329925828669785  0.113423406878872 
 1.91000000000000  0.580896170702405  0.332260089438968  0.114936253329286 
 1.92000000000000  0.580594575157813  0.334585357710397  0.116458017170232 
 1.93000000000000  0.580252346742874  0.336901385794961  0.117988618290835 
 1.94000000000000  0.579869549389177  0.339207926719693  0.119527975188147 
 1.95000000000000  0.579446250289854  0.341504734251061  0.121076004973606 
 1.96000000000000  0.578982519892464  0.343791562918187  0.122632623379641 
 1.97000000000000  0.578478431891608  0.346068168036002  0.124197744766432 
 1.98000000000000  0.577934063221258  0.348334305728324  0.125771282128824 
 1.99000000000000  0.577349494046811  0.350589732950868  0.127353147103387 
 2.00000000000000  0.576724807756873  0.352834207514176  0.128943249975627 
 2.01000000000000  0.576060090954755  0.355067299027141  0.130541499687357 
 2.02000000000000  0.575355433449704  0.357289134541535  0.132147803844203 
 2.03000000000000  0.574610928247860  0.359499295648032  0.133762068723267 
 2.04000000000000  0.573826671542935  0.361697543780770  0.135384199280937 
 2.05000000000000  0.573002762706623  0.363883641341307  0.137014099160841 
 2.06000000000000  0.572139304278737  0.366057351721034  0.138651670701953 
 2.07000000000000  0.571236401957081  0.368218439323489  0.140296814946838 
 2.08000000000000  0.570294164587044  0.370366669586585  0.141949431650048 
 2.09000000000000  0.569312704150934  0.372501809004738  0.143609419286655 
 2.10000000000000  0.568292135757039  0.374623625150904  0.145276675060939 
 2.11000000000000  0.567232577628425  0.376731886698507  0.146951094915201 
 2.12000000000000  0.566134151091470  0.378826363443279  0.148632573538739 
 2.13000000000000  0.564996980564127  0.380906826324984  0.150321004376945 
 2.14000000000000  0.563821193543934  0.382973047449046  0.152016279640554 
 2.15000000000000  0.562606920595754  0.385024800108063  0.153718290315030 
 2.16000000000000  0.561354295339257  0.387061858803219  0.155426926170089 
 2.17000000000000  0.560063454436145  0.389083999265579  0.157142075769356 
 2.18000000000000  0.558734537577117  0.391090998477272  0.158863626480168 
 2.19000000000000  0.557367687468571  0.393082634692561  0.160591464483499 
 2.20000000000000  0.555963049819064  0.395058687458793  0.162325474784037 
 2.21000000000000  0.554520773325502  0.397018937637235  0.164065541220373 
 2.22000000000000  0.553041009659087  0.398963167423780  0.165811546475347 
 2.23000000000000  0.551523913451010  0.400891160369540  0.167563372086503 
 2.24000000000000  0.549969642277888  0.402802701401309  0.169320898456690 
 2.25000000000000  0.548378356646960  0.404697576841897  0.171084004864788 
 2.26000000000000  0.546750219981029  0.406575574430344  0.172852569476560 
 2.27000000000000  0.545085398603161  0.408436483341991  0.174626469355636 
 2.28000000000000  0.543384061721136  0.410280094208434  0.176405580474622 
 2.29000000000000  0.541646381411655  0.412106199137327  0.178189777726331 
 2.30000000000000  0.539872532604314  0.413914591732062  0.179978934935148 
 2.31000000000000  0.538062693065320  0.415705067111307  0.181772924868505 
 2.32000000000000  0.536217043380986  0.417477421928402  0.183571619248491 
 2.33000000000000  0.534335766940976  0.419231454390615  0.185374888763577 
 2.34000000000000  0.532419049921319  0.420966964278257  0.187182603080458 
 2.35000000000000  0.530467081267189  0.422683752963648  0.188994630856025 
 2.36000000000000  0.528480052675448  0.424381623429940  0.190810839749441 
 2.37000000000000  0.526458158576961  0.426060380289789  0.192631096434343 
 2.38000000000000  0.524401596118684  0.427719829803877  0.194455266611158 
 2.39000000000000  0.522310565145516  0.429359779899283  0.196283215019531 
 2.40000000000000  0.520185268181931  0.430980040187699  0.198114805450867 
 2.41000000000000  0.518025910413385  0.432580421983491  0.199949900760986 
 2.42000000000000  0.515832699667498  0.434160738321605  0.201788362882890 
 2.43000000000000  0.513605846395011  0.435720803975312  0.203630052839632 
 2.44000000000000  0.511345563650537  0.437260435473791  0.205474830757305 
 2.45000000000000  0.509052067073075  0.438779451119554  0.207322555878126 
 2.46000000000000  0.506725574866327  0.440277671005706  0.209173086573637 
 2.47000000000000  0.504366307778784  0.441754917033039  0.211026280358000 
 2.48000000000000  0.501974489083616  0.443211012926956  0.212881993901404 
 2.49000000000000  0.499550344558338  0.444645784254235  0.214740083043567 
 2.50000000000000  0.497094102464274  0.446059058439617  0.216600402807342 
 2.51000000000000  0.494605993525813  0.447450664782221  0.218462807412424 
 2.52000000000000  0.492086250909461  0.448820434471789  0.220327150289151 
 2.53000000000000  0.489535110202689  0.450168200604762  0.222193284092401 
 2.54000000000000  0.486952809392581  0.451493798200167  0.224061060715594 
 2.55000000000000  0.484339588844281  0.452797064215336  0.225930331304770 
 2.56000000000000  0.481695691279246  0.454077837561445  0.227800946272779 
 2.57000000000000  0.479021361753300  0.455335959118872  0.229672755313549 
 2.58000000000000  0.476316847634502  0.456571271752371  0.231545607416447 
 2.59000000000000  0.473582398580812  0.457783620326065  0.233419350880733 
 2.60000000000000  0.470818266517579  0.458972851718253  0.235293833330094 
 2.61000000000000  0.468024705614834  0.460138814836034  0.237168901727267 
 2.62000000000000  0.465201972264406  0.461281360629741  0.239044402388749 
 2.63000000000000  0.462350325056846  0.462400342107187  0.240920180999583 
 2.64000000000000  0.459470024758176  0.463495614347720  0.242796082628230 
 2.65000000000000  0.456561334286460  0.464567034516090  0.244671951741522 
 2.66000000000000  0.453624518688197  0.465614461876121  0.246547632219688 
 2.67000000000000  0.450659845114536  0.466637757804186  0.248422967371460 
 2.68000000000000  0.447667582797327  0.467636785802497  0.250297799949259 
 2.69000000000000  0.444648003024996  0.468611411512186  0.252171972164443 
 2.70000000000000  0.441601379118253  0.469561502726199  0.254045325702642 
 2.71000000000000  0.438527986405635  0.470486929401986  0.255917701739152 
 2.72000000000000  0.435428102198886  0.471387563673990  0.257788940954404 
 2.73000000000000  0.432302005768178  0.472263279865940  0.259658883549503 
 2.74000000000000  0.429149978317168  0.473113954502941  0.261527369261825 
 2.75000000000000  0.425972302957902  0.473939466323352  0.263394237380691 
 2.76000000000000  0.422769264685565  0.474739696290473  0.265259326763092 
 2.77000000000000  0.419541150353077  0.475514527604019  0.267122475849485 
 2.78000000000000  0.416288248645539  0.476263845711385  0.268983522679646 
 2.79000000000000  0.413010850054537  0.476987538318712  0.270842304908577 
 2.80000000000000  0.409709246852289  0.477685495401736  0.272698659822482 
 2.81000000000000  0.406383733065665  0.478357609216434  0.274552424354785 
 2.82000000000000  0.403034604450054  0.479003774309453  0.276403435102211 
 2.83000000000000  0.399662158463096  0.479623887528333  0.278251528340915 
 2.84000000000000  0.396266694238286  0.480217848031517  0.280096540042668 
 2.85000000000000  0.392848512558430  0.480785557298144  0.281938305891080 
 2.86000000000000  0.389407915828985  0.481326919137630  0.283776661297888 
 2.87000000000000  0.385945208051260  0.481841839699036  0.285611441419270 
 2.88000000000000  0.382460694795496  0.482330227480215  0.287442481172225 
 2.89000000000000  0.378954683173825  0.482791993336747  0.289269615250973 
 2.90000000000000  0.375427481813096  0.483227050490655  0.291092678143419 
 2.91000000000000  0.371879400827598  0.483635314538898  0.292911504147638 
 2.92000000000000  0.368310751791654  0.484016703461654  0.294725927388409 
 2.93000000000000  0.364721847712108  0.484371137630374  0.296535781833781 
 2.94000000000000  0.361113003000701  0.484698539815619  0.298340901311672 
 2.95000000000000  0.357484533446329  0.484998835194676  0.300141119526509 
 2.96000000000000  0.353836756187210  0.485271951358955  0.301936270075891 
 2.97000000000000  0.350169989682930  0.485517818321152  0.303726186467281 
 2.98000000000000  0.346484553686406  0.485736368522201  0.305510702134739 
 2.99000000000000  0.342780769215731  0.485927536837997  0.307289650455662 
 3.00000000000000  0.339058958525936  0.486091260585891  0.309062864767568 
 3.01000000000000  0.335319445080658  0.486227479530965  0.310830029379096 
 3.02000000000000  0.331562553523706  0.486336135892079  0.312591268849909 
 3.03000000000000  0.327788609650549  0.486417174347689  0.314346273976762 
 3.04000000000000  0.323997940379717  0.486470542041442  0.316094878095864 
 3.05000000000000  0.320190873724111  0.486496188587543  0.317836914587421 
 3.06000000000000  0.316367738762237  0.486494066075889  0.319572216892520 
 3.07000000000000  0.312528865609366  0.486464129076983  0.321300618530026 
 3.08000000000000  0.308674585388609  0.486406334646611  0.323021953113483 
 3.09000000000000  0.304805230201926  0.486320642330294  0.324736054368034 
 3.10000000000000  0.300921133101058  0.486207014167509  0.326442756147341 
 3.11000000000000  0.297022628058399  0.486065414695681  0.328141892450516 
 3.12000000000000  0.293110049937798  0.485895810953944  0.329833297439054 
 3.13000000000000  0.289183734465293  0.485698172486670  0.331516805453773 
 3.14000000000000  0.285244018199799  0.485472471346766  0.333192251031750 
 3.15000000000000  0.281291238503721  0.485218682098747  0.334859468923258 
 3.16000000000000  0.277325733513527  0.484936781821563  0.336518294108705 
 3.17000000000000  0.273347842110259  0.484626750111212  0.338168561815560 
 3.18000000000000  0.269357903890001  0.484288569083105  0.339810107535288 
 3.19000000000000  0.265356259134292  0.483922223374205  0.341442767040260 
 3.20000000000000  0.261343248780505  0.483527700144938  0.343066376400668 
 3.21000000000000  0.257319214392174  0.483104989080864  0.344680772001426 
 3.22000000000000  0.253284498129290  0.482654082394115  0.346285790559051 
 3.23000000000000  0.249239442718556  0.482174974824607  0.347881269138543 
 3.24000000000000  0.245184391423606  0.481667663641014  0.349467045170238 
 3.25000000000000  0.241119688015204  0.481132148641506  0.351042956466650 
 3.26000000000000  0.237045676741397  0.480568432154262  0.352608841239292 
 3.27000000000000  0.232962702297662  0.479976519037739  0.354164538115475 
 3.28000000000000  0.228871109797009  0.479356416680720  0.355709886155088 
 3.29000000000000  0.224771244740085  0.478708135002116  0.357244724867351 
 3.30000000000000  0.220663452985241  0.478031686450546  0.358768894227542 
 3.31000000000000  0.216548080718597  0.477327086003674  0.360282234693699 
 3.32000000000000  0.212425474424087  0.476594351167323  0.361784587223290 
 3.33000000000000  0.208295980853500  0.475833501974344  0.363275793289856 
 3.34000000000000  0.204159946996507  0.475044560983263  0.364755694899615 
 3.35000000000000  0.200017720050690  0.474227553276688  0.366224134608042 
 3.36000000000000  0.195869647391564  0.473382506459491  0.367680955536401 
 3.37000000000000  0.191716076542604  0.472509450656745  0.369126001388250 
 3.38000000000000  0.187557355145274  0.471608418511440  0.370559116465898 
 3.39000000000000  0.183393830929057  0.470679445181967  0.371980145686832 
 3.40000000000000  0.179225851681507  0.469722568339358  0.373388934600090 
 3.41000000000000  0.175053765218294  0.468737828164310  0.374785329402597 
 3.42000000000000  0.170877919353282  0.467725267343967  0.376169176955452 
 3.43000000000000  0.166698661868606  0.466684931068477  0.377540324800172 
 3.44000000000000  0.162516340484786  0.465616867027314  0.378898621174882 
 3.45000000000000  0.158331302830846  0.464521125405372  0.380243915030455 
 3.46000000000000  0.154143896414473  0.463397758878830  0.381576056046601 
 3.47000000000000  0.149954468592191  0.462246822610785  0.382894894647907 
 3.48000000000000  0.145763366539570  0.461068374246659  0.384200282019808 
 3.49000000000000  0.141570937221473  0.459862473909376  0.385492070124516 
 3.50000000000000  0.137377527362327  0.458629184194307  0.386770111716881 
 3.51000000000000  0.133183483416441  0.457368570163997  0.388034260360193 
 3.52000000000000  0.128989151538360  0.456080699342650  0.389284370441924 
 3.53000000000000  0.124794877553265  0.454765641710407  0.390520297189407 
 3.54000000000000  0.120601006927413  0.453423469697377  0.391741896685443 
 3.55000000000000  0.116407884738634  0.452054258177457  0.392949025883853 
 3.56000000000000  0.112215855646872  0.450658084461924  0.394141542624953 
 3.57000000000000  0.108025263864781  0.449235028292795  0.395319305650955 
 3.58000000000000  0.103836453128382  0.447785171835977  0.396482174621314 
 3.59000000000000  0.0996497666677660  0.446308599674181  0.397630010127979 
 3.60000000000000  0.0954655471778763  0.444805398799618  0.398762673710588 
 3.61000000000000  0.0912841367893394  0.443275658606479  0.399880027871579 
 3.62000000000000  0.0871058770393692  0.441719470883185  0.400981936091222 
 3.63000000000000  0.0829311088427394  0.440136929804422  0.402068262842574 
 3.64000000000000  0.0787601724628267  0.438528131922955  0.403138873606355 
 3.65000000000000  0.0745934074827281  0.436893176161224  0.404193634885737 
 3.66000000000000  0.0704311527764551  0.435232163802721  0.405232414221054 
 3.67000000000000  0.0662737464802072  0.433545198483150  0.406255080204425 
 3.68000000000000  0.0621215259637256  0.431832386181372  0.407261502494287 
 3.69000000000000  0.0579748278017339  0.430093835210132  0.408251551829846 
 3.70000000000000  0.0538339877454617  0.428329656206576  0.409225100045431 
 3.71000000000000  0.0496993406942614  0.426539962122546  0.410182020084764 
 3.72000000000000  0.0455712206673119  0.424724868214673  0.411122186015132 
 3.73000000000000  0.0414499607754226  0.422884492034249  0.412045473041466 
 3.74000000000000  0.0373358931929265  0.421018953416892  0.412951757520327 
 3.75000000000000  0.0332293491296796  0.419128374472003  0.413840916973791 
 3.76000000000000  0.0291306588031560  0.417212879572009  0.414712830103236 
 3.77000000000000  0.0250401514106512  0.415272595341401  0.415567376803037 
 3.78000000000000  0.0209581551015879  0.413307650645566  0.416404438174143 
 3.79000000000000  0.0168849969499346  0.411318176579413  0.417223896537573 
 3.80000000000000  0.0128210029267315  0.409304306455791  0.418025635447786 
 3.81000000000000  0.00876649787273319  0.407266175793706  0.418809539705961 
 3.82000000000000  0.00472180547116449  0.405203922306335  0.419575495373165 
 3.83000000000000  0.000687248220597050  0.403117685888838  0.420323389783411 
 3.84000000000000  0.00333685259205541  0.401007608605972  0.421053111556610 
 3.85000000000000  0.00735017691841706  0.398873834679502  0.421764550611406 
 3.86000000000000  0.0113524059754060  0.396716510475416  0.422457598177909 
 3.87000000000000  0.0153432222718622  0.394535784490941  0.423132146810303 
 3.88000000000000  0.0193223096350447  0.392331807341371  0.423788090399345 
 3.89000000000000  0.0232893532369973  0.390104731746690  0.424425324184751 
 3.90000000000000  0.0272440396207800  0.387854712518009  0.425043744767456 
 3.91000000000000  0.0311860567265623  0.385581906543808  0.425643250121762 
 3.92000000000000  0.0351150939175782  0.383286472775990  0.426223739607364 
 3.93000000000000  0.0390308420059412  0.380968572215743  0.426785113981252 
 3.94000000000000  0.0429329932783116  0.378628367899216  0.427327275409496 
 3.95000000000000  0.0468212415214233  0.376266024883009  0.427850127478901 
 3.96000000000000  0.0506952820474585  0.373881710229474  0.428353575208543 
 3.97000000000000  0.0545548117192741  0.371475592991836  0.428837525061174 
 3.98000000000000  0.0583995289754749  0.369047844199131  0.429301884954501 
 3.99000000000000  0.0622291338553328  0.366598636840962  0.429746564272337 
 4.00000000000000  0.0660433280235491  0.364128145852073  0.430171473875622 
 4.01000000000000  0.0698418147948583  0.361636548096751  0.430576526113313 
 4.02000000000000  0.0736242991584700  0.359124022353045  0.430961634833142 
 4.03000000000000  0.0773904878023482  0.356590749296815  0.431326715392239 
 4.04000000000000  0.0811400891373260  0.354036911485602  0.431671684667625 
 4.05000000000000  0.0848728133210534  0.351462693342329  0.431996461066564 
 4.06000000000000  0.0885883722817738  0.348868281138832  0.432300964536780 
 4.07000000000000  0.0922864797419310  0.346253862979217  0.432585116576542 
 4.08000000000000  0.0959668512416026  0.343619628783057  0.432848840244599 
 4.09000000000000  0.0996292041617580  0.340965770268416  0.433092060169989 
 4.10000000000000  0.103273257747339  0.338292480934713  0.433314702561693 
 4.11000000000000  0.106898733130159  0.335599956045417  0.433516695218157 
 4.12000000000000  0.110505353351627  0.332888392610592  0.433697967536668 
 4.13000000000000  0.114092843385281  0.330157989369267  0.433858450522585 
 4.14000000000000  0.117660930159140  0.327408946771663  0.433998076798428 
 4.15000000000000  0.121209342577872  0.324641466961254  0.434116780612815 
 4.16000000000000  0.124737811544764  0.321855753756676  0.434214497849260 
 4.17000000000000  0.128246069983513  0.319052012633484  0.434291166034817 
 4.18000000000000  0.131733852859814  0.316230450705757  0.434346724348577 
 4.19000000000000  0.135200897202761  0.313391276707551  0.434381113630018 
 4.20000000000000  0.138646942126046  0.310534700974212  0.434394276387201 
 4.21000000000000  0.142071728848965  0.307660935423531  0.434386156804814 
 4.22000000000000  0.145475000717219  0.304770193536763  0.434356700752066 
 4.23000000000000  0.148856503223521  0.301862690339504  0.434305855790428 
 4.24000000000000  0.152215984027989  0.298938642382422  0.434233571181217 
 4.25000000000000  0.155553192978343  0.295998267721852  0.434139797893027 
 4.26000000000000  0.158867882129892  0.293041785900252  0.434024488609002 
 4.27000000000000  0.162159805765314  0.290069417926529  0.433887597733959 
 4.28000000000000  0.165428720414220  0.287081386256222  0.433729081401343 
 4.29000000000000  0.168674384872515  0.284077914771563  0.433548897480032 
 4.30000000000000  0.171896560221540  0.281059228761400  0.433347005580982 
 4.31000000000000  0.175095009847002  0.278025554901000  0.433123367063708 
 4.32000000000000  0.178269499457682  0.274977121231718  0.432877945042606 
 4.33000000000000  0.181419797103932  0.271914157140548  0.432610704393122 
 4.34000000000000  0.184545673195951  0.268836893339545  0.432321611757744 
 4.35000000000000  0.187646900521832  0.265745561845137  0.432010635551844 
 4.36000000000000  0.190723254265399  0.262640395957307  0.431677745969350 
 4.37000000000000  0.193774512023809  0.259521630238664  0.431322914988261 
 4.38000000000000  0.196800453824935  0.256389500493402  0.430946116375987 
 4.39000000000000  0.199800862144515  0.253244243746143  0.430547325694532 
 4.40000000000000  0.202775521923087  0.250086098220664  0.430126520305509 
 4.41000000000000  0.205724220582671  0.246915303318530  0.429683679374989 
 4.42000000000000  0.208646748043246  0.243732099597604  0.429218783878181 
 4.43000000000000  0.211542896738971  0.240536728750461  0.428731816603947 
 4.44000000000000  0.214412461634191  0.237329433582702  0.428222762159147 
 4.45000000000000  0.217255240239192  0.234110457991158  0.427691606972817 
 4.46000000000000  0.220071032625734  0.230880046942002  0.427138339300175 
 4.47000000000000  0.222859641442333  0.227638446448763  0.426562949226461 
 4.48000000000000  0.225620871929314  0.224385903550247  0.425965428670605 
 4.49000000000000  0.228354531933618  0.221122666288359  0.425345771388727 
 4.50000000000000  0.231060431923371  0.217848983685846  0.424703972977456 
 4.51000000000000  0.233738385002207  0.214565105723935  0.424040030877093 
 4.52000000000000  0.236388206923351  0.211271283319903  0.423353944374592 
 4.53000000000000  0.239009716103453  0.207967768304551  0.422645714606368 
 4.54000000000000  0.241602733636183  0.204654813399598  0.421915344560939 
 4.55000000000000  0.244167083305566  0.201332672194996  0.421162839081386 
 4.56000000000000  0.246702591599085  0.198001599126166  0.420388204867652 
 4.57000000000000  0.249209087720524  0.194661849451162  0.419591450478653 
 4.58000000000000  0.251686403602561  0.191313679227755  0.418772586334225 
 4.59000000000000  0.254134373919117  0.187957345290449  0.417931624716893 
 4.60000000000000  0.256552836097445  0.184593105227426  0.417068579773467 
 4.61000000000000  0.258941630329970  0.181221217357430  0.416183467516460 
 4.62000000000000  0.261300599585876  0.177841940706572  0.415276305825332 
 4.63000000000000  0.263629589622434  0.174455534985087  0.414347114447563 
 4.64000000000000  0.265928448996077  0.171062260564020  0.413395914999543 
 4.65000000000000  0.268197029073219  0.167662378451859  0.412422730967291 
 4.66000000000000  0.270435184040812  0.164256150271106  0.411427587706997 
 4.67000000000000  0.272642770916652  0.160843838234798  0.410410512445387 
 4.68000000000000  0.274819649559422  0.157425705122976  0.409371534279914 
 4.69000000000000  0.276965682678469  0.154002014259100  0.408310684178767 
 4.70000000000000  0.279080735843335  0.150573029486418  0.407227994980713 
 4.71000000000000  0.281164677493012  0.147139015144295  0.406123501394749 
 4.72000000000000  0.283217378944945  0.143700236044484  0.404997239999592 
 4.73000000000000  0.285238714403764  0.140256957447372  0.403849249242979 
 4.74000000000000  0.287228560969765  0.136809445038178  0.402679569440801 
 4.75000000000000  0.289186798647110  0.133357964903117  0.401488242776051 
 4.76000000000000  0.291113310351783  0.129902783505523  0.400275313297600 
 4.77000000000000  0.293007981919258  0.126444167661952  0.399040826918798 
 4.78000000000000  0.294870702111925  0.122982384518240  0.397784831415892 
 4.79000000000000  0.296701362626229  0.119517701525549  0.396507376426269 
 4.80000000000000  0.298499858099558  0.116050386416368  0.395208513446531 
 4.81000000000000  0.300266086116855  0.112580707180509  0.393888295830376 
 4.82000000000000  0.301999947216965  0.109108932041071  0.392546778786319 
 4.83000000000000  0.303701344898718  0.105635329430386  0.391184019375228 
 4.84000000000000  0.305370185626732  0.102160167965950  0.389800076507682 
 4.85000000000000  0.307006378836966  0.0986837164263375  0.388395010941162 
 4.86000000000000  0.308609836941984  0.0952062437271076  0.386968885277052 
 4.87000000000000  0.310180475335965  0.0917280188966927  0.385521763957478 
 4.88000000000000  0.311718212399434  0.0882493110522855  0.384053713261963 
 4.89000000000000  0.313222969503728  0.0847703893757167  0.382564801303905 
 4.90000000000000  0.314694671015191  0.0812915230893300  0.381055098026889 
 4.91000000000000  0.316133244299095  0.0778129814318581  0.379524675200812 
 4.92000000000000  0.317538619723297  0.0743350336342934  0.377973606417844 
 4.93000000000000  0.318910730661618  0.0708579488957689  0.376401967088206 
 4.94000000000000  0.320249513496959  0.0673819963594391  0.374809834435777 
 4.95000000000000  0.321554907624138  0.0639074450883725  0.373197287493529 
 4.96000000000000  0.322826855452459  0.0604345640414490  0.371564407098788 
 4.97000000000000  0.324065302408014  0.0569636220492750  0.369911275888316 
 4.98000000000000  0.325270196935708  0.0534948877901071  0.368237978293224 
 4.99000000000000  0.326441490501016  0.0500286297657972  0.366544600533719 
 5.00000000000000  0.327579137591465  0.0465651162777522  0.364831230613667 
 5.01000000000000  0.328683095717850  0.0431046154029170  0.363097958314989 
 5.02000000000000  0.329753325415174  0.0396473949697790  0.361344875191891 
 5.03000000000000  0.330789790243322  0.0361937225344005  0.359572074564913 
 5.04000000000000  0.331792456787458  0.0327438653564742  0.357779651514819 
 5.05000000000000  0.332761294658156  0.0292980903754128  0.355967702876305 
 5.06000000000000  0.333696276491257  0.0258566641864673  0.354136327231547 
 5.07000000000000  0.334597377947458  0.0224198530168824  0.352285624903578 
 5.08000000000000  0.335464577711628  0.0189879227020846  0.350415697949490 
 5.09000000000000  0.336297857491857  0.0155611386619113  0.348526650153477 
 5.10000000000000  0.337097202018232  0.0121397658768800  0.346618587019706 
 5.11000000000000  0.337862599041345  0.00872406886450117  0.344691615765025 
 5.12000000000000  0.338594039330532  0.00531431165563298  0.342745845311495 
 5.13000000000000  0.339291516671840  0.00191075777088742  0.340781386278769 
 5.14000000000000  0.339955027865730  0.00148632980291688  0.338798350976301 
 5.15000000000000  0.340584572724511  0.00487668863625026  0.336796853395384 
 5.16000000000000  0.341180154069497  0.00826005688031116  0.334777009201039 
 5.17000000000000  0.341741777727912  0.0116361732904140  0.332738935723723 
 5.18000000000000  0.342269452529516  0.0150047772493153  0.330682751950894 
 5.19000000000000  0.342763190302968  0.0183656087904811  0.328608578518396 
 5.20000000000000  0.343223005871922  0.0217184086212912  0.326516537701698 
 5.21000000000000  0.343648917050862  0.0250629181461810  0.324406753406961 
 5.22000000000000  0.344040944640666  0.0283988794897150  0.322279351161958 
 5.23000000000000  0.344399112423908  0.0317260355195919  0.320134458106820 
 5.24000000000000  0.344723447159893  0.0350441298695784  0.317972202984642 
 5.25000000000000  0.345013978579438  0.0383529069623726  0.315792716131916 
 5.26000000000000  0.345270739379378  0.0416521120323899  0.313596129468815 
 5.27000000000000  0.345493765216819  0.0449414911484722  0.311382576489326 
 5.28000000000000  0.345683094703125  0.0482207912365185  0.309152192251217 
 5.29000000000000  0.345838769397646  0.0514897601020347  0.306905113365862 
 5.30000000000000  0.345960833801186  0.0547481464525993  0.304641477987904 
 5.31000000000000  0.346049335349212  0.0579956999202440  0.302361425804772 
 5.32000000000000  0.346104324404803  0.0612321710837463  0.300065098026047 
 5.33000000000000  0.346125854251345  0.0644573114908343  0.297752637372670 
 5.34000000000000  0.346113981084963  0.0676708736802985  0.295424188066013 
 5.35000000000000  0.346068764006705  0.0708726112040105  0.293079895816790 
 5.36000000000000  0.345990265014463  0.0740622786488455  0.290719907813832 
 5.37000000000000  0.345878548994647  0.0772396316585095  0.288344372712703 
 5.38000000000000  0.345733683713599  0.0804044269552647  0.285953440624183 
 5.39000000000000  0.345555739808762  0.0835564223615539  0.283547263102599 
 5.40000000000000  0.345344790779586  0.0866953768215222  0.281125993134014 
 5.41000000000000  0.345100912978201  0.0898210504224317  0.278689785124277 
 5.42000000000000  0.344824185599821  0.0929332044159710  0.276238794886928 
 5.43000000000000  0.344514690672916  0.0960316012394534  0.273773179630962 
 5.44000000000000  0.344172513049127  0.0991160045369051  0.271293097948461 
 5.45000000000000  0.343797740392935  0.102186179180038  0.268798709802081 
 5.46000000000000  0.343390463171092  0.105241891289110  0.266290176512403 
 5.47000000000000  0.342950774641800  0.108282908253669  0.263767660745150 
 5.48000000000000  0.342478770843651  0.111308998753172  0.261231326498270 
 5.49000000000000  0.341974550584325  0.114319932777490  0.258681339088886 
 5.50000000000000  0.341438215429043  0.117315481647287  0.256117865140107 
 5.51000000000000  0.340869869688791  0.120295418034277  0.253541072567718 
 5.52000000000000  0.340269620408290  0.123259515981350  0.250951130566732 
 5.53000000000000  0.339637577353745  0.126207550922571  0.248348209597817 
 5.54000000000000  0.338973853000351  0.129139299703056  0.245732481373595 
 5.55000000000000  0.338278562519557  0.132054540598707  0.243104118844814 
 5.56000000000000  0.337551823766115  0.134953053335814  0.240463296186393 
 5.57000000000000  0.336793757264879  0.137834619110531  0.237810188783349 
 5.58000000000000  0.336004486197382  0.140699020608201  0.235144973216593 
 5.59000000000000  0.335184136388189  0.143546042022554  0.232467827248615 
 5.60000000000000  0.334332836291007  0.146375469074760  0.229778929809036 
 5.61000000000000  0.333450716974587  0.149187089032333  0.227078460980054 
 5.62000000000000  0.332537912108384  0.151980690727902  0.224366601981764 
 5.63000000000000  0.331594557948008  0.154756064577829  0.221643535157365 
 5.64000000000000  0.330620793320440  0.157513002600683  0.218909443958253 
 5.65000000000000  0.329616759609039  0.160251298435559  0.216164512928998 
 5.66000000000000  0.328582600738325  0.162970747360253  0.213408927692210 
 5.67000000000000  0.327518463158537  0.165671146309281  0.210642874933295 
 5.68000000000000  0.326424495829993  0.168352293891745  0.207866542385102 
 5.69000000000000  0.325300850207215  0.171013990409040  0.205080118812459 
 5.70000000000000  0.324147680222856  0.173656037872408  0.202283793996605 
 5.71000000000000  0.322965142271412  0.176278240020330  0.199477758719517 
 5.72000000000000  0.321753395192718  0.178880402335759  0.196662204748131 
 5.73000000000000  0.320512600255245  0.181462332063190  0.193837324818463 
 5.74000000000000  0.319242921139185  0.184023838225565  0.191003312619627 
 5.75000000000000  0.317944523919333  0.186564731641017  0.188160362777756 
 5.76000000000000  0.316617577047766  0.189084824939442  0.185308670839821 
 5.77000000000000  0.315262251336322  0.191583932578906  0.182448433257358 
 5.78000000000000  0.313878719938875  0.194061870861883  0.179579847370098 
 5.79000000000000  0.312467158333417  0.196518457951318  0.176703111389502 
 5.80000000000000  0.311027744303942  0.198953513886520  0.173818424382204 
 5.81000000000000  0.309560657922137  0.201366860598884  0.170925986253369 
 5.82000000000000  0.308066081528874  0.203758321927429  0.168025997729953 
 5.83000000000000  0.306544199715523  0.206127723634167  0.165118660343882 
 5.84000000000000  0.304995199305065  0.208474893419291  0.162204176415140 
 5.85000000000000  0.303419269333025  0.210799660936183  0.159282749034781 
 5.86000000000000  0.301816601028216  0.213101857806242  0.156354582047846 
 5.87000000000000  0.300187387793299  0.215381317633526  0.153419880036212 
 5.88000000000000  0.298531825185169  0.217637876019218  0.150478848301347 
 5.89000000000000  0.296850110895148  0.219871370575900  0.147531692846999 
 5.90000000000000  0.295142444729016  0.222081640941642  0.144578620361801 
 5.91000000000000  0.293409028586854  0.224268528793906  0.141619838201808 
 5.92000000000000  0.291650066442717  0.226431877863261  0.138655554372946 
 5.93000000000000  0.289865764324141  0.228571533946907  0.135685977513412 
 5.94000000000000  0.288056330291469  0.230687344922005  0.132711316875977 
 5.95000000000000  0.286221974417019  0.232779160758822  0.129731782310249 
 5.96000000000000  0.284362908764083  0.234846833533673  0.126747584244839 
 5.97000000000000  0.282479347365759  0.236890217441680  0.123758933669491 
 5.98000000000000  0.280571506203625  0.238909168809322  0.120766042117122 
 5.99000000000000  0.278639603186253  0.240903546106797  0.117769121645821 
 6.00000000000000  0.276683858127566  0.242873209960185  0.114768384820775 
 6.01000000000000  0.274704492725033  0.244818023163411  0.111764044696140 
 6.02000000000000  0.272701730537720  0.246737850690004  0.108756314796854 
 6.03000000000000  0.270675796964186  0.248632559704660  0.105745409100399 
 6.04000000000000  0.268626919220223  0.250502019574601  0.102731542018501 
 6.05000000000000  0.266555326316461  0.252346101880730  0.0997149283787876 
 6.06000000000000  0.264461249035816  0.254164680428586  0.0966957834063868 
 6.07000000000000  0.262344919910808  0.255957631259082  0.0936743227054825 
 6.08000000000000  0.260206573200724  0.257724832659054  0.0906507622408207 
 6.09000000000000  0.258046444868654  0.259466165171588  0.0876253183191710 
 6.10000000000000  0.255864772558383  0.261181511606148  0.0845982075707450 
 6.11000000000000  0.253661795571157  0.262870757048491  0.0815696469305732 
 6.12000000000000  0.251437754842306  0.264533788870374  0.0785398536198395 
 6.13000000000000  0.249192892917750  0.266170496739048  0.0755090451271802 
 6.14000000000000  0.246927453930365  0.267780772626544  0.0724774391899450 
 6.15000000000000  0.244641683576234  0.269364510818747  0.0694452537754232 
 6.16000000000000  0.242335829090770  0.270921607924249  0.0664127070620371 
 6.17000000000000  0.240010139224717  0.272451962883001  0.0633800174205024 
 6.18000000000000  0.237664864220037  0.273955476974740  0.0603474033949621 
 6.19000000000000  0.235300255785676  0.275432053827205  0.0573150836840894 
 6.20000000000000  0.232916567073223  0.276881599424137  0.0542832771221662 
 6.21000000000000  0.230514052652447  0.278304022113062  0.0512522026601361 
 6.22000000000000  0.228092968486735  0.279699232612855  0.0482220793466351 
 6.23000000000000  0.225653571908418  0.281067144021090  0.0451931263090020 
 6.24000000000000  0.223196121593992  0.282407671821165  0.0421655627342701 
 6.25000000000000  0.220720877539237  0.283720733889217  0.0391396078501386 
 6.26000000000000  0.218228101034241  0.285006250500805  0.0361154809059317 
 6.27000000000000  0.215718054638317  0.286264144337385  0.0330934011535420 
 6.28000000000000  0.213191002154833  0.287494340492557  0.0300735878283638 
 6.29000000000000  0.210647208605945  0.288696766478090  0.0270562601302126 
 6.30000000000000  0.208086940207242  0.289871352229728  0.0240416372042403 
 6.31000000000000  0.205510464342299  0.291018030112775  0.0210299381218393 
 6.32000000000000  0.202918049537148  0.292136734927450  0.0180213818615467 
 6.33000000000000  0.200309965434666  0.293227403914028  0.0150161872899405 
 6.34000000000000  0.197686482768875  0.294289976757747  0.0120145731425366 
 6.35000000000000  0.195047873339177  0.295324395593503  0.00901675800468668 
 6.36000000000000  0.192394409984495  0.296330605010308  0.00602296029247784 
 6.37000000000000  0.189726366557359  0.297308552055531  0.00303339823363494 
 6.38000000000000  0.187044017897905  0.298258186238912  4.82898484300553e-05 
 6.39000000000000  0.184347639807814  0.299179459536350  0.00293214706940076 
 6.40000000000000  0.181637509024183  0.300072326393464  0.00590769497173177 
 6.41000000000000  0.178913903193331  0.300936743728928  0.00887813657511038 
 6.42000000000000  0.176177100844543  0.301772670937583  0.0118432548798083 
 6.43000000000000  0.173427381363753  0.302580069893320  0.0148028331888562 
 6.44000000000000  0.170665024967179  0.303358904951732  0.0177566551270638 
 6.45000000000000  0.167890312674894  0.304109142952547  0.0207045046600191 
 6.46000000000000  0.165103526284345  0.304830753221829  0.0236461661130722 
 6.47000000000000  0.162304948343835  0.305523707573951  0.0265814241902922 
 6.48000000000000  0.159494862125943  0.306187980313343  0.0295100639934050 
 6.49000000000000  0.156673551600908  0.306823548236011  0.0324318710407011 
 6.50000000000000  0.153841301409972  0.307430390630828  0.0353466312859226 
 6.51000000000000  0.150998396838676  0.308008489280600  0.0382541311371150 
 6.52000000000000  0.148145123790129  0.308557828462898  0.0411541574754527 
 6.53000000000000  0.145281768758234  0.309078394950671  0.0440464976740298 
 6.54000000000000  0.142408618800888  0.309570178012624  0.0469309396166186 
 6.55000000000000  0.139525961513148  0.310033169413370  0.0498072717163908 
 6.56000000000000  0.136634085000372  0.310467363413357  0.0526752829346016 
 6.57000000000000  0.133733277851338  0.310872756768564  0.0555347627992337 
 6.58000000000000  0.130823829111334  0.311249348729970  0.0583855014236024 
 6.59000000000000  0.127906028255235  0.311597141042798  0.0612272895249152 
 6.60000000000000  0.124980165160563  0.311916137945529  0.0640599184427876 
 6.61000000000000  0.122046530080526  0.312206346168689  0.0668831801577127 
 6.62000000000000  0.119105413617047  0.312467774933410  0.0696968673094842 
 6.63000000000000  0.116157106693794  0.312700435949763  0.0725007732155659 
 6.64000000000000  0.113201900529181  0.312904343414868  0.0752946918894140 
 6.65000000000000  0.110240086609391  0.313079514010771  0.0780784180587418 
 6.66000000000000  0.107271956661371  0.313225966902098  0.0808517471837331 
 6.67000000000000  0.104297802625846  0.313343723733489  0.0836144754751968 
 6.68000000000000  0.101317916630328  0.313432808626796  0.0863663999126633 
 6.69000000000000  0.0983325909621295  0.313493248178062  0.0891073182624216 
 6.70000000000000  0.0953421180413864  0.313525071454273  0.0918370290954932 
 6.71000000000000  0.0923467903940926  0.313528309989891  0.0945553318055440 
 6.72000000000000  0.0893469006251446  0.313502997783149  0.0972620266267299 
 6.73000000000000  0.0863427413914015  0.313449171292141  0.0999569146514759 
 6.74000000000000  0.0833346053747654  0.313366869430673  0.102639797848186 
 6.75000000000000  0.0803227852552772  0.313256133563898  0.105310479078885 
 6.76000000000000  0.0773075736842388  0.313117007503727  0.107968762116783 
 6.77000000000000  0.0742892632573578  0.312949537504021  0.110614451663777 
 6.78000000000000  0.0712681464879228  0.312753772255557  0.113247353367863 
 6.79000000000000  0.0682445157800029  0.312529762880772  0.115867273840482 
 6.80000000000000  0.0652186634016860  0.312277562928298  0.118474020673783 
 6.81000000000000  0.0621908814583460  0.311997228367259  0.121067402457812 
 6.82000000000000  0.0591614618659531  0.311688817581364  0.123647228797604 
 6.83000000000000  0.0561306963244173  0.311352391362777  0.126213310330211 
 6.84000000000000  0.0530988762909783  0.310988012905763  0.128765458741632 
 6.85000000000000  0.0500662929536388  0.310595747800123  0.131303486783659 
 6.86000000000000  0.0470332372046447  0.310175664024414  0.133827208290640 
 6.87000000000000  0.0439999996140130  0.309727831938944  0.136336438196144 
 6.88000000000000  0.0409668704031135  0.309252324278563  0.138830992549539 
 6.89000000000000  0.0379341394183031  0.308749216145227  0.141310688532482 
 6.90000000000000  0.0349020961046182  0.308218585000362  0.143775344475302 
 6.91000000000000  0.0318710294795234  0.307660510657000  0.146224779873299 
 6.92000000000000  0.0288412281067232  0.307075075271718  0.148658815402940 
 6.93000000000000  0.0258129800700374  0.306462363336351  0.151077272937958 
 6.94000000000000  0.0227865729473409  0.305822461669506  0.153479975565343 
 6.95000000000000  0.0197622937845737  0.305155459407857  0.155866747601243 
 6.96000000000000  0.0167404290698200  0.304461447997239  0.158237414606754 
 6.97000000000000  0.0137212647074608  0.303740521183528  0.160591803403602 
 6.98000000000000  0.0107050859924018  0.302992775003315  0.162929742089727 
 6.99000000000000  0.00769217758437955  0.302218307774377  0.165251060054749 
 7.00000000000000  0.00468282348234582  0.301417220085940  0.167555587995334 
 7.01000000000000  0.00167730699893617  0.300589614788735  0.169843157930442 
 7.02000000000000  0.00132408926497855  0.299735596984855  0.172113603216463 
 7.03000000000000  0.00432108344565180  0.298855274017411  0.174366758562244 
 7.04000000000000  0.00731339444173503  0.297948755459978  0.176602460043995 
 7.05000000000000  0.0103007419394573  0.297016153105850  0.178820545120081 
 7.06000000000000  0.0132828464377120  0.296057580957091  0.181020852645695 
 7.07000000000000  0.0162594292730475  0.295073155213388  0.183203222887411 
 7.08000000000000  0.0192302126445617  0.294062994260708  0.185367497537617 
 7.09000000000000  0.0221949196386928  0.293027218659758  0.187513519728824 
 7.10000000000000  0.0251532742539107  0.291965951134251  0.189641134047855 
 7.11000000000000  0.0281050014253003  0.290879316558978  0.191750186549901 
 7.12000000000000  0.0310498270490427  0.289767441947682  0.193840524772460 
 7.13000000000000  0.0339874780067818  0.288630456440756  0.195911997749141 
 7.14000000000000  0.0369176821898835  0.287468491292727  0.197964456023344 
 7.15000000000000  0.0398401685235795  0.286281679859576  0.199997751661804 
 7.16000000000000  0.0427546669909965  0.285070157585850  0.202011738268008 
 7.17000000000000  0.0456609086570669  0.283834061991601  0.204006270995478 
 7.18000000000000  0.0485586256923202  0.282573532659130  0.205981206560916 
 7.19000000000000  0.0514475513965516  0.281288711219555  0.207936403257222 
 7.20000000000000  0.0543274202223671  0.279979741339189  0.209871720966361 
 7.21000000000000  0.0571979677986033  0.278646768705745  0.211787021172110 
 7.22000000000000  0.0600589309536169  0.277289941014351  0.213682166972648 
 7.23000000000000  0.0629100477384454  0.275909407953393  0.215557023093020 
 7.24000000000000  0.0657510574498342  0.274505321190181  0.217411455897448 
 7.25000000000000  0.0685817006531318  0.273077834356432  0.219245333401508 
 7.26000000000000  0.0714017192050450  0.271627103033589  0.221058525284157 
 7.27000000000000  0.0742108562762588  0.270153284737955  0.222850902899618 
 7.28000000000000  0.0770088563739135  0.268656538905666  0.224622339289114 
 7.29000000000000  0.0797954653639414  0.267137026877486  0.226372709192466 
 7.30000000000000  0.0825704304932579  0.265594911883437  0.228101889059525 
 7.31000000000000  0.0853335004118065  0.264030359027260  0.229809757061470 
 7.32000000000000  0.0880844251944552  0.262443535270710  0.231496193101947 
 7.33000000000000  0.0908229563627439  0.260834609417689  0.233161078828059 
 7.34000000000000  0.0935488469064786  0.259203752098212  0.234804297641199 
 7.35000000000000  0.0962618513051723  0.257551135752215  0.236425734707738 
 7.36000000000000  0.0989617255493284  0.255876934613200  0.238025276969546 
 7.37000000000000  0.101648227161570  0.254181324691727  0.239602813154366 
 7.38000000000000  0.104321115217605  0.252464483758744  0.241158233786029 
 7.39000000000000  0.106980150367033  0.250726591328763  0.242691431194510 
 7.40000000000000  0.109625094853991  0.248967828642885  0.244202299525821 
 7.41000000000000  0.112255712537625  0.247188378651672  0.245690734751753 
 7.42000000000000  0.114871768912408  0.245388425997865  0.247156634679450 
 7.43000000000000  0.117473031128276  0.243568156998958  0.248599898960825 
 7.44000000000000  0.120059268010609  0.241727759629628  0.250020429101806 
 7.45000000000000  0.122630250080020  0.239867423504007  0.251418128471433 
 7.46000000000000  0.125185749571992  0.237987339857827  0.252792902310773 
 7.47000000000000  0.127725540456322  0.236087701530409  0.254144657741682 
 7.48000000000000  0.130249398456401  0.234168702946520  0.255473303775396 
 7.49000000000000  0.132757101068303  0.232230540098090  0.256778751320955 
 7.50000000000000  0.135248427579706  0.230273410525790  0.258060913193460 
 7.51000000000000  0.137723159088618  0.228297513300477  0.259319704122162 
 7.52000000000000  0.140181078521936  0.226303049004506  0.260555040758376 
 7.53000000000000  0.142621970653800  0.224290219712907  0.261766841683233 
 7.54000000000000  0.145045622123776  0.222259228974439  0.262955027415255 
 7.55000000000000  0.147451821454843  0.220210281792511  0.264119520417763 
 7.56000000000000  0.149840359071196  0.218143584605977  0.265260245106104 
 7.57000000000000  0.152211027315845  0.216059345269807  0.266377127854712 
 7.58000000000000  0.154563620468039  0.213957773035642  0.267470097003998 
 7.59000000000000  0.156897934760482  0.211839078532217  0.268539082867052 
 7.60000000000000  0.159213768396357  0.209703473745672  0.269584017736184 
 7.61000000000000  0.161510921566156  0.207551171999750  0.270604835889283 
 7.62000000000000  0.163789196464306  0.205382387935871  0.271601473595997 
 7.63000000000000  0.166048397305600  0.203197337493098  0.272573869123738 
 7.64000000000000  0.168288330341422  0.200996237887992  0.273521962743512 
 7.65000000000000  0.170508803875771  0.198779307594357  0.274445696735565 
 7.66000000000000  0.172709628281084  0.196546766322876  0.275345015394858 
 7.67000000000000  0.174890616013849  0.194298835000644  0.276219865036349 
 7.68000000000000  0.177051581630010  0.192035735750595  0.277070194000112 
 7.69000000000000  0.179192341800173  0.189757691870830  0.277895952656261 
 7.70000000000000  0.181312715324588  0.187464927813844  0.278697093409702 
 7.71000000000000  0.183412523147938  0.185157669165654  0.279473570704697 
 7.72000000000000  0.185491588373899  0.182836142624832  0.280225341029252 
 7.73000000000000  0.187549736279499  0.180500575981449  0.280952362919318 
 7.74000000000000  0.189586794329260  0.178151198095918  0.281654596962809 
 7.75000000000000  0.191602592189118  0.175788238877754  0.282332005803442 
 7.76000000000000  0.193596961740137  0.173411929264245  0.282984554144387 
 7.77000000000000  0.195569737091999  0.171022501199036  0.283612208751734 
 7.78000000000000  0.197520754596274  0.168620187610629  0.284214938457780 
 7.79000000000000  0.199449852859477  0.166205222390804  0.284792714164126 
 7.80000000000000  0.201356872755896  0.163777840372956  0.285345508844592 
 7.81000000000000  0.203241657440204  0.161338277310357  0.285873297547942 
 7.82000000000000  0.205104052359846  0.158886769854344  0.286376057400431 
 7.83000000000000  0.206943905267200  0.156423555532428  0.286853767608160 
 7.84000000000000  0.208761066231521  0.153948872726335  0.287306409459243 
 7.85000000000000  0.210555387650647  0.151462960649982  0.287733966325797 
 7.86000000000000  0.212326724262487  0.148966059327374  0.288136423665731 
 7.87000000000000  0.214074933156282  0.146458409570446  0.288513769024361 
 7.88000000000000  0.215799873783630  0.143940252956838  0.288865992035833 
 7.89000000000000  0.217501407969291  0.141411831807608  0.289193084424352 
 7.90000000000000  0.219179399921751  0.138873389164886  0.289495040005238 
 7.91000000000000  0.220833716243568  0.136325168769473  0.289771854685779 
 7.92000000000000  0.222464225941472  0.133767415038383  0.290023526465908 
 7.93000000000000  0.224070800436247  0.131200373042334  0.290250055438685 
 7.94000000000000  0.225653313572363  0.128624288483184  0.290451443790592 
 7.95000000000000  0.227211641627391  0.126039407671326  0.290627695801644 
 7.96000000000000  0.228745663321173  0.123445977503028  0.290778817845307 
 7.97000000000000  0.230255259824754  0.120844245437733  0.290904818388233 
 7.98000000000000  0.231740314769089  0.118234459475319  0.291005707989800 
 7.99000000000000  0.233200714253502  0.115616868133314  0.291081499301469 
 8.00000000000000  0.234636346853915  0.112991720424075  0.291132207065952 
 8.01000000000000  0.236047103630834  0.110359265831933  0.291157848116194 
 8.02000000000000  0.237432878137101  0.107719754290298  0.291158441374158 
 8.03000000000000  0.238793566425403  0.105073436158743  0.291134007849434 
 8.04000000000000  0.240129067055541  0.102420562200047  0.291084570637654 
 8.05000000000000  0.241439281101465  0.0997613835572189  0.291010154918717 
 8.06000000000000  0.242724112158060  0.0970961517304916  0.290910787954830 
 8.07000000000000  0.243983466347696  0.0944251185542954  0.290786499088363 
 8.08000000000000  0.245217252326537  0.0917485361742096  0.290637319739512 
 8.09000000000000  0.246425381290602  0.0890666570238945  0.290463283403776 
 8.10000000000000  0.247607766981593  0.0863797338020090  0.290264425649252 
 8.11000000000000  0.248764325692472  0.0836880194491115  0.290040784113735 
 8.12000000000000  0.249894976272798  0.0809917671245489  0.289792398501639 
 8.13000000000000  0.250999640133822  0.0782912301833373  0.289519310580728 
 8.14000000000000  0.252078241253336  0.0755866621530317  0.289221564178659 
 8.15000000000000  0.253130706180281  0.0728783167105911  0.288899205179344 
 8.16000000000000  0.254156964039104  0.0701664476592410  0.288552281519124 
 8.17000000000000  0.255156946533880  0.0674513089053330  0.288180843182758 
 8.18000000000000  0.256130587952184  0.0647331544352046  0.287784942199227 
 8.19000000000000  0.257077825168714  0.0620122382920427  0.287364632637355 
 8.20000000000000  0.257998597648681  0.0592888145527521  0.286919970601243 
 8.21000000000000  0.258892847450940  0.0565631373048288  0.286451014225522 
 8.22000000000000  0.259760519230886  0.0538354606232466  0.285957823670422 
 8.23000000000000  0.260601560243100  0.0511060385473498  0.285440461116660 
 8.24000000000000  0.261415920343749  0.0483751250577628  0.284898990760139 
 8.25000000000000  0.262203551992744  0.0456429740533150  0.284333478806472 
 8.26000000000000  0.262964410255648  0.0429098393279825  0.283743993465325 
 8.27000000000000  0.263698452805344  0.0401759745478490  0.283130604944570 
 8.28000000000000  0.264405639923452  0.0374416332280906  0.282493385444268 
 8.29000000000000  0.265085934501501  0.0347070687099823  0.281832409150467 
 8.30000000000000  0.265739302041864  0.0319725341379345  0.281147752228821 
 8.31000000000000  0.266365710658435  0.0292382824365515  0.280439492818026 
 8.32000000000000  0.266965131077067  0.0265045662877274  0.279707711023090 
 8.33000000000000  0.267537536635771  0.0237716381077697  0.278952488908410 
 8.34000000000000  0.268082903284658  0.0210397500245603  0.278173910490683 
 8.35000000000000  0.268601209585645  0.0183091538547513  0.277372061731633 
 8.36000000000000  0.269092436711912  0.0155801010810012  0.276547030530573 
 8.37000000000000  0.269556568447119  0.0128528428292509  0.275698906716773 
 8.38000000000000  0.269993591184375  0.0101276298460451  0.274827782041676 
 8.39000000000000  0.270403493924966  0.00740471247589498  0.273933750170923 
 8.40000000000000  0.270786268276835  0.00468434063869112  0.273016906676212 
 8.41000000000000  0.271141908452828  0.00196676380716497  0.272077349026985 
 8.42000000000000  0.271470411268685  0.000747769015598101  0.271115176581940 
 8.43000000000000  0.271771776140799  0.00345900931859246  0.270130490580375 
 8.44000000000000  0.272046005083726  0.00616670910527102  0.269123394133361 
 8.45000000000000  0.272293102707460  0.00887062091586491  0.268093992214743 
 8.46000000000000  0.272513076214460  0.0115704978496456  0.267042391651980 
 8.47000000000000  0.272705935396439  0.0142660935871217  0.265968701116807 
 8.48000000000000  0.272871692630914  0.0169571624121774  0.264873031115736 
 8.49000000000000  0.273010362877515  0.0196434592341404  0.263755493980393 
 8.50000000000000  0.273121963674054  0.0223247396097840  0.262616203857685 
 8.51000000000000  0.273206515132357  0.0250007597652595  0.261455276699803 
 8.52000000000000  0.273264039933858  0.0276712766179561  0.260272830254067 
 8.53000000000000  0.273294563324950  0.0303360477982876  0.259068984052600 
 8.54000000000000  0.273298113112108  0.0329948316714033  0.257843859401849 
 8.55000000000000  0.273274719656767  0.0356473873588191  0.256597579371939 
 8.56000000000000  0.273224415869971  0.0382934747599728  0.255330268785872 
 8.57000000000000  0.273147237206785  0.0409328545736942  0.254042054208561 
 8.58000000000000  0.273043221660467  0.0435652883195922  0.252733063935715 
 8.59000000000000  0.272912409756416  0.0461905383593572  0.251403427982559 
 8.60000000000000  0.272754844545881  0.0488083679179751  0.250053278072404 
 8.61000000000000  0.272570571599436  0.0514185411048516  0.248682747625057 
 8.62000000000000  0.272359639000233  0.0540208229348459  0.247291971745084 
 8.63000000000000  0.272122097337011  0.0566149793492087  0.245881087209916 
 8.64000000000000  0.271857999696890  0.0592007772364287  0.244450232457802 
 8.65000000000000  0.271567401657921  0.0617779844529785  0.242999547575619 
 8.66000000000000  0.271250361281421  0.0643463698439622  0.241529174286520 
 8.67000000000000  0.270906939104074  0.0669057032636631  0.240039255937448 
 8.68000000000000  0.270537198129807  0.0694557555959872  0.238529937486495 
 8.69000000000000  0.270141203821438  0.0719962987748026  0.237001365490113 
 8.70000000000000  0.269719024092108  0.0745271058041726  0.235453688090189 
 8.71000000000000  0.269270729296480  0.0770479507784782  0.233887055000967 
 8.72000000000000  0.268796392221720  0.0795586089024347  0.232301617495833 
 8.73000000000000  0.268296088078260  0.0820588565109920  0.230697528393956 
 8.74000000000000  0.267769894490329  0.0845484710891226  0.229074942046795 
 8.75000000000000  0.267217891486282  0.0870272312914943  0.227434014324456 
 8.76000000000000  0.266640161488692  0.0894949169620250  0.225774902601923 
 8.77000000000000  0.266036789304243  0.0919513091533179  0.224097765745147 
 8.78000000000000  0.265407862113391  0.0943961901459766  0.222402764097001 
 8.79000000000000  0.264753469459819  0.0968293434677969  0.220690059463097 
 8.80000000000000  0.264073703239677  0.0992505539128325  0.218959815097481 
 8.81000000000000  0.263368657690610  0.101659607560339  0.217212195688186 
 8.82000000000000  0.262638429380569  0.104056291793585  0.215447367342662 
 8.83000000000000  0.261883117196419  0.106440395318536  0.213665497573074 
 8.84000000000000  0.261102822332334  0.108811708182406  0.211866755281471 
 8.85000000000000  0.260297648277984  0.111170021792079  0.210051310744841 
 8.86000000000000  0.259467700806517  0.113515128932391  0.208219335600020 
 8.87000000000000  0.258613087962338  0.115846823784280  0.206371002828503 
 8.88000000000000  0.257733920048677  0.118164901942793  0.204506486741112 
 8.89000000000000  0.256830309614959  0.120469160434963  0.202625962962557 
 8.90000000000000  0.255902371443976  0.122759397737531  0.200729608415872 
 8.91000000000000  0.254950222538852  0.125035413794540  0.198817601306735 
 8.92000000000000  0.253973982109813  0.127297010034772  0.196890121107672 
 8.93000000000000  0.252973771560761  0.129543989389048  0.194947348542150 
 8.94000000000000  0.251949714475650  0.131776156307373  0.192989465568548 
 8.95000000000000  0.250901936604669  0.133993316775942  0.191016655364024 
 8.96000000000000  0.249830565850228  0.136195278333985  0.189029102308271 
 8.97000000000000  0.248735732252763  0.138381850090464  0.187026991967160 
 8.98000000000000  0.247617567976335  0.140552842740621  0.185010511076281 
 8.99000000000000  0.246476207294058  0.142708068582365  0.182979847524374 
 9.00000000000000  0.245311786573325  0.144847341532504  0.180935190336657 
 9.01000000000000  0.244124444260859  0.146970477142818  0.178876729658054 
 9.02000000000000  0.242914320867573  0.149077292615979  0.176804656736318 
 9.03000000000000  0.241681558953253  0.151167606821300  0.174719163905058 
 9.04000000000000  0.240426303111057  0.153241240310333  0.172620444566662 
 9.05000000000000  0.239148699951835  0.155298015332292  0.170508693175131 
 9.06000000000000  0.237848898088273  0.157337755849321  0.168384105218816 
 9.07000000000000  0.236527048118859  0.159360287551589  0.166246877203053 
 9.08000000000000  0.235183302611675  0.161365437872223  0.164097206632722 
 9.09000000000000  0.233817816088021  0.163353036002065  0.161935291994703 
 9.10000000000000  0.232430745005856  0.165322912904266  0.159761332740245 
 9.11000000000000  0.231022247743088  0.167274901328703  0.157575529267258 
 9.12000000000000  0.229592484580676  0.169208835826229  0.155378082902506 
 9.13000000000000  0.228141617685582  0.171124552762738  0.153169195883725 
 9.14000000000000  0.226669811093549  0.173021890333070  0.150949071341658 
 9.15000000000000  0.225177230691724  0.174900688574728  0.148717913282007 
 9.16000000000000  0.223664044201114  0.176760789381420  0.146475926567306 
 9.17000000000000  0.222130421158885  0.178602036516424  0.144223316898721 
 9.18000000000000  0.220576532900505  0.180424275625771  0.141960290797772 
 9.19000000000000  0.219002552541733  0.182227354251250  0.139687055587979 
 9.20000000000000  0.217408654960449  0.184011121843222  0.137403819376440 
 9.21000000000000  0.215795016778339  0.185775429773264  0.135110791035336 
 9.22000000000000  0.214161816342423  0.187520131346616  0.132808180183370 
 9.23000000000000  0.212509233706441  0.189245081814448  0.130496197167135 
 9.24000000000000  0.210837450612091  0.190950138385943  0.128175053042419 
 9.25000000000000  0.209146650470121  0.192635160240181  0.125844959555448 
 9.26000000000000  0.207437018341279  0.194300008537853  0.123506129124064 
 9.27000000000000  0.205708740917125  0.195944546432761  0.121158774818846 
 9.28000000000000  0.203962006500702  0.197568639083153  0.118803110344170 
 9.29000000000000  0.202197004987068  0.199172153662844  0.116439350019213 
 9.30000000000000  0.200413927843702  0.200754959372156  0.114067708758904 
 9.31000000000000  0.198612968090765  0.202316927448665  0.111688402054819 
 9.32000000000000  0.196794320281241  0.203857931177746  0.109301645956028 
 9.33000000000000  0.194958180480940  0.205377845902929  0.106907657049888 
 9.34000000000000  0.193104746248384  0.206876549036056  0.104506652442793 
 9.35000000000000  0.191234216614558  0.208353920067240  0.102098849740872 
 9.36000000000000  0.189346792062544  0.209809840574628  0.0996844670306515 
 9.37000000000000  0.187442674507034  0.211244194233962  0.0972637228596646 
 9.38000000000000  0.185522067273722  0.212656866827945  0.0948368362170293 
 9.39000000000000  0.183585175078581  0.214047746255401  0.0924040265139802 
 9.40000000000000  0.181632204007021  0.215416722540236  0.0899655135643678 
 9.41000000000000  0.179663361492942  0.216763687840200  0.0875215175651205 
 9.42000000000000  0.177678856297667  0.218088536455441  0.0850722590766734 
 9.43000000000000  0.175678898488776  0.219391164836857  0.0826179590033649 
 9.44000000000000  0.173663699418824  0.220671471594246  0.0801588385738040 
 9.45000000000000  0.171633471703960  0.221929357504252  0.0776951193212083 
 9.46000000000000  0.169588429202448  0.223164725518096  0.0752270230637184 
 9.47000000000000  0.167528786993074  0.224377480769117  0.0727547718846824 
 9.48000000000000  0.165454761353468  0.225567530580091  0.0702785881129234 
 9.49000000000000  0.163366569738325  0.226734784470349  0.0677986943029824 
 9.50000000000000  0.161264430757530  0.227879154162692  0.0653153132153438 
 9.51000000000000  0.159148564154197  0.229000553590085  0.0628286677966426 
 9.52000000000000  0.157019190782610  0.230098898902154  0.0603389811598564 
 9.53000000000000  0.154876532586088  0.231174108471470  0.0578464765644841 
 9.54000000000000  0.152720812574749  0.232226102899617  0.0553513773967119 
 9.55000000000000  0.150552254803208  0.233254805023057  0.0528539071495712 
 9.56000000000000  0.148371084348182  0.234260139918781  0.0503542894030850 
 9.57000000000000  0.146177527286019  0.235242034909748  0.0478527478044109 
 9.58000000000000  0.143971810670154  0.236200419570112  0.0453495060479783 
 9.59000000000000  0.141754162508487  0.237135225730241  0.0428447878556230 
 9.60000000000000  0.139524811740686  0.238046387481515  0.0403388169567209 
 9.61000000000000  0.137283988215429  0.238933841180922  0.0378318170683229 
 9.62000000000000  0.135031922667570  0.239797525455429  0.0353240118752914 
 9.63000000000000  0.132768846695241  0.240637381206148  0.0328156250104444 
 9.64000000000000  0.130494992736894  0.241453351612284  0.0303068800347010 
 9.65000000000000  0.128210594048275  0.242245382134872  0.0277980004172402 
 9.66000000000000  0.125915884679350  0.243013420520296  0.0252892095156666 
 9.67000000000000  0.123611099451161  0.243757416803594  0.0227807305561892 
 9.68000000000000  0.121296473932636  0.244477323311550  0.0202727866138137 
 9.69000000000000  0.118972244417347  0.245173094665571  0.0177656005925502 
 9.70000000000000  0.116638647900213  0.245844687784344  0.0152593952056378 
 9.71000000000000  0.114295922054158  0.246492061886286  0.0127543929557909 
 9.72000000000000  0.111944305206725  0.247115178491769  0.0102508161154615 
 9.73000000000000  0.109584036316641  0.247714001425138  0.00774888670712903 
 9.74000000000000  0.107215354950350  0.248288496816505  0.00524882648361297 
 9.75000000000000  0.104838501258498  0.248838633103335  0.00275085690841140 
 9.76000000000000  0.102453715952384  0.249364381031810  0.000255199136068598 
 9.77000000000000  0.100061240280385  0.249865713657982  0.00223792600742770 
 9.78000000000000  0.0976613160043327  0.250342606348704  0.00472829804421708 
 9.79000000000000  0.0952541853758765  0.250795036782353  0.00721569686410421 
 9.80000000000000  0.0928400911128101  0.251222984949329  0.00969990274405878 
 9.81000000000000  0.0904192763753730  0.251626433152344  0.0121806963676827 
 9.82000000000000  0.0879919847425327  0.252005366006494  0.0146578588446339 
 9.83000000000000  0.0855584601882436  0.252359770439112  0.0171311717300114 
 9.84000000000000  0.0831189470576883  0.252689635689409  0.0196004170436977 
 9.85000000000000  0.0806736900435018  0.252994953307902  0.0220653772896563 
 9.86000000000000  0.0782229341619830  0.253275717155615  0.0245258354751835 
 9.87000000000000  0.0757669247292929  0.253531923403084  0.0269815751301128 
 9.88000000000000  0.0733059073376465  0.253763570529125  0.0294323803259667 
 9.89000000000000  0.0708401278314923  0.253970659319407  0.0318780356950626 
 9.90000000000000  0.0683698322836921  0.254153192864799  0.0343183264495601 
 9.91000000000000  0.0658952669716953  0.254311176559505  0.0367530384004560 
 9.92000000000000  0.0634166783537139  0.254444618098986  0.0391819579765225 
 9.93000000000000  0.0609343130448986  0.254553527477670  0.0416048722431860 
 9.94000000000000  0.0584484177935199  0.254637916986445  0.0440215689213472 
 9.95000000000000  0.0559592394571542  0.254697801209940  0.0464318364061381 
 9.96000000000000  0.0534670249788822  0.254733197023597  0.0488354637856144 
 9.97000000000000  0.0509720213634920  0.254744123590525  0.0512322408593867 
 9.98000000000000  0.0484744756537011  0.254730602358148  0.0536219581571797 
 9.99000000000000  0.0459746349063914  0.254692657054634  0.0560044069573258 
 10.0000000000000  0.0434727461688614  0.254630313685121  0.0583793793051868 
