% Finesse 2.1 (2.1-4-g71575b0), 06.02.2017
% 2D plot, y1axis: Abs , y2axis: Phase [Deg] 
% f [Hz] (i1), ad1 Abs , ad1 Phase [Deg] 

-50000.0000000000  0.996763411265386 -0.974220673200408 
-49666.6666666667  0.996745634300550 -1.00213352873572 
-49333.3333333334  0.996727252189716 -1.03020104645511 
-49000.0000000001  0.996708252947133 -1.05842844466522 
-48666.6666666668  0.996688624084301 -1.08682104537104 
-48333.3333333335  0.996668352591736 -1.11538427859443 
-48000.0000000002  0.996647424919779 -1.14412368684901 
-47666.6666666669  0.996625826958392 -1.17304492977957 
-47333.3333333336  0.996603544015901 -1.20215378897458 
-47000.0000000003  0.996580560796621 -1.23145617296074 
-46666.6666666670  0.996556861377298 -1.26095812238915 
-46333.3333333337  0.996532429182316 -1.29066581542312 
-46000.0000000004  0.996507246957581 -1.32058557333807 
-45666.6666666671  0.996481296743031 -1.35072386634482 
-45333.3333333338  0.996454559843669 -1.38108731964789 
-45000.0000000005  0.996427016799058 -1.41168271975140 
-44666.6666666672  0.996398647351165 -1.44251702102557 
-44333.3333333339  0.996369430410482 -1.47359735254781 
-44000.0000000006  0.996339344020302 -1.50493102523306 
-43666.6666666673  0.996308365319052 -1.53652553926893 
-43333.3333333340  0.996276470500560 -1.56838859187224 
-43000.0000000007  0.996243634772137 -1.60052808538422 
-42666.6666666674  0.996209832310331 -1.63295213572304 
-42333.3333333341  0.996175036214223 -1.66566908121329 
-42000.0000000008  0.996139218456096 -1.69868749181316 
-41666.6666666675  0.996102349829327 -1.73201617876152 
-41333.3333333342  0.996064399893310 -1.76566420466838 
-41000.0000000009  0.996025336915244 -1.79964089407361 
-40666.6666666676  0.995985127808556 -1.83395584450060 
-40333.3333333343  0.995943738067759 -1.86861893803300 
-40000.0000000010  0.995901131699509 -1.90364035344460 
-39666.6666666677  0.995857271149603 -1.93903057891438 
-39333.3333333344  0.995812117225652 -1.97480042536078 
-39000.0000000011  0.995765629015140 -2.01096104043157 
-38666.6666666678  0.995717763798546 -2.04752392318801 
-38333.3333333345  0.995668476957208 -2.08450093952472 
-38000.0000000012  0.995617721875543 -2.12190433836936 
-37666.6666666679  0.995565449837258 -2.15974676870925 
-37333.3333333346  0.995511609915096 -2.19804129749539 
-37000.0000000013  0.995456148853691 -2.23680142847773 
-36666.6666666680  0.995399010945016 -2.27604112202940 
-36333.3333333347  0.995340137895898 -2.31577481602153 
-36000.0000000014  0.995279468687020 -2.35601744781491 
-35666.6666666681  0.995216939422790 -2.39678447743930 
-35333.3333333348  0.995152483171380 -2.43809191203636 
-35000.0000000015  0.995086029794228 -2.47995633164789 
-34666.6666666682  0.995017505764176 -2.52239491643681 
-34333.3333333349  0.994946833971395 -2.56542547543511 
-34000.0000000016  0.994873933516153 -2.60906647691977 
-33666.6666666683  0.994798719487391 -2.65333708052566 
-33333.3333333350  0.994721102726010 -2.69825717121236 
-33000.0000000017  0.994640989571638 -2.74384739521127 
-32666.6666666684  0.994558281591564 -2.79012919808881 
-32333.3333333351  0.994472875290392 -2.83712486507257 
-32000.0000000018  0.994384661798844 -2.88485756379859 
-31666.6666666685  0.994293526539979 -2.93335138965091 
-31333.3333333352  0.994199348870957 -2.98263141387804 
-31000.0000000019  0.994102001698281 -3.03272373468640 
-30666.6666666686  0.994001351064258 -3.08365553152707 
-30333.3333333353  0.993897255702204 -3.13545512281017 
-30000.0000000020  0.993789566557682 -3.18815202730101 
-29666.6666666687  0.993678126272769 -3.24177702947358 
-29333.3333333354  0.993562768630095 -3.29636224912075 
-29000.0000000021  0.993443317953017 -3.35194121554610 
-28666.6666666688  0.993319588457955 -3.40854894669119 
-28333.3333333355  0.993191383554512 -3.46622203358296 
-28000.0000000022  0.993058495088500 -3.52499873052031 
-27666.6666666689  0.992920702522540 -3.58491905145687 
-27333.3333333356  0.992777772048298 -3.64602487307846 
-27000.0000000023  0.992629455623780 -3.70836004511948 
-26666.6666666690  0.992475489928423 -3.77197050851337 
-26333.3333333357  0.992315595227871 -3.83690442202793 
-26000.0000000024  0.992149474139474 -3.90321229809825 
-25666.6666666691  0.991976810288492 -3.97094714863832 
-25333.3333333358  0.991797266843867 -4.04016464168814 
-25000.0000000025  0.991610484921128 -4.11092326983737 
-24666.6666666692  0.991416081838547 -4.18328453145951 
-24333.3333333359  0.991213649211009 -4.25731312589443 
-24000.0000000026  0.991002750864205 -4.33307716383236 
-23666.6666666693  0.990782920549623 -4.41064839428056 
-23333.3333333360  0.990553659438452 -4.49010244963723 
-23000.0000000027  0.990314433369720 -4.57151911055647 
-22666.6666666694  0.990064669824935 -4.65498259246662 
-22333.3333333361  0.989803754597889 -4.74058185580356 
-22000.0000000028  0.989531028124269 -4.82841094224348 
-21666.6666666695  0.989245781431019 -4.91856933946977 
-21333.3333333362  0.988947251660092 -5.01116237728901 
-21000.0000000029  0.988634617115076 -5.10630165822576 
-20666.6666666696  0.988306991772111 -5.20410552607989 
-20333.3333333363  0.987963419188369 -5.30469957632812 
-20000.0000000030  0.987602865731963 -5.40821721269999 
-19666.6666666697  0.987224213046205 -5.51480025476395 
-19333.3333333364  0.986826249648538 -5.62459960192959 
-19000.0000000031  0.986407661549700 -5.73777595991624 
-18666.6666666698  0.985967021761601 -5.85450063646630 
-18333.3333333365  0.985502778542345 -5.97495641390505 
-18000.0000000032  0.985013242203482 -6.09933850708077 
-17666.6666666699  0.984496570277095 -6.22785561627445 
-17333.3333333366  0.983950750808147 -6.36073108586385 
-17000.0000000033  0.983373583499514 -6.49820418088110 
-16666.6666666700  0.982762658392358 -6.64053149513777 
-16333.3333333367  0.982115331711444 -6.78798850632918 
-16000.0000000034  0.981428698442140 -6.94087129549701 
-15666.6666666701  0.980699561131052 -7.09949845045294 
-15333.3333333368  0.979924394313109 -7.26421317527689 
-15000.0000000035  0.979099303861410 -7.43538563082942 
-14666.6666666702  0.978219980428497 -7.61341553439128 
-14333.3333333369  0.977281645994445 -7.79873505008780 
-14000.0000000036  0.976278992352546 -7.99181200569347 
-13666.6666666703  0.975206110140412 -8.19315347574828 
-13333.3333333370  0.974056406754519 -8.40330977563924 
-13000.0000000037  0.972822511158656 -8.62287891635782 
-12666.6666666704  0.971496163198235 -8.85251157493505 
-12333.3333333371  0.970068084546353 -9.09291664089370 
-12000.0000000038  0.968527827813203 -9.34486740412765 
-11666.6666666705  0.966863599622268 -9.60920845391853 
-11333.3333333372  0.965062052562728 -9.88686336153676 
-11000.0000000039  0.963108039828069 -10.1788432188283 
-10666.6666666706  0.960984324996841 -10.4862561004997 
-10333.3333333373  0.958671237742650 -10.8103175056694 
-10000.0000000040  0.956146264203050 -11.1523618104054 
-9666.66666667070  0.953383558202421 -11.5138547210504 
-9333.33333333740  0.950353356407427 -11.8964066485484 
-9000.00000000410  0.947021276675438 -12.3017868123209 
-8666.66666667080  0.943347474206263 -12.7319377067622 
-8333.33333333750  0.939285624497578 -13.1889892912887 
-8000.00000000420  0.934781695435034 -13.6752718462689 
-7666.66666667090  0.929772463099703 -14.1933257962090 
-7333.33333333760  0.924183717205228 -14.7459058221645 
-7000.00000000430  0.917928092992495 -15.3359750889559 
-6666.66666667100  0.910902458078760 -15.9666831233505 
-6333.33333333770  0.902984777548659 -16.6413173679409 
-6000.00000000440  0.894030382984122 -17.3632130316666 
-5666.66666667110  0.883867589366256 -18.1355975091509 
-5333.33333333780  0.872292652405619 -18.9613326867430 
-5000.00000000450  0.859064163121236 -19.8424982645802 
-4666.66666667120  0.843897179270860 -20.7797276305960 
-4333.33333333790  0.826457765687214 -21.7711582094505 
-4000.00000000460  0.806359272514121 -22.8107801304974 
-3666.66666667130  0.783162800285999 -23.8858442097654 
-3333.33333333800  0.756386147081111 -24.9727978574485 
-3000.00000000470  0.725528464201378 -26.0309203524054 
-2666.66666667140  0.690122289962436 -26.9923852727637 
-2333.33333333810  0.649830966593614 -27.7468716928713 
-2000.00000000480  0.604617703505185 -28.1182296779652 
-1666.66666667150  0.555021585537987 -27.8309537154029 
-1333.33333333820  0.502580253678468 -26.4688663994571 
-1000.00000000490  0.450415812575972 -23.4493341138645 
-666.666666671597  0.403860108826799 -18.1019622481880 
-333.333333338298  0.370501547315477 -10.0550008915292 
-4.99858288094401e-09  0.358192644678968 -1.56784936868305e-10 
 333.333333328301  0.370501547314759  10.0550008912505 
 666.666666661600  0.403860108825559  18.1019622479872 
 999.999999994900  0.450415812574459  23.4493341137423 
 1333.33333332820  0.502580253676879  26.4688663993948 
 1666.66666666150  0.555021585536445  27.8309537153807 
 1999.99999999480  0.604617703503758  28.1182296779681 
 2333.33333332810  0.649830966592330  27.7468716928893 
 2666.66666666140  0.690122289961302  26.9923852727901 
 2999.99999999470  0.725528464200386  26.0309203524361 
 3333.33333332800  0.756386147080249  24.9727978574809 
 3666.66666666130  0.783162800285252  23.8858442097980 
 3999.99999999460  0.806359272513474  22.8107801305292 
 4333.33333332790  0.826457765686654  21.7711582094810 
 4666.66666666120  0.843897179270372  20.7797276306249 
 4999.99999999450  0.859064163120812  19.8424982646075 
 5333.33333332780  0.872292652405248  18.9613326867686 
 5666.66666666110  0.883867589365930  18.1355975091748 
 5999.99999999440  0.894030382983836  17.3632130316890 
 6333.33333332770  0.902984777548407  16.6413173679619 
 6666.66666666100  0.910902458078537  15.9666831233701 
 6999.99999999430  0.917928092992296  15.3359750889742 
 7333.33333332760  0.924183717205051  14.7459058221816 
 7666.66666666090  0.929772463099545  14.1933257962250 
 7999.99999999420  0.934781695434892  13.6752718462839 
 8333.33333332750  0.939285624497450  13.1889892913028 
 8666.66666666080  0.943347474206147  12.7319377067755 
 8999.99999999410  0.947021276675333  12.3017868123334 
 9333.33333332740  0.950353356407332  11.8964066485602 
 9666.66666666070  0.953383558202335  11.5138547210615 
 9999.99999999400  0.956146264202971  11.1523618104160 
 10333.3333333273  0.958671237742578  10.8103175056794 
 10666.6666666606  0.960984324996775  10.4862561005092 
 10999.9999999939  0.963108039828008  10.1788432188372 
 11333.3333333272  0.965062052562672  9.88686336154530 
 11666.6666666605  0.966863599622216  9.60920845392665 
 11999.9999999938  0.968527827813155  9.34486740413539 
 12333.3333333271  0.970068084546308  9.09291664090109 
 12666.6666666604  0.971496163198193  8.85251157494210 
 12999.9999999937  0.972822511158618  8.62287891636455 
 13333.3333333270  0.974056406754483  8.40330977564568 
 13666.6666666603  0.975206110140379  8.19315347575445 
 13999.9999999936  0.976278992352515  7.99181200569938 
 14333.3333333269  0.977281645994416  7.79873505009347 
 14666.6666666602  0.978219980428469  7.61341553439672 
 14999.9999999935  0.979099303861385  7.43538563083466 
 15333.3333333268  0.979924394313085  7.26421317528193 
 15666.6666666601  0.980699561131029  7.09949845045780 
 15999.9999999934  0.981428698442119  6.94087129550167 
 16333.3333333267  0.982115331711424  6.78798850633369 
 16666.6666666600  0.982762658392339  6.64053149514211 
 16999.9999999933  0.983373583499496  6.49820418088529 
 17333.3333333266  0.983950750808130  6.36073108586790 
 17666.6666666599  0.984496570277079  6.22785561627837 
 17999.9999999932  0.985013242203467  6.09933850708456 
 18333.3333333265  0.985502778542330  5.97495641390872 
 18666.6666666598  0.985967021761587  5.85450063646986 
 18999.9999999931  0.986407661549688  5.73777595991968 
 19333.3333333264  0.986826249648526  5.62459960193293 
 19666.6666666597  0.987224213046194  5.51480025476720 
 19999.9999999930  0.987602865731952  5.40821721270314 
 20333.3333333263  0.987963419188359  5.30469957633118 
 20666.6666666596  0.988306991772101  5.20410552608287 
 20999.9999999929  0.988634617115067  5.10630165822865 
 21333.3333333262  0.988947251660083  5.01116237729182 
 21666.6666666595  0.989245781431010  4.91856933947251 
 21999.9999999928  0.989531028124261  4.82841094224615 
 22333.3333333261  0.989803754597881  4.74058185580616 
 22666.6666666594  0.990064669824927  4.65498259246915 
 22999.9999999927  0.990314433369713  4.57151911055894 
 23333.3333333260  0.990553659438445  4.49010244963965 
 23666.6666666593  0.990782920549616  4.41064839428292 
 23999.9999999926  0.991002750864198  4.33307716383465 
 24333.3333333259  0.991213649211003  4.25731312589667 
 24666.6666666592  0.991416081838541  4.18328453146171 
 24999.9999999925  0.991610484921122  4.11092326983952 
 25333.3333333258  0.991797266843861  4.04016464169024 
 25666.6666666591  0.991976810288487  3.97094714864037 
 25999.9999999924  0.992149474139469  3.90321229810026 
 26333.3333333257  0.992315595227866  3.83690442202990 
 26666.6666666590  0.992475489928418  3.77197050851529 
 26999.9999999923  0.992629455623776  3.70836004512137 
 27333.3333333256  0.992777772048293  3.64602487308031 
 27666.6666666589  0.992920702522536  3.58491905145869 
 27999.9999999922  0.993058495088496  3.52499873052209 
 28333.3333333255  0.993191383554508  3.46622203358471 
 28666.6666666588  0.993319588457951  3.40854894669291 
 28999.9999999921  0.993443317953013  3.35194121554778 
 29333.3333333254  0.993562768630092  3.29636224912240 
 29666.6666666587  0.993678126272766  3.24177702947521 
 29999.9999999920  0.993789566557678  3.18815202730260 
 30333.3333333253  0.993897255702201  3.13545512281174 
 30666.6666666586  0.994001351064254  3.08365553152861 
 30999.9999999919  0.994102001698278  3.03272373468792 
 31333.3333333252  0.994199348870954  2.98263141387953 
 31666.6666666585  0.994293526539976  2.93335138965238 
 31999.9999999918  0.994384661798841  2.88485756380004 
 32333.3333333251  0.994472875290390  2.83712486507399 
 32666.6666666584  0.994558281591561  2.79012919809021 
 32999.9999999917  0.994640989571636  2.74384739521264 
 33333.3333333250  0.994721102726008  2.69825717121372 
 33666.6666666583  0.994798719487389  2.65333708052699 
 33999.9999999916  0.994873933516151  2.60906647692109 
 34333.3333333249  0.994946833971393  2.56542547543641 
 34666.6666666582  0.995017505764174  2.52239491643809 
 34999.9999999915  0.995086029794226  2.47995633164915 
 35333.3333333248  0.995152483171378  2.43809191203760 
 35666.6666666581  0.995216939422788  2.39678447744053 
 35999.9999999914  0.995279468687019  2.35601744781613 
 36333.3333333247  0.995340137895896  2.31577481602273 
 36666.6666666580  0.995399010945014  2.27604112203058 
 36999.9999999913  0.995456148853690  2.23680142847890 
 37333.3333333246  0.995511609915094  2.19804129749654 
 37666.6666666579  0.995565449837256  2.15974676871040 
 37999.9999999912  0.995617721875542  2.12190433837049 
 38333.3333333245  0.995668476957206  2.08450093952584 
 38666.6666666578  0.995717763798545  2.04752392318911 
 38999.9999999911  0.995765629015139  2.01096104043266 
 39333.3333333244  0.995812117225651  1.97480042536186 
 39666.6666666577  0.995857271149602  1.93903057891545 
 39999.9999999910  0.995901131699508  1.90364035344566 
 40333.3333333243  0.995943738067758  1.86861893803405 
 40666.6666666576  0.995985127808555  1.83395584450164 
 40999.9999999909  0.996025336915243  1.79964089407464 
 41333.3333333242  0.996064399893309  1.76566420466940 
 41666.6666666575  0.996102349829325  1.73201617876253 
 41999.9999999908  0.996139218456095  1.69868749181415 
 42333.3333333241  0.996175036214222  1.66566908121427 
 42666.6666666574  0.996209832310330  1.63295213572402 
 42999.9999999907  0.996243634772136  1.60052808538519 
 43333.3333333240  0.996276470500559  1.56838859187320 
 43666.6666666573  0.996308365319051  1.53652553926988 
 43999.9999999906  0.996339344020301  1.50493102523400 
 44333.3333333239  0.996369430410481  1.47359735254875 
 44666.6666666572  0.996398647351164  1.44251702102650 
 44999.9999999905  0.996427016799057  1.41168271975232 
 45333.3333333238  0.996454559843668  1.38108731964881 
 45666.6666666571  0.996481296743030  1.35072386634573 
 45999.9999999904  0.996507246957580  1.32058557333897 
 46333.3333333237  0.996532429182315  1.29066581542401 
 46666.6666666570  0.996556861377297  1.26095812239004 
 46999.9999999903  0.996580560796620  1.23145617296162 
 47333.3333333236  0.996603544015900  1.20215378897546 
 47666.6666666569  0.996625826958391  1.17304492978044 
 47999.9999999902  0.996647424919778  1.14412368684987 
 48333.3333333235  0.996668352591736  1.11538427859529 
 48666.6666666568  0.996688624084300  1.08682104537189 
 48999.9999999901  0.996708252947133  1.05842844466607 
 49333.3333333234  0.996727252189716  1.03020104645595 
 49666.6666666567  0.996745634300549  1.00213352873656 
 50000.0000000000  0.996763411265386  0.974220673200408 
