% Finesse 2.1 (2.1-4-g71575b0), 06.02.2017
% 2D plot, y1axis: Abs 
% f [Hz] (darm), NSR_with_RP, NSR_without_RP

 5.00000000000000  2.64416033166889e-22  2.63883835303519e-24 
 5.03465834425902  2.60639295441107e-22  2.63882870567356e-24 
 5.06955692868340  2.56918613362179e-22  2.63881948166232e-24 
 5.10469741853840  2.53253095368819e-22  2.63881068397296e-24 
 5.14008149063236  2.49641865862378e-22  2.63880228506319e-24 
 5.17571083339672  2.46084064713626e-22  2.63879427286144e-24 
 5.21158714696652  2.42578847134680e-22  2.63878663104384e-24 
 5.24771214326161  2.39125383131513e-22  2.63877934504538e-24 
 5.28408754606829  2.35722857405118e-22  2.63877240360281e-24 
 5.32071509112157  2.32370468907579e-22  2.63876579006492e-24 
 5.35759652618802  2.29067430641087e-22  2.63875949028799e-24 
 5.39473361114914  2.25812969276944e-22  2.63875349543608e-24 
 5.43212811808532  2.22606325021136e-22  2.63874779561163e-24 
 5.46978183136046  2.19446751189413e-22  2.63874237365404e-24 
 5.50769654770706  2.16333514039564e-22  2.63873722568839e-24 
 5.54587407631199  2.13265892477454e-22  2.63873233297705e-24 
 5.58431623890279  2.10243177837806e-22  2.63872768943488e-24 
 5.62302486983462  2.07264673562631e-22  2.63872328901923e-24 
 5.66200181617777  2.04329695045959e-22  2.63871911850346e-24 
 5.70124893780583  2.01437569362919e-22  2.63871516977123e-24 
 5.74076810748440  1.98587635020938e-22  2.63871143705608e-24 
 5.78056121096048  1.95779241772024e-22  2.63870790746120e-24 
 5.82063014705244  1.93011750365929e-22  2.63870457979320e-24 
 5.86097682774063  1.90284532362681e-22  2.63870143906549e-24 
 5.90160317825863  1.87596969892809e-22  2.63869848658741e-24 
 5.94251113718507  1.84948455474617e-22  2.63869570900568e-24 
 5.98370265653620  1.82338391804612e-22  2.63869310116758e-24 
 6.02517970185897  1.79766191574813e-22  2.63869065961858e-24 
 6.06694425232486  1.77231277269292e-22  2.63868837794866e-24 
 6.10899830082433  1.74733080982131e-22  2.63868624835336e-24 
 6.15134385406188  1.72271044234715e-22  2.63868426699186e-24 
 6.19398293265182  1.69844617804334e-22  2.63868243086255e-24 
 6.23691757121469  1.67453261537488e-22  2.63868072886495e-24 
 6.28014981847434  1.65096444193320e-22  2.63867916068604e-24 
 6.32368173735573  1.62773643265940e-22  2.63867772306146e-24 
 6.36751540508328  1.60484344821335e-22  2.63867640814545e-24 
 6.41165291328008  1.58228043353917e-22  2.63867521429151e-24 
 6.45609636806764  1.56004241610928e-22  2.63867413621836e-24 
 6.50084789016642  1.53812450452104e-22  2.63867317026000e-24 
 6.54590961499700  1.51652188697644e-22  2.63867231474093e-24 
 6.59128369278200  1.49522982977055e-22  2.63867156393717e-24 
 6.63697228864866  1.47424367594036e-22  2.63867091356959e-24 
 6.68297758273217  1.45355884383546e-22  2.63867036385880e-24 
 6.72930177027970  1.43317082575821e-22  2.63866991051315e-24 
 6.77594706175514  1.41307518657731e-22  2.63866954939302e-24 
 6.82291568294458  1.39326756248561e-22  2.63866927871335e-24 
 6.87020987506253  1.37374365968299e-22  2.63866909653397e-24 
 6.91783189485886  1.35449925310046e-22  2.63866900011416e-24 
 6.96578401472647  1.33553018521962e-22  2.63866898667544e-24 
 7.01406852280974  1.31683236483144e-22  2.63866905312614e-24 
 7.06268772311372  1.29840176584973e-22  2.63866919835598e-24 
 7.11164393561405  1.28023442618915e-22  2.63866942074297e-24 
 7.16093949636767  1.26232644661319e-22  2.63866971730524e-24 
 7.21057675762429  1.24467398961380e-22  2.63867008735870e-24 
 7.26055808793866  1.22727327835146e-22  2.63867052844378e-24 
 7.31088587228354  1.21012059557568e-22  2.63867103883074e-24 
 7.36156251216354  1.19321228257910e-22  2.63867161706170e-24 
 7.41259042572971  1.17654473820044e-22  2.63867226101364e-24 
 7.46397204789492  1.16011441778521e-22  2.63867297083025e-24 
 7.51570983045005  1.14391783223576e-22  2.63867374378428e-24 
 7.56780624218098  1.12795154704385e-22  2.63867457865898e-24 
 7.62026376898639  1.11221218133565e-22  2.63867547513921e-24 
 7.67308491399641  1.09669640695873e-22  2.63867643163341e-24 
 7.72627219769200  1.08140094758200e-22  2.63867744662117e-24 
 7.77982815802530  1.06632257779701e-22  2.63867851966775e-24 
 7.83375535054068  1.05145812225122e-22  2.63867964958463e-24 
 7.88805634849667  1.03680445479889e-22  2.63868083527455e-24 
 7.94273374298882  1.02235849766267e-22  2.63868207682496e-24 
 7.99779014307327  1.00811722061306e-22  2.63868337239932e-24 
 8.05322817589127  9.94077640166182e-23  2.63868472160136e-24 
 8.10905048679457  9.80236818788633e-23  2.63868612356555e-24 
 8.16525973947159  9.66591864132897e-23  2.63868757852161e-24 
 8.22185861607458  9.53139928274016e-23  2.63868908478703e-24 
 8.27884981734756  9.39878206964546e-23  2.63869064250067e-24 
 8.33623606275523  9.26803938908127e-23  2.63869225064429e-24 
 8.39402009061271  9.13914405036305e-23  2.63869390946253e-24 
 8.45220465821623  9.01206927817370e-23  2.63869561794988e-24 
 8.51079254197466  8.88678870555727e-23  2.63869737617223e-24 
 8.56978653754203  8.76327636722479e-23  2.63869918338646e-24 
 8.62918945995092  8.64150669288059e-23  2.63870103954605e-24 
 8.68900414374678  8.52145450072243e-23  2.63870294394055e-24 
 8.74923344312319  8.40309499106610e-23  2.63870489732451e-24 
 8.80988023205805  8.28640374004615e-23  2.63870689832529e-24 
 8.87094740445073  8.17135669347670e-23  2.63870894745933e-24 
 8.93243787426015  8.05793016078773e-23  2.63871104449960e-24 
 8.99435457564383  7.94610080912973e-23  2.63871318928254e-24 
 9.05670046309791  7.83584565751799e-23  2.63871538181315e-24 
 9.11947851159808  7.72714207112457e-23  2.63871762202850e-24 
 9.18269171674162  7.61996775566886e-23  2.63871990971867e-24 
 9.24634309489027  7.51430075192075e-23  2.63872224497940e-24 
 9.31043568331422  7.41011943026374e-23  2.63872462804909e-24 
 9.37497254033697  7.30740248541552e-23  2.63872705885666e-24 
 9.43995674548135  7.20612893117101e-23  2.63872953735755e-24 
 9.50539139961638  7.10627809532473e-23  2.63873206372627e-24 
 9.57127962510530  7.00782961461032e-23  2.63873463805692e-24 
 9.63762456595455  6.91076342977192e-23  2.63873726083453e-24 
 9.70442938796376  6.81505978069891e-23  2.63873993198680e-24 
 9.77169727887684  6.72069920168559e-23  2.63874265157285e-24 
 9.83943144853409  6.62766251672743e-23  2.63874541999154e-24 
 9.90763512902535  6.53593083492697e-23  2.63874823751439e-24 
 9.97631157484426  6.44548554599374e-23  2.63875110440012e-24 
 10.0454640630435  6.35630831576994e-23  2.63875402060088e-24 
 10.1150958933912  6.26838108191818e-23  2.63875698707341e-24 
 10.1852103885284  6.18168604959007e-23  2.63876000363574e-24 
 10.2558108941277  6.09620568726168e-23  2.63876307080560e-24 
 10.3269007790525  6.01192272256527e-23  2.63876618891986e-24 
 10.3984834355183  5.92882013825268e-23  2.63876935837513e-24 
 10.4705622792543  5.84688116816451e-23  2.63877257953938e-24 
 10.5431407496663  5.76608929334814e-23  2.63877585285077e-24 
 10.6162223100009  5.68642823818577e-23  2.63877917858597e-24 
 10.6898104475110  5.60788196659062e-23  2.63878255754960e-24 
 10.7639086736217  5.53043467830082e-23  2.63878599004821e-24 
 10.8385205240983  5.45407080521298e-23  2.63878947647661e-24 
 10.9136495592148  5.37877500778123e-23  2.63879301739009e-24 
 10.9892993639239  5.30453217148389e-23  2.63879661334349e-24 
 11.0654735480280  5.23132740333809e-23  2.63880026480133e-24 
 11.1421757463513  5.15914602850357e-23  2.63880397241530e-24 
 11.2194096189136  5.08797358689052e-23  2.63880773674581e-24 
 11.2971788511047  5.01779582988460e-23  2.63881155824749e-24 
 11.3754871538602  4.94859871708143e-23  2.63881543774785e-24 
 11.4543382638387  4.88036841311262e-23  2.63881937573542e-24 
 11.5337359436002  4.81309128448251e-23  2.63882337285632e-24 
 11.6136839817853  4.74675389649830e-23  2.63882742974761e-24 
 11.6941861932966  4.68134301023020e-23  2.63883154710225e-24 
 11.7752464194798  4.61684557952667e-23  2.63883572557369e-24 
 11.8568685283081  4.55324874807816e-23  2.63883996591875e-24 
 11.9390564145657  4.49053984653584e-23  2.63884426883257e-24 
 12.0218140000345  4.42870638966443e-23  2.63884863498123e-24 
 12.1051452336807  4.36773607355699e-23  2.63885306517744e-24 
 12.1890540918435  4.30761677288950e-23  2.63885756015590e-24 
 12.2735445784249  4.24833653822142e-23  2.63886212073125e-24 
 12.3586207250804  4.18988359332752e-23  2.63886674764439e-24 
 12.4442865914117  4.13224633260842e-23  2.63887144175967e-24 
 12.5305462651603  4.07541331849942e-23  2.63887620383142e-24 
 12.6174038624026  4.01937327895334e-23  2.63888103480167e-24 
 12.7048635277463  3.96411510495092e-23  2.63888593544468e-24 
 12.7929294345280  3.90962784805692e-23  2.63889090666745e-24 
 12.8816057850126  3.85590071801134e-23  2.63889594931961e-24 
 12.9708968105938  3.80292308036516e-23  2.63890106435049e-24 
 13.0608067719958  3.75068445414788e-23  2.63890625268144e-24 
 13.1513399594767  3.69917450957481e-23  2.63891151518869e-24 
 13.2425006930332  3.64838306580123e-23  2.63891685291324e-24 
 13.3342933226071  3.59830008869067e-23  2.63892226672629e-24 
 13.4267222282923  3.54891568864523e-23  2.63892775771728e-24 
 13.5197918205439  3.50022011844865e-23  2.63893332680010e-24 
 13.6135065403893  3.45220377115801e-23  2.63893897504223e-24 
 13.7078708596391  3.40485717802241e-23  2.63894470345788e-24 
 13.8028892811015  3.35817100643304e-23  2.63895051313486e-24 
 13.8985663387962  3.31213605791778e-23  2.63895640509075e-24 
 13.9949065981715  3.26674326615059e-23  2.63896238045027e-24 
 14.0919146563220  3.22198369500710e-23  2.63896844030681e-24 
 14.1895951422075  3.17784853663766e-23  2.63897458579952e-24 
 14.2879527168744  3.13432910958839e-23  2.63898081802525e-24 
 14.3869920736780  3.09141685693064e-23  2.63898713816471e-24 
 14.4867179385063  3.04910334443989e-23  2.63899354742825e-24 
 14.5871350700055  3.00738025878998e-23  2.63900004694567e-24 
 14.6882482598073  2.96623940577541e-23  2.63900663798466e-24 
 14.7900623327574  2.92567270857796e-23  2.63901332173592e-24 
 14.8925821471456  2.88567220603528e-23  2.63902009945312e-24 
 14.9958125949379  2.84623005095908e-23  2.63902697244074e-24 
 15.0997586020097  2.80733850846525e-23  2.63903394193833e-24 
 15.2044251283811  2.76898995433590e-23  2.63904100928993e-24 
 15.3098171684530  2.73117687340702e-23  2.63904817581603e-24 
 15.4159397512464  2.69389185797886e-23  2.63905544283013e-24 
 15.5227979406414  2.65712760625037e-23  2.63906281172959e-24 
 15.6303968356194  2.62087692078357e-23  2.63907028390850e-24 
 15.7387415705062  2.58513270698262e-23  2.63907786074568e-24 
 15.8478373152171  2.54988797160605e-23  2.63908554367785e-24 
 15.9576892755034  2.51513582129244e-23  2.63909333416653e-24 
 16.0683026932012  2.48086946111620e-23  2.63910123365575e-24 
 16.1796828464810  2.44708219316200e-23  2.63910924365712e-24 
 16.2918350501001  2.41376741512128e-23  2.63911736568121e-24 
 16.4047646556556  2.38091861891033e-23  2.63912560124747e-24 
 16.5184770518403  2.34852938930970e-23  2.63913395193842e-24 
 16.6329776646998  2.31659340262713e-23  2.63914241932287e-24 
 16.7482719578910  2.28510442537126e-23  2.63915100498732e-24 
 16.8643654329430  2.25405631295980e-23  2.63915971056631e-24 
 16.9812636295200  2.22344300843343e-23  2.63916853771055e-24 
 17.0989721256850  2.19325854120147e-23  2.63917748809617e-24 
 17.2174965381665  2.16349702579294e-23  2.63918656341315e-24 
 17.3368425226262  2.13415266064038e-23  2.63919576538151e-24 
 17.4570157739289  2.10521972687317e-23  2.63920509575027e-24 
 17.5780220264145  2.07669258712947e-23  2.63921455628885e-24 
 17.6998670541713  2.04856568438895e-23  2.63922414878396e-24 
 17.8225566713118  2.02083354082410e-23  2.63923387507115e-24 
 17.9460967322498  1.99349075666147e-23  2.63924373697495e-24 
 18.0704931319802  1.96653200906966e-23  2.63925373638859e-24 
 18.1957518063599  1.93995205105582e-23  2.63926387519788e-24 
 18.3218787323912  1.91374571038141e-23  2.63927415533953e-24 
 18.4488799285070  1.88790788849637e-23  2.63928457875404e-24 
 18.5767614548581  1.86243355948561e-23  2.63929514743221e-24 
 18.7055294136022  1.83731776903129e-23  2.63930586337763e-24 
 18.8351899491949  1.81255563339165e-23  2.63931672862576e-24 
 18.9657492486836  1.78814233839729e-23  2.63932774524611e-24 
 19.0972135420018  1.76407313845492e-23  2.63933891533125e-24 
 19.2295891022672  1.74034335557317e-23  2.63935024100812e-24 
 19.3628822460803  1.71694837839681e-23  2.63936172443254e-24 
 19.4970993338266  1.69388366126203e-23  2.63937336777840e-24 
 19.6322467699794  1.67114472325541e-23  2.63938517326992e-24 
 19.7683310034059  1.64872714729551e-23  2.63939714314860e-24 
 19.9053585276743  1.62662657922387e-23  2.63940927969959e-24 
 20.0433358813646  1.60483872690813e-23  2.63942158521598e-24 
 20.1822696483797  1.58335935936093e-23  2.63943406206160e-24 
 20.3221664582601  1.56218430586753e-23  2.63944671259480e-24 
 20.4630329865000  1.54130945513005e-23  2.63945953923175e-24 
 20.6048759548659  1.52073075442055e-23  2.63947254441067e-24 
 20.7477021317176  1.50044420874681e-23  2.63948573060598e-24 
 20.8915183323305  1.48044588003257e-23  2.63949910033086e-24 
 21.0363314192216  1.46073188630345e-23  2.63951265613282e-24 
 21.1821483024764  1.44129840089157e-23  2.63952640058825e-24 
 21.3289759400790  1.42214165164371e-23  2.63954033631619e-24 
 21.4768213382437  1.40325792014739e-23  2.63955446597614e-24 
 21.6256915517498  1.38464354096097e-23  2.63956879224685e-24 
 21.7755936842778  1.36629490086098e-23  2.63958331785949e-24 
 21.9265348887486  1.34820843809460e-23  2.63959804559018e-24 
 22.0785223676650  1.33038064164374e-23  2.63961297823777e-24 
 22.2315633734548  1.31280805050033e-23  2.63962811864478e-24 
 22.3856652088175  1.29548725295036e-23  2.63964346969690e-24 
 22.5408352270723  1.27841488586697e-23  2.63965903431957e-24 
 22.6970808325095  1.26158763401350e-23  2.63967481547299e-24 
 22.8544094807431  1.24500222935688e-23  2.63969081616848e-24 
 23.0128286790671  1.22865545038767e-23  2.63970703944832e-24 
 23.1723459868137  1.21254412145103e-23  2.63972348840779e-24 
 23.3329690157137  1.19666511208520e-23  2.63974016618238e-24 
 23.4947054302601  1.18101533636873e-23  2.63975707594014e-24 
 23.6575629480733  1.16559175227671e-23  2.63977422090779e-24 
 23.8215493402700  1.15039136104469e-23  2.63979160435389e-24 
 23.9866724318337  1.13541120653993e-23  2.63980922958385e-24 
 24.1529401019879  1.12064837464198e-23  2.63982709996109e-24 
 24.3203602845723  1.10609999262960e-23  2.63984521888928e-24 
 24.4889409684215  1.09176322857612e-23  2.63986358981531e-24 
 24.6586901977460  1.07763529075227e-23  2.63988221624040e-24 
 24.8296160725160  1.06371342703539e-23  2.63990110171803e-24 
 25.0017267488481  1.04999492432588e-23  2.63992024984184e-24 
 25.1750304393944  1.03647710797185e-23  2.63993966425917e-24 
 25.3495354137344  1.02315734119898e-23  2.63995934867131e-24 
 25.5252499987695  1.01003302454806e-23  2.63997930682332e-24 
 25.7021825791205  9.97101595318850e-24  2.63999954252703e-24 
 25.8803415975275  9.84360527019292e-24  2.64002005962377e-24 
 26.0597355552532  9.71807328823246e-24  2.64004086203155e-24 
 26.2403730124878  9.59439545031813e-24  2.64006195370989e-24 
 26.4222625887581  9.47254754542446e-24  2.64008333867639e-24 
 26.6054129633388  9.35250570323247e-24  2.64010502100894e-24 
 26.7898328756662  9.23424638892418e-24  2.64012700483325e-24 
 26.9755311257555  9.11774639804611e-24  2.64014929433394e-24 
 27.1625165746207  9.00298285142158e-24  2.64017189376723e-24 
 27.3507981446976  8.88993319011131e-24  2.64019480742804e-24 
 27.5403848202692  8.77857517043502e-24  2.64021803968618e-24 
 27.7312856478946  8.66888685904248e-24  2.64024159496376e-24 
 27.9235097368406  8.56084662803110e-24  2.64026547774874e-24 
 28.1170662595165  8.45443315012183e-24  2.64028969258863e-24 
 28.3119644519117  8.34962539387532e-24  2.64031424409904e-24 
 28.5082136140364  8.24640261895648e-24  2.64033913695417e-24 
 28.7058231103654  8.14474437145291e-24  2.64036437589256e-24 
 28.9048023702849  8.04463047923601e-24  2.64038996572491e-24 
 29.1051608885425  7.94604104735918e-24  2.64041591132029e-24 
 29.3069082257004  7.84895645351860e-24  2.64044221762610e-24 
 29.5100540085912  7.75335734353504e-24  2.64046888964583e-24 
 29.7146079307776  7.65922462690247e-24  2.64049593246315e-24 
 29.9205797530149  7.56653947235850e-24  2.64052335122356e-24 
 30.1279793037168  7.47528330351354e-24  2.64055115115215e-24 
 30.3368164794242  7.38543779450959e-24  2.64057933754065e-24 
 30.5471012452775  7.29698486572674e-24  2.64060791575773e-24 
 30.7588436354923  7.20990667952659e-24  2.64063689124304e-24 
 30.9720537538380  7.12418563604156e-24  2.64066626951364e-24 
 31.1867417741198  7.03980436899758e-24  2.64069605616347e-24 
 31.4029179406648  6.95674574158319e-24  2.64072625686506e-24 
 31.6205925688098  6.87499284235184e-24  2.64075687736668e-24 
 31.8397760453946  6.79452898117128e-24  2.64078792349874e-24 
 32.0604788292569  6.71533768520644e-24  2.64081940117072e-24 
 32.2827114517316  6.63740269494697e-24  2.64085131637597e-24 
 32.5064845171533  6.56070796027023e-24  2.64088367518853e-24 
 32.7318087033625  6.48523763654971e-24  2.64091648376879e-24 
 32.9586947622148  6.41097608079919e-24  2.64094974836233e-24 
 33.1871535200942  6.33790784785965e-24  2.64098347529988e-24 
 33.4171958784295  6.26601768662834e-24  2.64101767100136e-24 
 33.6488328142146  6.19529053632766e-24  2.64105234197516e-24 
 33.8820753805325  6.12571152281720e-24  2.64108749481964e-24 
 34.1169347070822  6.05726595494842e-24  2.64112313622505e-24 
 34.3534220007103  5.98993932096320e-24  2.64115927297413e-24 
 34.5915485459455  5.92371728493590e-24  2.64119591194387e-24 
 34.8313257055371  5.85858568326027e-24  2.64123306010609e-24 
 35.0727649209972  5.79453052118402e-24  2.64127072452959e-24 
 35.3158777131467  5.73153796938725e-24  2.64130891238094e-24 
 35.5606756826650  5.66959436061167e-24  2.64134763092598e-24 
 35.8071705106437  5.60868618633709e-24  2.64138688753161e-24 
 36.0553739591436  5.54880009350716e-24  2.64142668966612e-24 
 36.3052978717563  5.48992288130833e-24  2.64146704490199e-24 
 36.5569541741694  5.43204149799863e-24  2.64150796091592e-24 
 36.8103548747353  5.37514303779227e-24  2.64154944549131e-24 
 37.0655120650444  5.31921473779686e-24  2.64159150651936e-24 
 37.3224379205018  5.26424397500827e-24  2.64163415200025e-24 
 37.5811447009088  5.21021826336215e-24  2.64167739004535e-24 
 37.8416447510472  5.15712525084411e-24  2.64172122887814e-24 
 38.1039505012691  5.10495271666011e-24  2.64176567683591e-24 
 38.3680744680894  5.05368856846875e-24  2.64181074237145e-24 
 38.6340292547835  5.00332083967538e-24  2.64185643405460e-24 
 38.9018275519886  4.95383768679110e-24  2.64190276057365e-24 
 39.1714821383090  4.90522738685776e-24  2.64194973073755e-24 
 39.4430058809261  4.85747833493813e-24  2.64199735347673e-24 
 39.7164117362124  4.81057904167605e-24  2.64204563784541e-24 
 39.9917127503497  4.76451813092505e-24  2.64209459302314e-24 
 40.2689220599517  4.71928433744793e-24  2.64214422831647e-24 
 40.5480528926903  4.67486650468772e-24  2.64219455316071e-24 
 40.8291185679279  4.63125358261229e-24  2.64224557712160e-24 
 41.1121324973518  4.58843462563257e-24  2.64229730989743e-24 
 41.3971081856150  4.54639879059552e-24  2.64234976132049e-24 
 41.6840592309799  4.50513533485337e-24  2.64240294135912e-24 
 41.9729993259681  4.46463361440931e-24  2.64245686011959e-24 
 42.2639422580127  4.42488308214043e-24  2.64251152784780e-24 
 42.5569019101170  4.38587328609865e-24  2.64256695493151e-24 
 42.8518922615166  4.34759386789021e-24  2.64262315190195e-24 
 43.1489273883467  4.31003456113365e-24  2.64268012943607e-24 
 43.4480214643132  4.27318518999700e-24  2.64273789835843e-24 
 43.7491887613699  4.23703566781388e-24  2.64279646964316e-24 
 44.0524436503988  4.20157599577860e-24  2.64285585441609e-24 
 44.3578006018961  4.16679626172039e-24  2.64291606395691e-24 
 44.6652741866628  4.13268663895586e-24  2.64297710970113e-24 
 44.9748790764998  4.09923738521935e-24  2.64303900324229e-24 
 45.2866300449080  4.06643884167117e-24  2.64310175633409e-24 
 45.6005419677935  4.03428143198194e-24  2.64316538089275e-24 
 45.9166298241770  4.00275566149266e-24  2.64322988899894e-24 
 46.2349086969091  3.97185211644952e-24  2.64329529290036e-24 
 46.5553937733894  3.94156146331167e-24  2.64336160501379e-24 
 46.8781003462919  3.91187444813099e-24  2.64342883792752e-24 
 47.2030438142941  3.88278189600194e-24  2.64349700440365e-24 
 47.5302396828119  3.85427471058013e-24  2.64356611738057e-24 
 47.8597035647401  3.82634387366734e-24  2.64363618997523e-24 
 48.1914511811963  3.79898044486113e-24  2.64370723548570e-24 
 48.5254983622723  3.77217556126705e-24  2.64377926739360e-24 
 48.8618610477883  3.74592043727079e-24  2.64385229936664e-24 
 49.2005552880545  3.72020636436816e-24  2.64392634526115e-24 
 49.5415972446361  3.69502471105020e-24  2.64400141912462e-24 
 49.8850031911254  3.67036692274090e-24  2.64407753519841e-24 
 50.2307895139174  3.64622452178448e-24  2.64415470792034e-24 
 50.5789727129926  3.62258910747980e-24  2.64423295192740e-24 
 50.9295694027035  3.59945235615863e-24  2.64431228205843e-24 
 51.2825963125680  3.57680602130502e-24  2.64439271335694e-24 
 51.6380702880675  3.55464193371243e-24  2.64447426107387e-24 
 51.9960082914506  3.53295200167577e-24  2.64455694067046e-24 
 52.3564274025425  3.51172821121508e-24  2.64464076782103e-24 
 52.7193448195605  3.49096262632771e-24  2.64472575841606e-24 
 53.0847778599337  3.47064738926556e-24  2.64481192856493e-24 
 53.4527439611304  3.45077472083470e-24  2.64489929459912e-24 
 53.8232606814892  3.43133692071351e-24  2.64498787307505e-24 
 54.1963457010576  3.41232636778668e-24  2.64507768077730e-24 
 54.5720168224352  3.39373552049165e-24  2.64516873472164e-24 
 54.9502919716234  3.37555691717443e-24  2.64526105215818e-24 
 55.3311891988807  3.35778317645175e-24  2.64535465057462e-24 
 55.7147266795838  3.34040699757647e-24  2.64544954769944e-24 
 56.1009227150955  3.32342116080337e-24  2.64554576150520e-24 
 56.4897957336371  3.30681852775244e-24  2.64564331021186e-24 
 56.8813642911688  3.29059204176688e-24  2.64574221229014e-24 
 57.2756470722740  3.27473472826308e-24  2.64584248646494e-24 
 57.6726628910518  3.25923969507009e-24  2.64594415171883e-24 
 58.0724306920143  3.24410013275611e-24  2.64604722729549e-24 
 58.4749695509907  3.22930931493947e-24  2.64615173270333e-24 
 58.8802986760375  3.21486059858213e-24  2.64625768771904e-24 
 59.2884374083551  3.20074742426341e-24  2.64636511239124e-24 
 59.6994052232107  3.18696331643194e-24  2.64647402704421e-24 
 60.1132217308677  3.17350188363418e-24  2.64658445228162e-24 
 60.5299066775211  3.16035681871758e-24  2.64669640899030e-24 
 60.9494799462403  3.14752189900695e-24  2.64680991834409e-24 
 61.3719615579173  3.13499098645261e-24  2.64692500180776e-24 
 61.7973716722224  3.12275802774884e-24  2.64704168114094e-24 
 62.2257305885661  3.11081705442177e-24  2.64715997840211e-24 
 62.6570587470677  3.09916218288538e-24  2.64727991595266e-24 
 63.0913767295303  3.08778761446509e-24  2.64740151646101e-24 
 63.5287052604238  3.07668763538778e-24  2.64752480290672e-24 
 63.9690652078730  3.06585661673801e-24  2.64764979858476e-24 
 64.4124775846534  3.05528901437977e-24  2.64777652710973e-24 
 64.8589635491945  3.04497936884336e-24  2.64790501242026e-24 
 65.3085444065887  3.03492230517741e-24  2.64803527878326e-24 
 65.7612416096085  3.02511253276563e-24  2.64816735079849e-24 
 66.2170767597298  3.01554484510856e-24  2.64830125340302e-24 
 66.6760716081628  3.00621411957031e-24  2.64843701187571e-24 
 67.1382480568897  2.99711531709047e-24  2.64857465184194e-24 
 67.6036281597104  2.98824348186168e-24  2.64871419927822e-24 
 68.0722341232939  2.97959374097309e-24  2.64885568051692e-24 
 68.5440883082391  2.97116130402039e-24  2.64899912225111e-24 
 69.0192132301406  2.96294146268283e-24  2.64914455153939e-24 
 69.4976315606640  2.95492959026806e-24  2.64929199581084e-24 
 69.9793661286272  2.94712114122547e-24  2.64944148286998e-24 
 70.4644399210900  2.93951165062873e-24  2.64959304090183e-24 
 70.9528760844508  2.93209673362860e-24  2.64974669847706e-24 
 71.4446979255514  2.92487208487676e-24  2.64990248455714e-24 
 71.9399289127884  2.91783347792176e-24  2.65006042849962e-24 
 72.4385926772343  2.91097676457798e-24  2.65022056006342e-24 
 72.9407130137635  2.90429787426876e-24  2.65038290941425e-24 
 73.4463138821894  2.89779281334471e-24  2.65054750713005e-24 
 73.9554194084064  2.89145766437836e-24  2.65071438420654e-24 
 74.4680538855417  2.88528858543626e-24  2.65088357206281e-24 
 74.9842417751146  2.87928180932976e-24  2.65105510254698e-24 
 75.5040077082033  2.87343364284543e-24  2.65122900794198e-24 
 76.0273764866207  2.86774046595657e-24  2.65140532097134e-24 
 76.5543730840973  2.86219873101680e-24  2.65158407480510e-24 
 77.0850226474738  2.85680496193701e-24  2.65176530306579e-24 
 77.6193504978998  2.85155575334671e-24  2.65194903983445e-24 
 78.1573821320434  2.84644776974121e-24  2.65213531965679e-24 
 78.6991432233066  2.84147774461549e-24  2.65232417754934e-24 
 79.2446596230513  2.83664247958619e-24  2.65251564900582e-24 
 79.7939573618322  2.83193884350262e-24  2.65270977000341e-24 
 80.3470626506394  2.82736377154810e-24  2.65290657700924e-24 
 80.9040018821488  2.82291426433260e-24  2.65310610698693e-24 
 81.4648016319816  2.81858738697786e-24  2.65330839740316e-24 
 82.0294886599724  2.81438026819590e-24  2.65351348623438e-24 
 82.5980899114462  2.81029009936221e-24  2.65372141197360e-24 
 83.1706325185038  2.80631413358423e-24  2.65393221363722e-24 
 83.7471438013172  2.80244968476649e-24  2.65414593077203e-24 
 84.3276512694323  2.79869412667317e-24  2.65436260346219e-24 
 84.9121826230825  2.79504489198891e-24  2.65458227233640e-24 
 85.5007657545095  2.79149947137891e-24  2.65480497857507e-24 
 86.0934287492954  2.78805541254911e-24  2.65503076391769e-24 
 86.6901998877020  2.78471031930730e-24  2.65525967067017e-24 
 87.2911076460202  2.78146185062582e-24  2.65549174171237e-24 
 87.8961806979296  2.77830771970682e-24  2.65572702050563e-24 
 88.5054479158660  2.77524569305054e-24  2.65596555110053e-24 
 89.1189383723994  2.77227358952757e-24  2.65620737814457e-24 
 89.7366813416211  2.76938927945556e-24  2.65645254689013e-24 
 90.3587063005412  2.76659068368100e-24  2.65670110320237e-24 
 90.9850429304939  2.76387577266675e-24  2.65695309356734e-24 
 91.6157211185553  2.76124256558589e-24  2.65720856510012e-24 
 92.2507709589683  2.75868912942230e-24  2.65746756555312e-24 
 92.8902227545795  2.75621357807851e-24  2.65773014332442e-24 
 93.5341070182845  2.75381407149140e-24  2.65799634746623e-24 
 94.1824544744845  2.75148881475601e-24  2.65826622769352e-24 
 94.8352960605517  2.74923605725792e-24  2.65853983439268e-24 
 95.4926629283063  2.74705409181473e-24  2.65881721863026e-24 
 96.1545864455022  2.74494125382671e-24  2.65909843216195e-24 
 96.8210981973247  2.74289592043719e-24  2.65938352744153e-24 
 97.4922299878965  2.74091650970288e-24  2.65967255762999e-24 
 98.1680138417966  2.73900147977437e-24  2.65996557660477e-24 
 98.8484820055872  2.73714932808709e-24  2.66026263896908e-24 
 99.5336669493534  2.73535859056301e-24  2.66056380006137e-24 
 100.223601368252  2.73362784082316e-24  2.66086911596488e-24 
 100.918318184072  2.73195568941122e-24  2.66117864351732e-24 
 101.617850546805  2.73034078302839e-24  2.66149244032066e-24 
 102.322231836228  2.72878180377951e-24  2.66181056475107e-24 
 103.031495663494  2.72727746843082e-24  2.66213307596892e-24 
 103.745675872739  2.72582652767907e-24  2.66246003392895e-24 
 104.464806542696  2.72442776543252e-24  2.66279149939052e-24 
 105.188921988317  2.72307999810350e-24  2.66312753392804e-24 
 105.918056762419  2.72178207391285e-24  2.66346819994146e-24 
 106.652245657322  2.72053287220606e-24  2.66381356066692e-24 
 107.391523706520  2.71933130278135e-24  2.66416368018753e-24 
 108.135926186344  2.71817630522950e-24  2.66451862344422e-24 
 108.885488617651  2.71706684828555e-24  2.66487845624684e-24 
 109.640246767516  2.71600192919231e-24  2.66524324528524e-24 
 110.400236650938  2.71498057307563e-24  2.66561305814057e-24 
 111.165494532563  2.71400183233138e-24  2.66598796329672e-24 
 111.936056928410  2.71306478602418e-24  2.66636803015184e-24 
 112.711960607614  2.71216853929771e-24  2.66675332903002e-24 
 113.493242594184  2.71131222279660e-24  2.66714393119312e-24 
 114.279940168764  2.71049499209974e-24  2.66753990885269e-24 
 115.072090870418  2.70971602716509e-24  2.66794133518211e-24 
 115.869732498417  2.70897453178564e-24  2.66834828432874e-24 
 116.672903114043  2.70826973305671e-24  2.66876083142638e-24 
 117.481641042408  2.70760088085427e-24  2.66917905260767e-24 
 118.295984874280  2.70696724732423e-24  2.66960302501684e-24 
 119.115973467927  2.70636812638265e-24  2.67003282682241e-24 
 119.941645950967  2.70580283322661e-24  2.67046853723020e-24 
 120.773041722239  2.70527070385584e-24  2.67091023649638e-24 
 121.610200453683  2.70477109460464e-24  2.67135800594067e-24 
 122.453162092229  2.70430338168438e-24  2.67181192795974e-24 
 123.301966861709  2.70386696073600e-24  2.67227208604076e-24 
 124.156655264771  2.70346124639280e-24  2.67273856477502e-24 
 125.017268084814  2.70308567185299e-24  2.67321144987180e-24 
 125.883846387935  2.70273968846219e-24  2.67369082817231e-24 
 126.756431524887  2.70242276530548e-24  2.67417678766383e-24 
 127.635065133054  2.70213438880898e-24  2.67466941749402e-24 
 128.519789138435  2.70187406235085e-24  2.67516880798530e-24 
 129.410645757646  2.70164130588142e-24  2.67567505064952e-24 
 130.307677499936  2.70143565555244e-24  2.67618823820265e-24 
 131.210927169214  2.70125666335522e-24  2.67670846457971e-24 
 132.120437866089  2.70110389676753e-24  2.67723582494985e-24 
 133.036252989932  2.70097693840913e-24  2.67777041573159e-24 
 133.958416240943  2.70087538570574e-24  2.67831233460818e-24 
 134.886971622237  2.70079885056137e-24  2.67886168054317e-24 
 135.821963441945  2.70074695903875e-24  2.67941855379615e-24 
 136.763436315327  2.70071935104783e-24  2.67998305593861e-24 
 137.711435166899  2.70071568004214e-24  2.68055528986997e-24 
 138.666005232583  2.70073561272281e-24  2.68113535983384e-24 
 139.627192061858  2.70077882875029e-24  2.68172337143438e-24 
 140.595041519938  2.70084502046337e-24  2.68231943165284e-24 
 141.569599789960  2.70093389260558e-24  2.68292364886429e-24 
 142.550913375186  2.70104516205866e-24  2.68353613285453e-24 
 143.539029101225  2.70117855758312e-24  2.68415699483710e-24 
 144.533994118264  2.70133381956556e-24  2.68478634747057e-24 
 145.535855903321  2.70151069977284e-24  2.68542430487589e-24 
 146.544662262506  2.70170896111272e-24  2.68607098265400e-24 
 147.560461333309  2.70192837740099e-24  2.68672649790359e-24 
 148.583301586891  2.70216873313503e-24  2.68739096923898e-24 
 149.613231830399  2.70242982327333e-24  2.68806451680829e-24 
 150.650301209296  2.70271145302136e-24  2.68874726231162e-24 
 151.694559209703  2.70301343762306e-24  2.68943932901962e-24 
 152.746055660765  2.70333560215843e-24  2.69014084179200e-24 
 153.804840737025  2.70367778134662e-24  2.69085192709644e-24 
 154.870964960818  2.70403981935459e-24  2.69157271302752e-24 
 155.944479204686  2.70442156961130e-24  2.69230332932590e-24 
 157.025434693800  2.70482289462716e-24  2.69304390739764e-24 
 158.113883008408  2.70524366581869e-24  2.69379458033378e-24 
 159.209876086295  2.70568376333828e-24  2.69455548292997e-24 
 160.313466225262  2.70614307590893e-24  2.69532675170641e-24 
 161.424706085621  2.70662150066383e-24  2.69610852492790e-24 
 162.543648692706  2.70711894299078e-24  2.69690094262405e-24 
 163.670347439408  2.70763531638114e-24  2.69770414660977e-24 
 164.804856088717  2.70817054228343e-24  2.69851828050581e-24 
 165.947228776294  2.70872454996135e-24  2.69934348975960e-24 
 167.097520013045  2.70929727635613e-24  2.70017992166616e-24 
 168.255784687734  2.70988866595308e-24  2.70102772538935e-24 
 169.422078069589  2.71049867065245e-24  2.70188705198308e-24 
 170.596455810952  2.71112724964410e-24  2.70275805441291e-24 
 171.778973949925  2.71177436928638e-24  2.70364088757771e-24 
 172.969688913049  2.71244000298869e-24  2.70453570833156e-24 
 174.168657517994  2.71312413109790e-24  2.70544267550576e-24 
 175.375936976272  2.71382674078852e-24  2.70636194993110e-24 
 176.591584895966  2.71454782595632e-24  2.70729369446030e-24 
 177.815659284480  2.71528738711560e-24  2.70823807399055e-24 
 179.048218551305  2.71604543129986e-24  2.70919525548631e-24 
 180.289321510808  2.71682197196584e-24  2.71016540800230e-24 
 181.539027385038  2.71761702890078e-24  2.71114870270655e-24 
 182.797395806549  2.71843062813298e-24  2.71214531290379e-24 
 184.064486821253  2.71926280184540e-24  2.71315541405890e-24 
 185.340360891275  2.72011358829232e-24  2.71417918382059e-24 
 186.625078897847  2.72098303171906e-24  2.71521680204518e-24 
 187.918702144208  2.72187118228449e-24  2.71626845082069e-24 
 189.221292358533  2.72277809598648e-24  2.71733431449098e-24 
 190.532911696873  2.72370383459001e-24  2.71841457968011e-24 
 191.853622746125  2.72464846555810e-24  2.71950943531686e-24 
 193.183488527020  2.72561206198533e-24  2.72061907265944e-24 
 194.522572497126  2.72659470253385e-24  2.72174368532036e-24 
 195.870938553877  2.72759647137204e-24  2.72288346929143e-24 
 197.228651037625  2.72861745811555e-24  2.72403862296898e-24 
 198.595774734706  2.72965775777070e-24  2.72520934717920e-24 
 199.972374880534  2.73071747068026e-24  2.72639584520370e-24 
 201.358517162715  2.73179670247149e-24  2.72759832280514e-24 
 202.754267724177  2.73289556400642e-24  2.72881698825310e-24 
 204.159693166331  2.73401417133417e-24  2.73005205235006e-24 
 205.574860552246  2.73515264564562e-24  2.73130372845756e-24 
 206.999837409850  2.73631111322987e-24  2.73257223252251e-24 
 208.434691735152  2.73748970543287e-24  2.73385778310361e-24 
 209.879491995488  2.73868855861799e-24  2.73516060139796e-24 
 211.334307132786  2.73990781412842e-24  2.73648091126785e-24 
 212.799206566856  2.74114761825148e-24  2.73781893926756e-24 
 214.274260198704  2.74240812218475e-24  2.73917491467048e-24 
 215.759538413866  2.74368948200394e-24  2.74054906949617e-24 
 217.255112085769  2.74499185863248e-24  2.74194163853774e-24 
 218.761052579110  2.74631541781278e-24  2.74335285938928e-24 
 220.277431753260  2.74766033007913e-24  2.74478297247333e-24 
 221.804321965700  2.74902677073220e-24  2.74623222106865e-24 
 223.341796075465  2.75041491981507e-24  2.74770085133799e-24 
 224.889927446627  2.75182496209074e-24  2.74918911235602e-24 
 226.448789951793  2.75325708702117e-24  2.75069725613732e-24 
 228.018457975631  2.75471148874770e-24  2.75222553766461e-24 
 229.599006418417  2.75618836607283e-24  2.75377421491694e-24 
 231.190510699613  2.75768792244346e-24  2.75534354889806e-24 
 232.793046761462  2.75921036593530e-24  2.75693380366490e-24 
 234.406691072615  2.76075590923868e-24  2.75854524635609e-24 
 236.031520631777  2.76232476964552e-24  2.76017814722063e-24 
 237.667612971384  2.76391716903757e-24  2.76183277964661e-24 
 239.315046161301  2.76553333387576e-24  2.76350942019002e-24 
 240.973898812545  2.76717349519072e-24  2.76520834860364e-24 
 242.644250081042  2.76883788857447e-24  2.76692984786603e-24 
 244.326179671398  2.77052675417301e-24  2.76867420421048e-24 
 246.019767840706  2.77224033668019e-24  2.77044170715424e-24 
 247.725095402376  2.77397888533236e-24  2.77223264952752e-24 
 249.442243729987  2.77574265390418e-24  2.77404732750281e-24 
 251.171294761174  2.77753190070527e-24  2.77588604062408e-24 
 252.912331001537  2.77934688857785e-24  2.77774909183606e-24 
 254.665435528578  2.78118788489518e-24  2.77963678751365e-24 
 256.430691995662  2.78305516156102e-24  2.78154943749117e-24 
 258.208184636015  2.78494899500974e-24  2.78348735509183e-24 
 259.997998266738  2.78686966620741e-24  2.78545085715708e-24 
 261.800218292854  2.78881746065349e-24  2.78744026407608e-24 
 263.614930711391  2.79079266838348e-24  2.78945589981507e-24 
 265.442222115473  2.79279558397214e-24  2.79149809194683e-24 
 267.282179698465  2.79482650653745e-24  2.79356717168009e-24 
 269.134891258123  2.79688573974527e-24  2.79566347388890e-24 
 271.000445200790  2.79897359181470e-24  2.79778733714206e-24 
 272.878930545614  2.80109037552387e-24  2.79993910373247e-24 
 274.770436928790  2.80323640821662e-24  2.80211911970641e-24 
 276.675054607846  2.80541201180949e-24  2.80432773489287e-24 
 278.592874465943  2.80761751279947e-24  2.80656530293276e-24 
 280.523988016213  2.80985324227209e-24  2.80883218130811e-24 
 282.468487406129  2.81211953591022e-24  2.81112873137114e-24 
 284.426465421898  2.81441673400316e-24  2.81345531837339e-24 
 286.398015492892  2.81674518145634e-24  2.81581231149458e-24 
 288.383231696102  2.81910522780138e-24  2.81820008387161e-24 
 290.382208760633  2.82149722720657e-24  2.82061901262722e-24 
 292.395042072217  2.82392153848782e-24  2.82306947889882e-24 
 294.421827677771  2.82637852511987e-24  2.82555186786693e-24 
 296.462662289976  2.82886855524792e-24  2.82806656878374e-24 
 298.517643291894  2.83139200169961e-24  2.83061397500141e-24 
 300.586868741615  2.83394924199729e-24  2.83319448400026e-24 
 302.670437376932  2.83654065837050e-24  2.83580849741685e-24 
 304.768448620060  2.83916663776890e-24  2.83845642107188e-24 
 306.881002582372  2.84182757187529e-24  2.84113866499791e-24 
 309.008200069183  2.84452385711890e-24  2.84385564346699e-24 
 311.150142584554  2.84725589468896e-24  2.84660777501803e-24 
 313.306932336142  2.85002409054837e-24  2.84939548248400e-24 
 315.478672240071  2.85282885544763e-24  2.85221919301900e-24 
 317.665465925846  2.85567060493881e-24  2.85507933812505e-24 
 319.867417741298  2.85854975938983e-24  2.85797635367869e-24 
 322.084632757562  2.86146674399861e-24  2.86091067995739e-24 
 324.317216774092  2.86442198880763e-24  2.86388276166568e-24 
 326.565276323709  2.86741592871827e-24  2.86689304796106e-24 
 328.828918677683  2.87044900350540e-24  2.86994199247974e-24 
 331.108251850853  2.87352165783198e-24  2.87303005336196e-24 
 333.403384606783  2.87663434126365e-24  2.87615769327715e-24 
 335.714426462948  2.87978750828336e-24  2.87932537944886e-24 
 338.041487695962  2.88298161830600e-24  2.88253358367930e-24 
 340.384679346842  2.88621713569298e-24  2.88578278237363e-24 
 342.744113226302  2.88949452976682e-24  2.88907345656396e-24 
 345.119901920092  2.89281427482564e-24  2.89240609193304e-24 
 347.512158794369  2.89617685015759e-24  2.89578117883757e-24 
 349.920998001107  2.89958274005524e-24  2.89919921233131e-24 
 352.346534483544  2.90303243382976e-24  2.90266069218768e-24 
 354.788883981664  2.90652642582515e-24  2.90616612292219e-24 
 357.248163037726  2.91006521543217e-24  2.90971601381435e-24 
 359.724489001819  2.91364930710222e-24  2.91331087892939e-24 
 362.217980037464  2.91727921036105e-24  2.91695123713938e-24 
 364.728755127253  2.92095543982227e-24  2.92063761214424e-24 
 367.256934078526  2.92467851520071e-24  2.92437053249213e-24 
 369.802637529087  2.92844896132550e-24  2.92815053159956e-24 
 372.365986952963  2.93226730815304e-24  2.93197814777110e-24 
 374.947104666196  2.93613409077965e-24  2.93585392421861e-24 
 377.546113832685  2.94004984945407e-24  2.93977840908006e-24 
 380.163138470058  2.94401512958959e-24  2.94375215543802e-24 
 382.798303455595  2.94803048177602e-24  2.94777572133758e-24 
 385.451734532182  2.95209646179133e-24  2.95184966980390e-24 
 388.123558314312  2.95621363061298e-24  2.95597456885930e-24 
 390.813902294131  2.96038255442904e-24  2.96015099153989e-24 
 393.522894847515  2.96460380464887e-24  2.96437951591172e-24 
 396.250665240201  2.96887795791360e-24  2.96866072508647e-24 
 398.997343633954  2.97320559610616e-24  2.97299520723670e-24 
 401.763061092774  2.97758730636111e-24  2.97738355561052e-24 
 404.547949589156  2.98202368107396e-24  2.98182636854590e-24 
 407.352142010384  2.98651531791023e-24  2.98632424948437e-24 
 410.175772164873  2.99106281981416e-24  2.99087780698427e-24 
 413.018974788553  2.99566679501690e-24  2.99548765473356e-24 
 415.881885551299  3.00032785704451e-24  3.00015441156198e-24 
 418.764641063404  3.00504662472541e-24  3.00487870145281e-24 
 421.667378882101  3.00982372219748e-24  3.00966115355406e-24 
 424.590237518119  3.01465977891480e-24  3.01450240218918e-24 
 427.533356442304  3.01955542965388e-24  3.01940308686722e-24 
 430.496876092262  3.02451131451957e-24  3.02436385229244e-24 
 433.480937879070  3.02952807895044e-24  3.02938534837345e-24 
 436.485684194017  3.03460637372384e-24  3.03446823023175e-24 
 439.511258415403  3.03974685496043e-24  3.03961315820980e-24 
 442.557804915378  3.04495018412833e-24  3.04482079787852e-24 
 445.625469066833  3.05021702804682e-24  3.05009182004429e-24 
 448.714397250334  3.05554805888952e-24  3.05542690075530e-24 
 451.824736861110  3.06094395418727e-24  3.06082672130756e-24 
 454.956636316085  3.06640539683041e-24  3.06629196825019e-24 
 458.110245060959  3.07193307507067e-24  3.07182333339027e-24 
 461.285713577340  3.07752768252265e-24  3.07742151379714e-24 
 464.483193389926  3.08318991816477e-24  3.08308721180614e-24 
 467.702837073734  3.08892048633978e-24  3.08882113502190e-24 
 470.944798261378  3.09472009675490e-24  3.09462399632097e-24 
 474.209231650406  3.10058946448135e-24  3.10049651385405e-24 
 477.496293010675  3.10652930995362e-24  3.10643941104764e-24 
 480.806139191789  3.11254035896810e-24  3.11245341660516e-24 
 484.138928130581  3.11862334268145e-24  3.11853926450762e-24 
 487.494818858649  3.12477899760836e-24  3.12469769401369e-24 
 490.873971509947  3.13100806561898e-24  3.13092944965939e-24 
 494.276547328424  3.13731129393587e-24  3.13723528125717e-24 
 497.702708675718  3.14368943513054e-24  3.14361594389453e-24 
 501.152619038904  3.15014324711957e-24  3.15007219793224e-24 
 504.626443038296  3.15667349316028e-24  3.15660480900196e-24 
 508.124346435301  3.16328094184600e-24  3.16321454800350e-24 
 511.646496140330  3.16996636710100e-24  3.16990219110156e-24 
 515.193060220760  3.17673054817489e-24  3.17666851972204e-24 
 518.764207908958  3.18357426963681e-24  3.18351432054791e-24 
 522.360109610352  3.19049832136906e-24  3.19044038551471e-24 
 525.980936911563  3.19750349856050e-24  3.19744751180548e-24 
 529.626862588595  3.20459060169947e-24  3.20453650184552e-24 
 533.298060615080  3.21176043656656e-24  3.21170816329649e-24 
 536.994706170572  3.21901381422675e-24  3.21896330905035e-24 
 540.716975648919  3.22635155102154e-24  3.22630275722284e-24 
 544.465046666666  3.23377446856050e-24  3.23372733114655e-24 
 548.239098071541  3.24128339371272e-24  3.24123785936382e-24 
 552.039309950985  3.24887915859782e-24  3.24883517561910e-24 
 555.865863640744  3.25656260057684e-24  3.25652011885121e-24 
 559.718941733523  3.26433456224272e-24  3.26429353318512e-24 
 563.598728087703  3.27219589141068e-24  3.27215626792357e-24 
 567.505407836104  3.28014744110823e-24  3.28010917753844e-24 
 571.439167394832  3.28819006956514e-24  3.28815312166178e-24 
 575.400194472164  3.29632464020305e-24  3.29628896507666e-24 
 579.388678077509  3.30455202162498e-24  3.30451757770789e-24 
 583.404808530426  3.31287308760474e-24  3.31283983461239e-24 
 587.448777469709  3.32128871707606e-24  3.32125661596957e-24 
 591.520777862526  3.32979979412176e-24  3.32976880707139e-24 
 595.621004013631  3.33840720796265e-24  3.33837729831242e-24 
 599.749651574632  3.34711185294652e-24  3.34708298517971e-24 
 603.906917553332  3.35591462853692e-24  3.35588676824258e-24 
 608.093000323126  3.36481643930196e-24  3.36478955314243e-24 
 612.308099632466  3.37381819490312e-24  3.37379225058236e-24 
 616.552416614396  3.38292081008399e-24  3.38289577631685e-24 
 620.826153796146  3.39212520465910e-24  3.39210105114142e-24 
 625.129515108800  3.40143230350274e-24  3.40140900088232e-24 
 629.462705897023  3.41084303653782e-24  3.41082055638625e-24 
 633.825932928862  3.42035833872493e-24  3.42033665351014e-24 
 638.219404405610  3.42997915005141e-24  3.42995823311101e-24 
 642.643329971746  3.43970641552057e-24  3.43968624103597e-24 
 647.097920724930  3.44954108514107e-24  3.44952162811234e-24 
 651.583389226087  3.45948411391655e-24  3.45946535013791e-24 
 656.099949509538  3.46953646183528e-24  3.46951836787142e-24 
 660.647817093224  3.47969909386028e-24  3.47968164702321e-24 
 665.227208988981  3.48997297991950e-24  3.48995615824616e-24 
 669.838343712903  3.50035909489633e-24  3.50034287712679e-24 
 674.481441295761  3.51085841862049e-24  3.51084278417676e-24 
 679.156723293511  3.52147193585906e-24  3.52145686482455e-24 
 683.864412797858  3.53220063630812e-24  3.53218610940764e-24 
 688.604734446906  3.54304551458447e-24  3.54303151316481e-24 
 693.377914435876  3.55400757021799e-24  3.55399407622909e-24 
 698.184180527900  3.56508780764429e-24  3.56507480362087e-24 
 703.023762064888  3.57628723619782e-24  3.57627470524164e-24 
 707.896889978471  3.58760687010553e-24  3.58759479586806e-24 
 712.803796801024  3.59904772848090e-24  3.59903609514656e-24 
 717.744716676757  3.61061083531860e-24  3.61059962758844e-24 
 722.719885372892  3.62229721948964e-24  3.62228642256550e-24 
 727.729540290911  3.63410791473710e-24  3.63409751430624e-24 
 732.773920477883  3.64604395967248e-24  3.64603394189262e-24 
 737.853266637874  3.65810639777256e-24  3.65809674925740e-24 
 742.967821143430  3.67029627737709e-24  3.67028698518220e-24 
 748.117828047142  3.68261465168697e-24  3.68260570329612e-24 
 753.303533093296  3.69506257876319e-24  3.69505396207509e-24 
 758.525183729593  3.70764112152647e-24  3.70763282484183e-24 
 763.783029118960  3.72035134775768e-24  3.72034335976673e-24 
 769.077320151440  3.73319433009894e-24  3.73318663986923e-24 
 774.408309456163  3.74617114605552e-24  3.74616374302016e-24 
 779.776251413399  3.75928287799859e-24  3.75927575194479e-24 
 785.181402166698  3.77253061316876e-24  3.77252375422667e-24 
 790.624019635112  3.78591544368040e-24  3.78590884231238e-24 
 796.104363525505  3.79943846652698e-24  3.79943211351706e-24 
 801.622695344940  3.81310078358712e-24  3.81309467003086e-24 
 807.179278413161  3.82690350163167e-24  3.82689761892631e-24 
 812.774377875160  3.84084773233168e-24  3.84084207216652e-24 
 818.408260713821  3.85493459226726e-24  3.85492914661443e-24 
 824.081195762671  3.86916520293751e-24  3.86915996404287e-24 
 829.793453718696  3.88354069077135e-24  3.88353565114580e-24 
 835.545307155269  3.89806218713934e-24  3.89805733955032e-24 
 841.337030535148  3.91273082836663e-24  3.91272616582985e-24 
 847.168900223578  3.92754775574676e-24  3.92754327151828e-24 
 853.041194501474  3.94251411555671e-24  3.94250980312514e-24 
 858.954193578706  3.95763105907291e-24  3.95762691215186e-24 
 864.908179607462  3.97289974258826e-24  3.97289575510914e-24 
 870.903436695718  3.98832132743047e-24  3.98831749353533e-24 
 876.940250920790  4.00389697998123e-24  4.00389329401596e-24 
 883.018910342992  4.01962787169679e-24  4.01962432820442e-24 
 889.139705019370  4.03551517912940e-24  4.03551177284373e-24 
 895.302927017555  4.05156008395019e-24  4.05155680978942e-24 
 901.508870429691  4.06776377297287e-24  4.06776062603369e-24 
 907.757831386474  4.08412743817905e-24  4.08412441373059e-24 
 914.050108071277  4.10065227674422e-24  4.10064937022249e-24 
 920.386000734383  4.11733949106540e-24  4.11733669806772e-24 
 926.765811707309  4.13419028878973e-24  4.13418760506935e-24 
 933.189845417238  4.15120588284429e-24  4.15120330430527e-24 
 939.658408401536  4.16838749146730e-24  4.16838501415938e-24 
 946.171809322389  4.18573633824032e-24  4.18573395835416e-24 
 952.730358981524  4.20325365212192e-24  4.20325136598433e-24 
 959.334370335044  4.22094066748242e-24  4.22093847155178e-24 
 965.984158508361  4.23879862414003e-24  4.23879651500186e-24 
 972.680040811229  4.25682876739807e-24  4.25682674176075e-24 
 979.422336752892  4.27503234808366e-24  4.27503040277425e-24 
 986.211368057323  4.29341062258743e-24  4.29340875454773e-24 
 993.047458678582  4.31196485290487e-24  4.31196305918736e-24 
 999.930934816267  4.33069630667844e-24  4.33069458444268e-24 
 1006.86212493109  4.34960625724153e-24  4.34960460375037e-24 
 1013.84135976053  4.36869598366322e-24  4.36869439627936e-24 
 1020.86897233466  4.38796677079464e-24  4.38796524697708e-24 
 1027.94529799196  4.40741990931640e-24  4.40741844661727e-24 
 1035.07067439541  4.42705669578751e-24  4.42705529184872e-24 
 1042.24544154853  4.44687843269536e-24  4.44687708524562e-24 
 1049.46994181165  4.46688642850724e-24  4.46688513535894e-24 
 1056.74451991821  4.48708199772288e-24  4.48708075676927e-24 
 1064.06952299124  4.50746646092850e-24  4.50746527014078e-24 
 1071.44530055992  4.52804114485198e-24  4.52804000227665e-24 
 1078.87220457622  4.54880738241943e-24  4.54880628617564e-24 
 1086.35058943176  4.56976651281295e-24  4.56976546108991e-24 
 1093.88081197466  4.59091988152974e-24  4.59091887258427e-24 
 1101.46323152661  4.61226884044240e-24  4.61226787259659e-24 
 1109.09820989999  4.63381474786058e-24  4.63381381949942e-24 
 1116.78611141515  4.65555896859389e-24  4.65555807816308e-24 
 1124.52730291777  4.67750287401596e-24  4.67750202001972e-24 
 1132.32215379641  4.69964784212993e-24  4.69964702312894e-24 
 1140.17103600009  4.72199525763510e-24  4.72199447224444e-24 
 1148.07432405606  4.74454651199472e-24  4.74454575888200e-24 
 1156.03239508767  4.76730300350531e-24  4.76730228138870e-24 
 1164.04562883238  4.79026613736690e-24  4.79026544501339e-24 
 1172.11440765983  4.81343732575473e-24  4.81343666197828e-24 
 1180.23911659016  4.83681798789206e-24  4.83681735155197e-24 
 1188.42014331231  4.86040955012418e-24  4.86040894012344e-24 
 1196.65787820256  4.88421344599380e-24  4.88421286127746e-24 
 1204.95271434317  4.90823111631740e-24  4.90823055587108e-24 
 1213.30504754108  4.93246400926299e-24  4.93246347211138e-24 
 1221.71527634685  4.95691358042891e-24  4.95691306563434e-24 
 1230.18380207368  4.98158129292394e-24  4.98158079958501e-24 
 1238.71102881651  5.00646861744851e-24  5.00646814469873e-24 
 1247.29736347134  5.03157703237707e-24  5.03157657938359e-24 
 1255.94321575465  5.05690802384163e-24  5.05690758980405e-24 
 1264.64899822293  5.08246308581661e-24  5.08246266996567e-24 
 1273.41512629238  5.10824372020453e-24  5.10824332180103e-24 
 1282.24201825872  5.13425143692309e-24  5.13425105525680e-24 
 1291.13009531716  5.16048775399338e-24  5.16048738838182e-24 
 1300.07978158249  5.18695419762894e-24  5.18695384741651e-24 
 1309.09150410935  5.21365230232637e-24  5.21365196688322e-24 
 1318.16569291254  5.24058361095660e-24  5.24058328967775e-24 
 1327.30278098762  5.26774967485767e-24  5.26774936716200e-24 
 1336.50320433151  5.29515205392824e-24  5.29515175925768e-24 
 1345.76740196331  5.32279231672248e-24  5.32279203454100e-24 
 1355.09581594527  5.35067204054585e-24  5.35067177033877e-24 
 1364.48889140387  5.37879281155201e-24  5.37879255282514e-24 
 1373.94707655104  5.40715622484089e-24  5.40715597711971e-24 
 1383.47082270560  5.43576388455763e-24  5.43576364738656e-24 
 1393.06058431473  5.46461740399272e-24  5.46461717693441e-24 
 1402.71681897570  5.49371840568313e-24  5.49371818831772e-24 
 1412.43998745769  5.52306852151442e-24  5.52306831343904e-24 
 1422.23055372380  5.55266939282413e-24  5.55266919365197e-24 
 1432.08898495313  5.58252267050578e-24  5.58252247986565e-24 
 1442.01575156314  5.61263001511424e-24  5.61262983264997e-24 
 1452.01132723206  5.64299309697203e-24  5.64299292234177e-24 
 1462.07618892150  5.67361359627641e-24  5.67361342915225e-24 
 1472.21081689921  5.70449320320793e-24  5.70449304327514e-24 
 1482.41569476200  5.73563361803938e-24  5.73563346499615e-24 
 1492.69130945881  5.76703655124632e-24  5.76703640480301e-24 
 1503.03815131394  5.79870372361814e-24  5.79870358349698e-24 
 1513.45671405048  5.83063686637041e-24  5.83063673230495e-24 
 1523.94749481382  5.86283772125803e-24  5.86283759299268e-24 
 1534.51099419540  5.89530804068937e-24  5.89530791797910e-24 
 1545.14771625662  5.92804958784158e-24  5.92804947045130e-24 
 1555.85816855283  5.96106413677652e-24  5.96106402448087e-24 
 1566.64286215761  5.99435347255796e-24  5.99435336514086e-24 
 1577.50231168713  6.02791939136965e-24  6.02791928862390e-24 
 1588.43703532470  6.06176370063427e-24  6.06176360236121e-24 
 1599.44755484552  6.09588821913341e-24  6.09588812514262e-24 
 1610.53439564153  6.13029477712853e-24  6.13029468723750e-24 
 1621.69808674656  6.16498521648284e-24  6.16498513051655e-24 
 1632.93916086149  6.19996139078411e-24  6.19996130857486e-24 
 1644.25815437973  6.23522516546849e-24  6.23522508685555e-24 
 1655.65560741276  6.27077841794527e-24  6.27077834277456e-24 
 1667.13206381598  6.30662303772249e-24  6.30662296584647e-24 
 1678.68807121458  6.34276092653378e-24  6.34276085781098e-24 
 1690.32418102971  6.37919399846583e-24  6.37919393276071e-24 
 1702.04094850481  6.41592418008695e-24  6.41592411726971e-24 
 1713.83893273205  6.45295341057678e-24  6.45295335052292e-24 
 1725.71869667908  6.49028364185652e-24  6.49028358444692e-24 
 1737.68080721583  6.52791683872062e-24  6.52791678384112e-24 
 1749.72583514158  6.56585497896913e-24  6.56585492651035e-24 
 1761.85435521223  6.60410005354101e-24  6.60410000339823e-24 
 1774.06694616767  6.64265406664863e-24  6.64265401872154e-24 
 1786.36419075944  6.68151903591307e-24  6.68151899010555e-24 
 1798.74667577850  6.72069699250040e-24  6.72069694872049e-24 
 1811.21499208328  6.76018998125914e-24  6.76018993941869e-24 
 1823.76973462783  6.80000006085837e-24  6.80000002087306e-24 
 1836.41150249021  6.84012930392727e-24  6.84012926571628e-24 
 1849.14089890111  6.88057979719527e-24  6.88057976068126e-24 
 1861.95853127262  6.92135364163340e-24  6.92135360674240e-24 
 1874.86501122720  6.96245295259684e-24  6.96245291925789e-24 
 1887.86095462686  7.00387985996800e-24  7.00387982811326e-24 
 1900.94698160258  7.04563650830111e-24  7.04563647786569e-24 
 1914.12371658389  7.08772505696773e-24  7.08772502788941e-24 
 1927.39178832863  7.13014768030314e-24  7.13014765252239e-24 
 1940.75182995301  7.17290656775392e-24  7.17290654121383e-24 
 1954.20447896178  7.21600392402669e-24  7.21600389867274e-24 
 1967.75037727865  7.25944196923776e-24  7.25944194501782e-24 
 1981.39017127696  7.30322293906400e-24  7.30322291592818e-24 
 1995.12451181047  7.34734908489476e-24  7.34734906279525e-24 
 2008.95405424446  7.39182267398485e-24  7.39182265287597e-24 
 2022.87945848697  7.43664598960878e-24  7.43664596944686e-24 
 2036.90138902032  7.48182133121606e-24  7.48182131195926e-24 
 2051.02051493279  7.52735101458768e-24  7.52735099619595e-24 
 2065.23750995056  7.57323737199365e-24  7.57323735442872e-24 
 2079.55305246986  7.61948275235191e-24  7.61948273557716e-24 
 2093.96782558934  7.66608952138828e-24  7.66608950536874e-24 
 2108.48251714266  7.71306006179778e-24  7.71306004649989e-24 
 2123.09781973131  7.76039677340690e-24  7.76039675879865e-24 
 2137.81443075767  7.80810207333741e-24  7.80810205938821e-24 
 2152.63305245829  7.85617839617135e-24  7.85617838285175e-24 
 2167.55439193738  7.90462819411701e-24  7.90462818139908e-24 
 2182.57916120057  7.95345393717673e-24  7.95345392503364e-24 
 2197.70807718886  8.00265811331550e-24  8.00265810172168e-24 
 2212.94186181286  8.05224322863126e-24  8.05224321756217e-24 
 2228.28124198725  8.10221180752631e-24  8.10221179695851e-24 
 2243.72694966539  8.15256639288010e-24  8.15256638279116e-24 
 2259.27972187434  8.20330954622362e-24  8.20330953659218e-24 
 2274.94030074997  8.25444384791496e-24  8.25444383872056e-24 
 2290.70943357239  8.30597189731645e-24  8.30597188853947e-24 
 2306.58787280162  8.35789631297304e-24  8.35789630459482e-24 
 2322.57637611346  8.41021973279250e-24  8.41021972479511e-24 
 2338.67570643571  8.46294481422669e-24  8.46294480659309e-24 
 2354.88663198448  8.51607423445475e-24  8.51607422716851e-24 
 2371.20992630093  8.56961069056747e-24  8.56961068361305e-24 
 2387.64636828816  8.62355689975351e-24  8.62355689311594e-24 
 2404.19674224835  8.67791559948701e-24  8.67791559315207e-24 
 2420.86183792020  8.73268954771693e-24  8.73268954167094e-24 
 2437.64245051663  8.78788152305792e-24  8.78788151728792e-24 
 2454.53938076271  8.84349432498303e-24  8.84349431947652e-24 
 2471.55343493387  8.89953077401781e-24  8.89953076876293e-24 
 2488.68542489437  8.95599371193650e-24  8.95599370692186e-24 
 2505.93616813605  9.01288600195964e-24  9.01288599717440e-24 
 2523.30648781733  9.07021052895364e-24  9.07021052438740e-24 
 2540.79721280249  9.12797019963202e-24  9.12797019527494e-24 
 2558.40917770122  9.18616794275877e-24  9.18616793860125e-24 
 2576.14322290846  9.24480670935299e-24  9.24480670538608e-24 
 2594.00019464448  9.30388947289615e-24  9.30388946911114e-24 
 2611.98094499527  9.36341922954064e-24  9.36341922592936e-24 
 2630.08633195320  9.42339899832077e-24  9.42339899487529e-24 
 2648.31721945796  9.48383182136531e-24  9.48383181807815e-24 
 2666.67447743777  9.54472076411245e-24  9.54472076097633e-24 
 2685.15898185093  9.60606891552646e-24  9.60606891253455e-24 
 2703.77161472757  9.66787938831674e-24  9.66787938546251e-24 
 2722.51326421177  9.73015531915884e-24  9.73015531643598e-24 
 2741.38482460393  9.79289986891759e-24  9.79289986632011e-24 
 2760.38719640344  9.85611622287257e-24  9.85611622039477e-24 
 2779.52128635167  9.91980759094572e-24  9.91980758858211e-24 
 2798.78800747520  9.98397720793112e-24  9.98397720567656e-24 
 2818.18827912942  1.00486283337274e-23  1.00486283315769e-23 
 2837.72302704238  1.01137642535722e-23  1.01137642515210e-23 
 2857.39318335897  1.01793882782790e-23  1.01793882763225e-23 
 2877.19968668542  1.02455037444766e-23  1.02455037426104e-23 
 2897.14348213404  1.03121140148509e-23  1.03121140130710e-23 
 2917.22552136835  1.03792224783894e-23  1.03792224766918e-23 
 2937.44676264851  1.04468325506277e-23  1.04468325490087e-23 
 2957.80817087699  1.05149476738996e-23  1.05149476723555e-23 
 2978.31071764467  1.05835713175887e-23  1.05835713161161e-23 
 2998.95538127716  1.06527069783834e-23  1.06527069769791e-23 
 3019.74314688151  1.07223581805346e-23  1.07223581791954e-23 
 3040.67500639320  1.07925284761159e-23  1.07925284748388e-23 
 3061.75195862348  1.08632214452868e-23  1.08632214440689e-23 
 3082.97500930701  1.09344406965586e-23  1.09344406953972e-23 
 3104.34517114992  1.10061898670637e-23  1.10061898659563e-23 
 3125.86346387803  1.10784726228272e-23  1.10784726217712e-23 
 3147.53091428559  1.11512926590422e-23  1.11512926580353e-23 
 3169.34855628423  1.12246537003476e-23  1.12246536993875e-23 
 3191.31743095233  1.12985595011094e-23  1.12985595001940e-23 
 3213.43858658469  1.13730138457050e-23  1.13730138448321e-23 
 3235.71307874250  1.14480205488109e-23  1.14480205479787e-23 
 3258.14197030379  1.15235834556937e-23  1.15235834549003e-23 
 3280.72633151410  1.15997064425044e-23  1.15997064417478e-23 
 3303.46724003755  1.16763934165755e-23  1.16763934158543e-23 
 3326.36578100827  1.17536483167233e-23  1.17536483160357e-23 
 3349.42304708220  1.18314751135514e-23  1.18314751128959e-23 
 3372.64013848917  1.19098778097599e-23  1.19098778091350e-23 
 3396.01816308548  1.19888604404569e-23  1.19888604398612e-23 
 3419.55823640670  1.20684270734743e-23  1.20684270729064e-23 
 3443.26148172093  1.21485818096873e-23  1.21485818091459e-23 
 3467.12903008239  1.22293287833376e-23  1.22293287828215e-23 
 3491.16202038540  1.23106721623609e-23  1.23106721618688e-23 
 3515.36159941871  1.23926161487177e-23  1.23926161482487e-23 
 3539.72892192023  1.24751649787291e-23  1.24751649782821e-23 
 3564.26515063213  1.25583229234159e-23  1.25583229229899e-23 
 3588.97145635634  1.26420942888424e-23  1.26420942884363e-23 
 3613.84901801037  1.27264834164640e-23  1.27264834160769e-23 
 3638.89902268364  1.28114946834799e-23  1.28114946831109e-23 
 3664.12266569404  1.28971325031893e-23  1.28971325028376e-23 
 3689.52115064502  1.29834013253530e-23  1.29834013250178e-23 
 3715.09568948302  1.30703056365589e-23  1.30703056362395e-23 
 3740.84750255528  1.31578499605927e-23  1.31578499602883e-23 
 3766.77781866809  1.32460388588128e-23  1.32460388585227e-23 
 3792.88787514541  1.33348769305304e-23  1.33348769302539e-23 
 3819.17891788795  1.34243688133945e-23  1.34243688131310e-23 
 3845.65220143254  1.35145191837819e-23  1.35145191835307e-23 
 3872.30898901208  1.36053327571920e-23  1.36053327569526e-23 
 3899.15055261577  1.36968142886471e-23  1.36968142884191e-23 
 3926.17817304984  1.37889685730982e-23  1.37889685728809e-23 
 3953.39313999860  1.38818004458355e-23  1.38818004456284e-23 
 3980.79675208607  1.39753147829044e-23  1.39753147827070e-23 
 4008.39031693786  1.40695165015283e-23  1.40695165013402e-23 
 4036.17515124365  1.41644105605352e-23  1.41644105603560e-23 
 4064.15258081995  1.42600019607917e-23  1.42600019606209e-23 
 4092.32394067340  1.43562957456417e-23  1.43562957454790e-23 
 4120.69057506446  1.44532970013516e-23  1.44532970011966e-23 
 4149.25383757156  1.45510108575617e-23  1.45510108574141e-23 
 4178.01509115568  1.46494424877434e-23  1.46494424876026e-23 
 4206.97570822541  1.47485971096627e-23  1.47485971095286e-23 
 4236.13707070241  1.48484799858508e-23  1.48484799857230e-23 
 4265.50057008737  1.49490964240800e-23  1.49490964239583e-23 
 4295.06760752640  1.50504517778476e-23  1.50504517777316e-23 
 4324.83959387789  1.51525514468654e-23  1.51525514467549e-23 
 4354.81794977981  1.52554008775567e-23  1.52554008774514e-23 
 4385.00410571758  1.53590055635601e-23  1.53590055634599e-23 
 4415.39950209222  1.54633710462409e-23  1.54633710461454e-23 
 4446.00558928914  1.55685029152085e-23  1.55685029151176e-23 
 4476.82382774736  1.56744068088430e-23  1.56744068087563e-23 
 4507.85568802917  1.57810884148275e-23  1.57810884147449e-23 
 4539.10265089032  1.58885534706893e-23  1.58885534706107e-23 
 4570.56620735063  1.59968077643487e-23  1.59968077642738e-23 
 4602.24785876523  1.61058571346750e-23  1.61058571346036e-23 
 4634.14911689612  1.62157074720514e-23  1.62157074719834e-23 
 4666.27150398432  1.63263647189480e-23  1.63263647188832e-23 
 4698.61655282254  1.64378348705024e-23  1.64378348704408e-23 
 4731.18580682832  1.65501239751105e-23  1.65501239750517e-23 
 4763.98082011761  1.66632381350235e-23  1.66632381349676e-23 
 4797.00315757901  1.67771835069564e-23  1.67771835069031e-23 
 4830.25439494840  1.68919663027035e-23  1.68919663026528e-23 
 4863.73611888416  1.70075927897644e-23  1.70075927897159e-23 
 4897.44992704282  1.71240692919779e-23  1.71240692919318e-23 
 4931.39742815538  1.72414021901673e-23  1.72414021901234e-23 
 4965.58024210398  1.73595979227937e-23  1.73595979227518e-23 
 5000.00000000000  1.74786629866220e-23  1.74786629865822e-23 
