% Finesse 2.1 (2.1-4-g71575b0), 06.02.2017
% 3D plot, y1axis: Abs 
% x [x/wx0] (b1), xbeta [rad] (bs1), b1

-5.00000000000000 -4.00000000000000e-05  0.947520286140529 
-5.00000000000000 -3.80000000000000e-05  1.54576172232210 
-5.00000000000000 -3.60000000000000e-05  2.42700564915187 
-5.00000000000000 -3.40000000000000e-05  3.66412532623292 
-5.00000000000000 -3.20000000000000e-05  5.31320012082327 
-5.00000000000000 -3.00000000000000e-05  7.38988900727315 
-5.00000000000000 -2.80000000000000e-05  9.84209431087530 
-5.00000000000000 -2.60000000000000e-05  12.5254834594373 
-5.00000000000000 -2.40000000000000e-05  15.1915470349052 
-5.00000000000000 -2.20000000000000e-05  17.4990445209010 
-5.00000000000000 -2.00000000000000e-05  19.0572808301539 
-5.00000000000000 -1.80000000000000e-05  19.5027353249681 
-5.00000000000000 -1.60000000000000e-05  18.5997507174976 
-5.00000000000000 -1.40000000000000e-05  16.3439259763937 
-5.00000000000000 -1.20000000000000e-05  13.0378807669972 
-5.00000000000000 -1.00000000000000e-05  9.30787623224644 
-5.00000000000000 -8.00000000000000e-06  6.03945269700114 
-5.00000000000000 -6.00000000000000e-06  4.23028194517156 
-5.00000000000000 -4.00000000000000e-06  4.78395549155078 
-5.00000000000000 -2.00000000000000e-06  8.29120214463768 
-5.00000000000000  0.00000000000000  14.8562436705890 
-5.00000000000000  2.00000000000000e-06  24.0198907535009 
-5.00000000000000  4.00000000000000e-06  34.8076582458455 
-5.00000000000000  6.00000000000000e-06  45.8972353313025 
-5.00000000000000  8.00000000000000e-06  55.8660481483727 
-5.00000000000000  1.00000000000000e-05  63.4576256815898 
-5.00000000000000  1.20000000000000e-05  67.8021651050030 
-5.00000000000000  1.40000000000000e-05  68.5424736580367 
-5.00000000000000  1.60000000000000e-05  65.8451011570712 
-5.00000000000000  1.80000000000000e-05  60.3078684844379 
-5.00000000000000  2.00000000000000e-05  52.7992160008453 
-5.00000000000000  2.20000000000000e-05  44.2756094958433 
-5.00000000000000  2.40000000000000e-05  35.6197474165342 
-5.00000000000000  2.60000000000000e-05  27.5283206140080 
-5.00000000000000  2.80000000000000e-05  20.4598750538611 
-5.00000000000000  3.00000000000000e-05  14.6370372478606 
-5.00000000000000  3.20000000000000e-05  10.0869595753659 
-5.00000000000000  3.40000000000000e-05  6.70045292847059 
-5.00000000000000  3.60000000000000e-05  4.29263713709548 
-5.00000000000000  3.80000000000000e-05  2.65354576542371 
-5.00000000000000  4.00000000000000e-05  1.58339878511709 

-4.75000000000000 -4.00000000000000e-05  1.16970260933541 
-4.75000000000000 -3.80000000000000e-05  1.90671336570589 
-4.75000000000000 -3.60000000000000e-05  2.99109736590660 
-4.75000000000000 -3.40000000000000e-05  4.51129478975461 
-4.75000000000000 -3.20000000000000e-05  6.53437573673831 
-4.75000000000000 -3.00000000000000e-05  9.07692075601539 
-4.75000000000000 -2.80000000000000e-05  12.0715708497840 
-4.75000000000000 -2.60000000000000e-05  15.3374657740210 
-4.75000000000000 -2.40000000000000e-05  18.5665813716099 
-4.75000000000000 -2.20000000000000e-05  21.3393154913780 
-4.75000000000000 -2.00000000000000e-05  23.1795328346343 
-4.75000000000000 -1.80000000000000e-05  23.6505454726658 
-4.75000000000000 -1.60000000000000e-05  22.4800078456603 
-4.75000000000000 -1.40000000000000e-05  19.6867887589757 
-4.75000000000000 -1.20000000000000e-05  15.6719704984941 
-4.75000000000000 -1.00000000000000e-05  11.2350480111927 
-4.75000000000000 -8.00000000000000e-06  7.48888266533146 
-4.75000000000000 -6.00000000000000e-06  5.67224767089859 
-4.75000000000000 -4.00000000000000e-06  6.89067363937382 
-4.75000000000000 -2.00000000000000e-06  11.8444147620306 
-4.75000000000000  0.00000000000000  20.6157568598979 
-4.75000000000000  2.00000000000000e-06  32.5795269418976 
-4.75000000000000  4.00000000000000e-06  46.4708865958738 
-4.75000000000000  6.00000000000000e-06  60.6017446009771 
-4.75000000000000  8.00000000000000e-06  73.1752263852297 
-4.75000000000000  1.00000000000000e-05  82.6206006955479 
-4.75000000000000  1.20000000000000e-05  87.8676638227802 
-4.75000000000000  1.40000000000000e-05  88.5000743875752 
-4.75000000000000  1.60000000000000e-05  84.7634992226625 
-4.75000000000000  1.80000000000000e-05  77.4439057849319 
-4.75000000000000  2.00000000000000e-05  67.6614873273840 
-4.75000000000000  2.20000000000000e-05  56.6388304321250 
-4.75000000000000  2.40000000000000e-05  45.4970545394230 
-4.75000000000000  2.60000000000000e-05  35.1156888129715 
-4.75000000000000  2.80000000000000e-05  26.0689790433049 
-4.75000000000000  3.00000000000000e-05  18.6308279818237 
-4.75000000000000  3.20000000000000e-05  12.8276173585391 
-4.75000000000000  3.40000000000000e-05  8.51408199044640 
-4.75000000000000  3.60000000000000e-05  5.45055721985806 
-4.75000000000000  3.80000000000000e-05  3.36710380104293 
-4.75000000000000  4.00000000000000e-05  2.00798050629972 

-4.50000000000000 -4.00000000000000e-05  1.40975997444965 
-4.50000000000000 -3.80000000000000e-05  2.29600076876887 
-4.50000000000000 -3.60000000000000e-05  3.59824583122365 
-4.50000000000000 -3.40000000000000e-05  5.42106382184697 
-4.50000000000000 -3.20000000000000e-05  7.84243249443100 
-4.50000000000000 -3.00000000000000e-05  10.8787218500229 
-4.50000000000000 -2.80000000000000e-05  14.4447980451819 
-4.50000000000000 -2.60000000000000e-05  18.3193011941169 
-4.50000000000000 -2.40000000000000e-05  22.1296531572134 
-4.50000000000000 -2.20000000000000e-05  25.3728148363892 
-4.50000000000000 -2.00000000000000e-05  27.4838029230156 
-4.50000000000000 -1.80000000000000e-05  27.9531947545430 
-4.50000000000000 -1.60000000000000e-05  26.4783855963205 
-4.50000000000000 -1.40000000000000e-05  23.1153591074697 
-4.50000000000000 -1.20000000000000e-05  18.3848179174234 
-4.50000000000000 -1.00000000000000e-05  13.2857504984357 
-4.50000000000000 -8.00000000000000e-06  9.18528660001909 
-4.50000000000000 -6.00000000000000e-06  7.58490512436545 
-4.50000000000000 -4.00000000000000e-06  9.80195311047211 
-4.50000000000000 -2.00000000000000e-06  16.6393002958193 
-4.50000000000000  0.00000000000000  28.1314822744842 
-4.50000000000000  2.00000000000000e-06  43.4444740093720 
-4.50000000000000  4.00000000000000e-06  60.9690012901554 
-4.50000000000000  6.00000000000000e-06  78.5946346322894 
-4.50000000000000  8.00000000000000e-06  94.1008558405661 
-4.50000000000000  1.00000000000000e-05  105.568932944878 
-4.50000000000000  1.20000000000000e-05  111.715304106299 
-4.50000000000000  1.40000000000000e-05  112.073261002301 
-4.50000000000000  1.60000000000000e-05  106.994940865703 
-4.50000000000000  1.80000000000000e-05  97.4941914608978 
-4.50000000000000  2.00000000000000e-05  84.9875437734859 
-4.50000000000000  2.20000000000000e-05  71.0060200866414 
-4.50000000000000  2.40000000000000e-05  56.9438371939081 
-4.50000000000000  2.60000000000000e-05  43.8874630495046 
-4.50000000000000  2.80000000000000e-05  32.5398512530995 
-4.50000000000000  3.00000000000000e-05  23.2294697316580 
-4.50000000000000  3.20000000000000e-05  15.9779773340447 
-4.50000000000000  3.40000000000000e-05  10.5956394557858 
-4.50000000000000  3.60000000000000e-05  6.77769564826828 
-4.50000000000000  3.80000000000000e-05  4.18391046365008 
-4.50000000000000  4.00000000000000e-05  2.49343796246544 

-4.25000000000000 -4.00000000000000e-05  1.65727567509315 
-4.25000000000000 -3.80000000000000e-05  2.69645224480479 
-4.25000000000000 -3.60000000000000e-05  4.22118676424076 
-4.25000000000000 -3.40000000000000e-05  6.35177524050623 
-4.25000000000000 -3.20000000000000e-05  9.17618789366691 
-4.25000000000000 -3.00000000000000e-05  12.7090317792171 
-4.25000000000000 -2.80000000000000e-05  16.8452338124701 
-4.25000000000000 -2.60000000000000e-05  21.3204544978445 
-4.25000000000000 -2.40000000000000e-05  25.6954435855352 
-4.25000000000000 -2.20000000000000e-05  29.3830664109612 
-4.25000000000000 -2.00000000000000e-05  31.7317137835922 
-4.25000000000000 -1.80000000000000e-05  32.1657960314372 
-4.25000000000000 -1.60000000000000e-05  30.3644116805762 
-4.25000000000000 -1.40000000000000e-05  26.4380927556544 
-4.25000000000000 -1.20000000000000e-05  21.0486780452327 
-4.25000000000000 -1.00000000000000e-05  15.4171748959874 
-4.25000000000000 -8.00000000000000e-06  11.1839996697673 
-4.25000000000000 -6.00000000000000e-06  10.1236624309653 
-4.25000000000000 -4.00000000000000e-06  13.7623136902205 
-4.25000000000000 -2.00000000000000e-06  22.9863374657942 
-4.25000000000000  0.00000000000000  37.7475711047388 
-4.25000000000000  2.00000000000000e-06  56.9560160797321 
-4.25000000000000  4.00000000000000e-06  78.6053250007168 
-4.25000000000000  6.00000000000000e-06  100.112920311702 
-4.25000000000000  8.00000000000000e-06  118.795859501235 
-4.25000000000000  1.00000000000000e-05  132.365868557766 
-4.25000000000000  1.20000000000000e-05  139.324599499744 
-4.25000000000000  1.40000000000000e-05  139.172722638309 
-4.25000000000000  1.60000000000000e-05  132.401486121150 
-4.25000000000000  1.80000000000000e-05  120.293757217281 
-4.25000000000000  2.00000000000000e-05  104.605093253691 
-4.25000000000000  2.20000000000000e-05  87.2131455233071 
-4.25000000000000  2.40000000000000e-05  69.8147862009150 
-4.25000000000000  2.60000000000000e-05  53.7224918902577 
-4.25000000000000  2.80000000000000e-05  39.7767450402553 
-4.25000000000000  3.00000000000000e-05  28.3608958806906 
-4.25000000000000  3.20000000000000e-05  19.4862066424442 
-4.25000000000000  3.40000000000000e-05  12.9094149382316 
-4.25000000000000  3.60000000000000e-05  8.25044207175412 
-4.25000000000000  3.80000000000000e-05  5.08896371563429 
-4.25000000000000  4.00000000000000e-05  3.03059984628786 

-4.00000000000000 -4.00000000000000e-05  1.89818801229492 
-4.00000000000000 -3.80000000000000e-05  3.08499344736456 
-4.00000000000000 -3.60000000000000e-05  4.82346856772181 
-4.00000000000000 -3.40000000000000e-05  7.24804554854434 
-4.00000000000000 -3.20000000000000e-05  10.4548062444746 
-4.00000000000000 -3.00000000000000e-05  14.4546800092101 
-4.00000000000000 -2.80000000000000e-05  19.1211964449467 
-4.00000000000000 -2.60000000000000e-05  24.1467938640656 
-4.00000000000000 -2.40000000000000e-05  29.0275152753666 
-4.00000000000000 -2.20000000000000e-05  33.0973922554535 
-4.00000000000000 -2.00000000000000e-05  35.6276747758155 
-4.00000000000000 -1.80000000000000e-05  35.9907220147884 
-4.00000000000000 -1.60000000000000e-05  33.8655841720762 
-4.00000000000000 -1.40000000000000e-05  29.4380213253408 
-4.00000000000000 -1.20000000000000e-05  23.5311483804065 
-4.00000000000000 -1.00000000000000e-05  17.6036313635033 
-4.00000000000000 -8.00000000000000e-06  13.5760266319771 
-4.00000000000000 -6.00000000000000e-06  13.4902905085606 
-4.00000000000000 -4.00000000000000e-06  19.0613783542887 
-4.00000000000000 -2.00000000000000e-06  31.2253031386533 
-4.00000000000000  0.00000000000000  49.8067805853126 
-4.00000000000000  2.00000000000000e-06  73.4106824206181 
-4.00000000000000  4.00000000000000e-06  99.5869275361306 
-4.00000000000000  6.00000000000000e-06  125.243805110368 
-4.00000000000000  8.00000000000000e-06  147.214238927735 
-4.00000000000000  1.00000000000000e-05  162.836827553596 
-4.00000000000000  1.20000000000000e-05  170.412567636319 
-4.00000000000000  1.40000000000000e-05  169.437965801130 
-4.00000000000000  1.60000000000000e-05  160.580727256519 
-4.00000000000000  1.80000000000000e-05  145.432777979537 
-4.00000000000000  2.00000000000000e-05  126.125768309244 
-4.00000000000000  2.20000000000000e-05  104.913903944774 
-4.00000000000000  2.40000000000000e-05  83.8172948035455 
-4.00000000000000  2.60000000000000e-05  64.3853917160486 
-4.00000000000000  2.80000000000000e-05  47.5987840502600 
-4.00000000000000  3.00000000000000e-05  33.8920091371787 
-4.00000000000000  3.20000000000000e-05  23.2583436657231 
-4.00000000000000  3.40000000000000e-05  15.3916762548269 
-4.00000000000000  3.60000000000000e-05  9.82721515311279 
-4.00000000000000  3.80000000000000e-05  6.05614324776280 
-4.00000000000000  4.00000000000000e-05  3.60365604740222 

-3.75000000000000 -4.00000000000000e-05  2.11537882606045 
-3.75000000000000 -3.80000000000000e-05  3.43364878947926 
-3.75000000000000 -3.60000000000000e-05  5.36109769396604 
-3.75000000000000 -3.40000000000000e-05  8.04337407078799 
-3.75000000000000 -3.20000000000000e-05  11.5817894864817 
-3.75000000000000 -3.00000000000000e-05  15.9814695752201 
-3.75000000000000 -2.80000000000000e-05  21.0942176856421 
-3.75000000000000 -2.60000000000000e-05  26.5719979646220 
-3.75000000000000 -2.40000000000000e-05  31.8532740922890 
-3.75000000000000 -2.20000000000000e-05  36.2057239093419 
-3.75000000000000 -2.00000000000000e-05  38.8414922937818 
-3.75000000000000 -1.80000000000000e-05  39.1034864631230 
-3.75000000000000 -1.60000000000000e-05  36.6954235658168 
-3.75000000000000 -1.40000000000000e-05  31.9012820199762 
-3.75000000000000 -1.20000000000000e-05  25.7219676596681 
-3.75000000000000 -1.00000000000000e-05  19.8590806598261 
-3.75000000000000 -8.00000000000000e-06  16.5037266808709 
-3.75000000000000 -6.00000000000000e-06  17.9394796101470 
-3.75000000000000 -4.00000000000000e-06  26.0296584352829 
-3.75000000000000 -2.00000000000000e-06  41.7095538640882 
-3.75000000000000  0.00000000000000  64.6235769217954 
-3.75000000000000  2.00000000000000e-06  93.0235404645218 
-3.75000000000000  4.00000000000000e-06  123.980347087172 
-3.75000000000000  6.00000000000000e-06  153.875636838918 
-3.75000000000000  8.00000000000000e-06  179.060270008719 
-3.75000000000000  1.00000000000000e-05  196.519677532133 
-3.75000000000000  1.20000000000000e-05  204.387451005763 
-3.75000000000000  1.40000000000000e-05  202.196189809591 
-3.75000000000000  1.60000000000000e-05  190.830796175516 
-3.75000000000000  1.80000000000000e-05  172.228002323525 
-3.75000000000000  2.00000000000000e-05  148.922710905096 
-3.75000000000000  2.20000000000000e-05  123.562803097467 
-3.75000000000000  2.40000000000000e-05  98.4991608996089 
-3.75000000000000  2.60000000000000e-05  75.5179338822741 
-3.75000000000000  2.80000000000000e-05  55.7341468190151 
-3.75000000000000  3.00000000000000e-05  39.6248944631224 
-3.75000000000000  3.20000000000000e-05  27.1559186955790 
-3.75000000000000  3.40000000000000e-05  17.9492268580288 
-3.75000000000000  3.60000000000000e-05  11.4476184176161 
-3.75000000000000  3.80000000000000e-05  7.04773366060182 
-3.75000000000000  4.00000000000000e-05  4.18989766150869 

-3.50000000000000 -4.00000000000000e-05  2.28988416218680 
-3.50000000000000 -3.80000000000000e-05  3.71156327345009 
-3.50000000000000 -3.60000000000000e-05  5.78579546199883 
-3.50000000000000 -3.40000000000000e-05  8.66520014128983 
-3.50000000000000 -3.20000000000000e-05  12.4525416175232 
-3.50000000000000 -3.00000000000000e-05  17.1450666251528 
-3.50000000000000 -2.80000000000000e-05  22.5741133794840 
-3.50000000000000 -2.60000000000000e-05  28.3575794499312 
-3.50000000000000 -2.40000000000000e-05  33.8894639945512 
-3.50000000000000 -2.20000000000000e-05  38.3916361604753 
-3.50000000000000 -2.00000000000000e-05  41.0443665155140 
-3.50000000000000 -1.80000000000000e-05  41.1923450220167 
-3.50000000000000 -1.60000000000000e-05  38.5945010202648 
-3.50000000000000 -1.40000000000000e-05  33.6566908660926 
-3.50000000000000 -1.20000000000000e-05  27.5678212995366 
-3.50000000000000 -1.00000000000000e-05  22.2638456948364 
-3.50000000000000 -8.00000000000000e-06  20.1765880497477 
-3.50000000000000 -6.00000000000000e-06  23.7817980121104 
-3.50000000000000 -4.00000000000000e-06  35.0281420660897 
-3.50000000000000 -2.00000000000000e-06  54.7831661188889 
-3.50000000000000  0.00000000000000  82.4511234583913 
-3.50000000000000  2.00000000000000e-06  115.888358828318 
-3.50000000000000  4.00000000000000e-06  151.668771699891 
-3.50000000000000  6.00000000000000e-06  185.655891879009 
-3.50000000000000  8.00000000000000e-06  213.750495755896 
-3.50000000000000  1.00000000000000e-05  232.632997094076 
-3.50000000000000  1.20000000000000e-05  240.324410948220 
-3.50000000000000  1.40000000000000e-05  236.445517993217 
-3.50000000000000  1.60000000000000e-05  222.140396995843 
-3.50000000000000  1.80000000000000e-05  199.718309089885 
-3.50000000000000  2.00000000000000e-05  172.130148824939 
-3.50000000000000  2.20000000000000e-05  142.417292944627 
-3.50000000000000  2.40000000000000e-05  113.252032106102 
-3.50000000000000  2.60000000000000e-05  86.6428744491361 
-3.50000000000000  2.80000000000000e-05  63.8236768097759 
-3.50000000000000  3.00000000000000e-05  45.2998861938585 
-3.50000000000000  3.20000000000000e-05  30.9983656637765 
-3.50000000000000  3.40000000000000e-05  20.4611856730488 
-3.50000000000000  3.60000000000000e-05  13.0336833457563 
-3.50000000000000  3.80000000000000e-05  8.01525057488288 
-3.50000000000000  4.00000000000000e-05  4.76024130294995 

-3.25000000000000 -4.00000000000000e-05  2.40272911618370 
-3.25000000000000 -3.80000000000000e-05  3.88804255730512 
-3.25000000000000 -3.60000000000000e-05  6.04985307558161 
-3.25000000000000 -3.40000000000000e-05  9.04237128801386 
-3.25000000000000 -3.20000000000000e-05  12.9654243505759 
-3.25000000000000 -3.00000000000000e-05  17.8067346269962 
-3.25000000000000 -2.80000000000000e-05  23.3804830638305 
-3.25000000000000 -2.60000000000000e-05  29.2810442746459 
-3.25000000000000 -2.40000000000000e-05  34.8774437139828 
-3.25000000000000 -2.20000000000000e-05  39.3744952100516 
-3.25000000000000 -2.00000000000000e-05  41.9567286518731 
-3.25000000000000 -1.80000000000000e-05  42.0095746864676 
-3.25000000000000 -1.60000000000000e-05  39.3818960305371 
-3.25000000000000 -1.40000000000000e-05  34.6233665886117 
-3.25000000000000 -1.20000000000000e-05  29.1118628036229 
-3.25000000000000 -1.00000000000000e-05  24.9921591815787 
-3.25000000000000 -8.00000000000000e-06  24.8840276499575 
-3.25000000000000 -6.00000000000000e-06  31.3806589886459 
-3.25000000000000 -4.00000000000000e-06  46.4303688509347 
-3.25000000000000 -2.00000000000000e-06  70.7510585340190 
-3.25000000000000  0.00000000000000  103.443980972697 
-3.25000000000000  2.00000000000000e-06  141.938286666333 
-3.25000000000000  4.00000000000000e-06  182.316088919319 
-3.25000000000000  6.00000000000000e-06  219.963126989542 
-3.25000000000000  8.00000000000000e-06  250.396612052865 
-3.25000000000000  1.00000000000000e-05  270.071114154714 
-3.25000000000000  1.20000000000000e-05  276.972170780964 
-3.25000000000000  1.40000000000000e-05  270.871283652383 
-3.25000000000000  1.60000000000000e-05  253.211899508248 
-3.25000000000000  1.80000000000000e-05  226.691489080511 
-3.25000000000000  2.00000000000000e-05  194.670975615108 
-3.25000000000000  2.20000000000000e-05  160.563838255270 
-3.25000000000000  2.40000000000000e-05  127.334418167669 
-3.25000000000000  2.60000000000000e-05  97.1831064054040 
-3.25000000000000  2.80000000000000e-05  71.4360075138405 
-3.25000000000000  3.00000000000000e-05  50.6069513482227 
-3.25000000000000  3.20000000000000e-05  34.5712118253065 
-3.25000000000000  3.40000000000000e-05  22.7846323931854 
-3.25000000000000  3.60000000000000e-05  14.4936043409116 
-3.25000000000000  3.80000000000000e-05  8.90181562883595 
-3.25000000000000  4.00000000000000e-05  5.28068219267666 

-3.00000000000000 -4.00000000000000e-05  2.43727877830201 
-3.00000000000000 -3.80000000000000e-05  3.93642734194236 
-3.00000000000000 -3.60000000000000e-05  6.11228256171415 
-3.00000000000000 -3.40000000000000e-05  9.11454277709932 
-3.00000000000000 -3.20000000000000e-05  13.0355696433605 
-3.00000000000000 -3.00000000000000e-05  17.8528290201738 
-3.00000000000000 -2.80000000000000e-05  23.3690960383345 
-3.00000000000000 -2.60000000000000e-05  29.1700744507458 
-3.00000000000000 -2.40000000000000e-05  34.6254637410008 
-3.00000000000000 -2.20000000000000e-05  38.9592053146389 
-3.00000000000000 -2.00000000000000e-05  41.4036614075263 
-3.00000000000000 -1.80000000000000e-05  41.4295081589877 
-3.00000000000000 -1.60000000000000e-05  39.0116671442691 
-3.00000000000000 -1.40000000000000e-05  34.8607733923762 
-3.00000000000000 -1.20000000000000e-05  30.5324726262394 
-3.00000000000000 -1.00000000000000e-05  28.3356507989069 
-3.00000000000000 -8.00000000000000e-06  31.0013423282522 
-3.00000000000000 -6.00000000000000e-06  41.1408421485873 
-3.00000000000000 -4.00000000000000e-06  60.5962503441841 
-3.00000000000000 -2.00000000000000e-06  89.8432148063645 
-3.00000000000000  0.00000000000000  127.619470079751 
-3.00000000000000  2.00000000000000e-06  170.911630880599 
-3.00000000000000  4.00000000000000e-06  215.343673190533 
-3.00000000000000  6.00000000000000e-06  255.899618144010 
-3.00000000000000  8.00000000000000e-06  287.816342743363 
-3.00000000000000  1.00000000000000e-05  307.432944148667 
-3.00000000000000  1.20000000000000e-05  312.797186432028 
-3.00000000000000  1.40000000000000e-05  303.901231065475 
-3.00000000000000  1.60000000000000e-05  282.522478646386 
-3.00000000000000  1.80000000000000e-05  251.746311752668 
-3.00000000000000  2.00000000000000e-05  215.315505401058 
-3.00000000000000  2.20000000000000e-05  176.970311288482 
-3.00000000000000  2.40000000000000e-05  139.915986642734 
-3.00000000000000  2.60000000000000e-05  106.497324991859 
-3.00000000000000  2.80000000000000e-05  78.0949977624184 
-3.00000000000000  3.00000000000000e-05  55.2059004382534 
-3.00000000000000  3.20000000000000e-05  37.6403620277106 
-3.00000000000000  3.40000000000000e-05  24.7643070719547 
-3.00000000000000  3.60000000000000e-05  15.7280740283072 
-3.00000000000000  3.80000000000000e-05  9.64614033581226 
-3.00000000000000  4.00000000000000e-05  5.71470794036468 

-2.75000000000000 -4.00000000000000e-05  2.38187518749347 
-2.75000000000000 -3.80000000000000e-05  3.83841774585566 
-2.75000000000000 -3.60000000000000e-05  5.94564432295301 
-2.75000000000000 -3.40000000000000e-05  8.84254634367239 
-2.75000000000000 -3.20000000000000e-05  12.6100087744497 
-2.75000000000000 -3.00000000000000e-05  17.2159765384460 
-2.75000000000000 -2.80000000000000e-05  22.4602866311424 
-2.75000000000000 -2.60000000000000e-05  27.9389030030191 
-2.75000000000000 -2.40000000000000e-05  33.0530506695390 
-2.75000000000000 -2.20000000000000e-05  37.0875724893285 
-2.75000000000000 -2.00000000000000e-05  39.3709224534873 
-2.75000000000000 -1.80000000000000e-05  39.5055759655506 
-2.75000000000000 -1.60000000000000e-05  37.6262022011285 
-2.75000000000000 -1.40000000000000e-05  34.6131717966473 
-2.75000000000000 -1.20000000000000e-05  32.1739540354938 
-2.75000000000000 -1.00000000000000e-05  32.7167749745128 
-2.75000000000000 -8.00000000000000e-06  38.9846199780266 
-2.75000000000000 -6.00000000000000e-06  53.4865189000604 
-2.75000000000000 -4.00000000000000e-06  77.8378278922153 
-2.75000000000000 -2.00000000000000e-06  112.175281981928 
-2.75000000000000  0.00000000000000  154.821657010963 
-2.75000000000000  2.00000000000000e-06  202.327808277655 
-2.75000000000000  4.00000000000000e-06  249.925451937771 
-2.75000000000000  6.00000000000000e-06  292.310060024098 
-2.75000000000000  8.00000000000000e-06  324.576989969069 
-2.75000000000000  1.00000000000000e-05  343.088277172611 
-2.75000000000000  1.20000000000000e-05  346.067801553504 
-2.75000000000000  1.40000000000000e-05  333.800920978505 
-2.75000000000000  1.60000000000000e-05  308.423584219003 
-2.75000000000000  1.80000000000000e-05  273.389400080856 
-2.75000000000000  2.00000000000000e-05  232.770434223995 
-2.75000000000000  2.20000000000000e-05  190.563493975399 
-2.75000000000000  2.40000000000000e-05  150.141888644335 
-2.75000000000000  2.60000000000000e-05  113.931047975981 
-2.75000000000000  2.80000000000000e-05  83.3184917516186 
-2.75000000000000  3.00000000000000e-05  58.7546412406280 
-2.75000000000000  3.20000000000000e-05  39.9718877878479 
-2.75000000000000  3.40000000000000e-05  26.2459428257494 
-2.75000000000000  3.60000000000000e-05  16.6389319807808 
-2.75000000000000  3.80000000000000e-05  10.1879318445345 
-2.75000000000000  4.00000000000000e-05  6.02655622387487 

-2.50000000000000 -4.00000000000000e-05  2.23241857040535 
-2.50000000000000 -3.80000000000000e-05  3.58828113218476 
-2.50000000000000 -3.60000000000000e-05  5.54264584450136 
-2.50000000000000 -3.40000000000000e-05  8.21833395037959 
-2.50000000000000 -3.20000000000000e-05  11.6820515798803 
-2.50000000000000 -3.00000000000000e-05  15.8949937867740 
-2.50000000000000 -2.80000000000000e-05  20.6653259047804 
-2.50000000000000 -2.60000000000000e-05  25.6215853474011 
-2.50000000000000 -2.40000000000000e-05  30.2308415220639 
-2.50000000000000 -2.20000000000000e-05  33.8832935891755 
-2.50000000000000 -2.00000000000000e-05  36.0524409310731 
-2.50000000000000 -1.80000000000000e-05  36.5164766815778 
-2.50000000000000 -1.60000000000000e-05  35.5963922699222 
-2.50000000000000 -1.40000000000000e-05  34.3389559858677 
-2.50000000000000 -1.20000000000000e-05  34.5609381356427 
-2.50000000000000 -1.00000000000000e-05  38.6859361554461 
-2.50000000000000 -8.00000000000000e-06  49.3508493458253 
-2.50000000000000 -6.00000000000000e-06  68.8277006775620 
-2.50000000000000 -4.00000000000000e-06  98.3784056282108 
-2.50000000000000 -2.00000000000000e-06  137.708988133758 
-2.50000000000000  0.00000000000000  184.692622795401 
-2.50000000000000  2.00000000000000e-06  235.478411438725 
-2.50000000000000  4.00000000000000e-06  285.005541352229 
-2.50000000000000  6.00000000000000e-06  327.829204537290 
-2.50000000000000  8.00000000000000e-06  359.072633766259 
-2.50000000000000  1.00000000000000e-05  375.280416943083 
-2.50000000000000  1.20000000000000e-05  374.975363685327 
-2.50000000000000  1.40000000000000e-05  358.804779621999 
-2.50000000000000  1.60000000000000e-05  329.273174943033 
-2.50000000000000  1.80000000000000e-05  290.160911770440 
-2.50000000000000  2.00000000000000e-05  245.792084512872 
-2.50000000000000  2.20000000000000e-05  200.326242571766 
-2.50000000000000  2.40000000000000e-05  157.212398607802 
-2.50000000000000  2.60000000000000e-05  118.879120862100 
-2.50000000000000  2.80000000000000e-05  86.6653800628445 
-2.50000000000000  3.00000000000000e-05  60.9432188300601 
-2.50000000000000  3.20000000000000e-05  41.3557084545074 
-2.50000000000000  3.40000000000000e-05  27.0921260393428 
-2.50000000000000  3.60000000000000e-05  17.1393987087579 
-2.50000000000000  3.80000000000000e-05  10.4742593426922 
-2.50000000000000  4.00000000000000e-05  6.18503507156317 

-2.25000000000000 -4.00000000000000e-05  1.99447600974549 
-2.25000000000000 -3.80000000000000e-05  3.19625589157397 
-2.25000000000000 -3.60000000000000e-05  4.92141911140965 
-2.25000000000000 -3.40000000000000e-05  7.27282532945952 
-2.25000000000000 -3.20000000000000e-05  10.3024566688052 
-2.25000000000000 -3.00000000000000e-05  13.9700684249280 
-2.25000000000000 -2.80000000000000e-05  18.1060541674603 
-2.25000000000000 -2.60000000000000e-05  22.3960413777476 
-2.25000000000000 -2.40000000000000e-05  26.4082646099507 
-2.25000000000000 -2.20000000000000e-05  29.6815805578551 
-2.25000000000000 -2.00000000000000e-05  31.8792037082234 
-2.25000000000000 -1.80000000000000e-05  32.9908125572092 
-2.25000000000000 -1.60000000000000e-05  33.5380965079910 
-2.25000000000000 -1.40000000000000e-05  34.7153063873319 
-2.25000000000000 -1.20000000000000e-05  38.3887225161983 
-2.25000000000000 -1.00000000000000e-05  46.8970206009086 
-2.25000000000000 -8.00000000000000e-06  62.6408179549514 
-2.25000000000000 -6.00000000000000e-06  87.5155711160035 
-2.25000000000000 -4.00000000000000e-06  122.307935160356 
-2.25000000000000 -2.00000000000000e-06  166.216810541927 
-2.25000000000000  0.00000000000000  216.655864547644 
-2.25000000000000  2.00000000000000e-06  269.437430568179 
-2.25000000000000  4.00000000000000e-06  319.340586187337 
-2.25000000000000  6.00000000000000e-06  360.957869458524 
-2.25000000000000  8.00000000000000e-06  389.631338537170 
-2.25000000000000  1.00000000000000e-05  402.258541921749 
-2.25000000000000  1.20000000000000e-05  397.783172062203 
-2.25000000000000  1.40000000000000e-05  377.271929520739 
-2.25000000000000  1.60000000000000e-05  343.589016009461 
-2.25000000000000  1.80000000000000e-05  300.777355333623 
-2.25000000000000  2.00000000000000e-05  253.313015249368 
-2.25000000000000  2.20000000000000e-05  205.404662603569 
-2.25000000000000  2.40000000000000e-05  160.469759617490 
-2.25000000000000  2.60000000000000e-05  120.853210424569 
-2.25000000000000  2.80000000000000e-05  87.7859835530672 
-2.25000000000000  3.00000000000000e-05  61.5299860644739 
-2.25000000000000  3.20000000000000e-05  41.6305872591966 
-2.25000000000000  3.40000000000000e-05  27.1989377663976 
-2.25000000000000  3.60000000000000e-05  17.1647563478988 
-2.25000000000000  3.80000000000000e-05  10.4661662208879 
-2.25000000000000  4.00000000000000e-05  6.16747317167903 

-2.00000000000000 -4.00000000000000e-05  1.68448667345383 
-2.00000000000000 -3.80000000000000e-05  2.69044429339994 
-2.00000000000000 -3.60000000000000e-05  4.12836007510955 
-2.00000000000000 -3.40000000000000e-05  6.07996235794151 
-2.00000000000000 -3.20000000000000e-05  8.58491451123943 
-2.00000000000000 -3.00000000000000e-05  11.6097300985706 
-2.00000000000000 -2.80000000000000e-05  15.0231116609495 
-2.00000000000000 -2.60000000000000e-05  18.5928841703925 
-2.00000000000000 -2.40000000000000e-05  22.0217466238787 
-2.00000000000000 -2.20000000000000e-05  25.0349181969819 
-2.00000000000000 -2.00000000000000e-05  27.5202102266094 
-2.00000000000000 -1.80000000000000e-05  29.7006241525603 
-2.00000000000000 -1.60000000000000e-05  32.2958328539298 
-2.00000000000000 -1.40000000000000e-05  36.6104207104918 
-2.00000000000000 -1.20000000000000e-05  44.4839064294104 
-2.00000000000000 -1.00000000000000e-05  58.0583541676545 
-2.00000000000000 -8.00000000000000e-06  79.3646691922995 
-2.00000000000000 -6.00000000000000e-06  109.789160183016 
-2.00000000000000 -4.00000000000000e-06  149.538956926921 
-2.00000000000000 -2.00000000000000e-06  197.255912392944 
-2.00000000000000  0.00000000000000  249.916202358814 
-2.00000000000000  2.00000000000000e-06  303.093005870171 
-2.00000000000000  4.00000000000000e-06  351.566062552760 
-2.00000000000000  6.00000000000000e-06  390.162772383218 
-2.00000000000000  8.00000000000000e-06  414.643863254739 
-2.00000000000000  1.00000000000000e-05  422.427707313157 
-2.00000000000000  1.20000000000000e-05  412.988415917173 
-2.00000000000000  1.40000000000000e-05  387.850292497665 
-2.00000000000000  1.60000000000000e-05  350.206034726688 
-2.00000000000000  1.80000000000000e-05  304.275116657666 
-2.00000000000000  2.00000000000000e-05  254.567005771319 
-2.00000000000000  2.20000000000000e-05  205.212292212450 
-2.00000000000000  2.40000000000000e-05  159.481480688652 
-2.00000000000000  2.60000000000000e-05  119.545780997222 
-2.00000000000000  2.80000000000000e-05  86.4693129916079 
-2.00000000000000  3.00000000000000e-05  60.3752136589833 
-2.00000000000000  3.20000000000000e-05  40.7071618385538 
-2.00000000000000  3.40000000000000e-05  26.5111690692514 
-2.00000000000000  3.60000000000000e-05  16.6820458332647 
-2.00000000000000  3.80000000000000e-05  10.1446349279743 
-2.00000000000000  4.00000000000000e-05  5.96326247033853 

-1.75000000000000 -4.00000000000000e-05  1.32969665772685 
-1.75000000000000 -3.80000000000000e-05  2.11659692926015 
-1.75000000000000 -3.60000000000000e-05  3.23759444656368 
-1.75000000000000 -3.40000000000000e-05  4.75556230662057 
-1.75000000000000 -3.20000000000000e-05  6.70381087308685 
-1.75000000000000 -3.00000000000000e-05  9.06680111798108 
-1.75000000000000 -2.80000000000000e-05  11.7690555636800 
-1.75000000000000 -2.60000000000000e-05  14.6843650057691 
-1.75000000000000 -2.40000000000000e-05  17.6778727662115 
-1.75000000000000 -2.20000000000000e-05  20.6886867608047 
-1.75000000000000 -2.00000000000000e-05  23.8489127556950 
-1.75000000000000 -1.80000000000000e-05  27.6174707760648 
-1.75000000000000 -1.60000000000000e-05  32.8882264629040 
-1.75000000000000 -1.40000000000000e-05  41.0194088830837 
-1.75000000000000 -1.20000000000000e-05  53.7335114513075 
-1.75000000000000 -1.00000000000000e-05  72.8596677281708 
-1.75000000000000 -8.00000000000000e-06  99.9330012804529 
-1.75000000000000 -6.00000000000000e-06  135.718009221596 
-1.75000000000000 -4.00000000000000e-06  179.768556712400 
-1.75000000000000 -2.00000000000000e-06  230.156351146392 
-1.75000000000000  0.00000000000000  283.479357381389 
-1.75000000000000  2.00000000000000e-06  335.200770405740 
-1.75000000000000  4.00000000000000e-06  380.282566384062 
-1.75000000000000  6.00000000000000e-06  413.991743898118 
-1.75000000000000  8.00000000000000e-06  432.701098673543 
-1.75000000000000  1.00000000000000e-05  434.500051449681 
-1.75000000000000  1.20000000000000e-05  419.478080976190 
-1.75000000000000  1.40000000000000e-05  389.628645403270 
-1.75000000000000  1.60000000000000e-05  348.417417932355 
-1.75000000000000  1.80000000000000e-05  300.135518664778 
-1.75000000000000  2.00000000000000e-05  249.195225651389 
-1.75000000000000  2.20000000000000e-05  199.516609895351 
-1.75000000000000  2.40000000000000e-05  154.108092663412 
-1.75000000000000  2.60000000000000e-05  114.881168142705 
-1.75000000000000  2.80000000000000e-05  82.6801556373075 
-1.75000000000000  3.00000000000000e-05  57.4670522228273 
-1.75000000000000  3.20000000000000e-05  38.5854764115395 
-1.75000000000000  3.40000000000000e-05  25.0337480848331 
-1.75000000000000  3.60000000000000e-05  15.6972585086112 
-1.75000000000000  3.80000000000000e-05  9.51495888848974 
-1.75000000000000  4.00000000000000e-05  5.57642626790290 

-1.50000000000000 -4.00000000000000e-05  0.966601575936333 
-1.50000000000000 -3.80000000000000e-05  1.53543412733993 
-1.50000000000000 -3.60000000000000e-05  2.34652636387078 
-1.50000000000000 -3.40000000000000e-05  3.45017308457701 
-1.50000000000000 -3.20000000000000e-05  4.88315560628457 
-1.50000000000000 -3.00000000000000e-05  6.66184377968649 
-1.50000000000000 -2.80000000000000e-05  8.78449798806588 
-1.50000000000000 -2.60000000000000e-05  11.2512344972101 
-1.50000000000000 -2.40000000000000e-05  14.1090985117671 
-1.50000000000000 -2.20000000000000e-05  17.5242833488886 
-1.50000000000000 -2.00000000000000e-05  21.8731496223752 
-1.50000000000000 -1.80000000000000e-05  27.8298499011312 
-1.50000000000000 -1.60000000000000e-05  36.4152215496303 
-1.50000000000000 -1.40000000000000e-05  48.9654247024740 
-1.50000000000000 -1.20000000000000e-05  66.9859073003209 
-1.50000000000000 -1.00000000000000e-05  91.8800445652036 
-1.50000000000000 -8.00000000000000e-06  124.579708383292 
-1.50000000000000 -6.00000000000000e-06  165.147479759795 
-1.50000000000000 -4.00000000000000e-06  212.452388339591 
-1.50000000000000 -2.00000000000000e-06  264.027805102173 
-1.50000000000000  0.00000000000000  316.192474556550 
-1.50000000000000  2.00000000000000e-06  364.456145193515 
-1.50000000000000  4.00000000000000e-06  404.154996611115 
-1.50000000000000  6.00000000000000e-06  431.192734344749 
-1.50000000000000  8.00000000000000e-06  442.724621670233 
-1.50000000000000  1.00000000000000e-05  437.628478448954 
-1.50000000000000  1.20000000000000e-05  416.658172364873 
-1.50000000000000  1.40000000000000e-05  382.255353011703 
-1.50000000000000  1.60000000000000e-05  338.078776577762 
-1.50000000000000  1.80000000000000e-05  288.372345993431 
-1.50000000000000  2.00000000000000e-05  237.316828681080 
-1.50000000000000  2.20000000000000e-05  188.493779958167 
-1.50000000000000  2.40000000000000e-05  144.544019464062 
-1.50000000000000  2.60000000000000e-05  107.044982441664 
-1.50000000000000  2.80000000000000e-05  76.5794758141893 
-1.50000000000000  3.00000000000000e-05  52.9351909287910 
-1.50000000000000  3.20000000000000e-05  35.3638110466186 
-1.50000000000000  3.40000000000000e-05  22.8372528754773 
-1.50000000000000  3.60000000000000e-05  14.2586620934025 
-1.50000000000000  3.80000000000000e-05  8.60868196096288 
-1.50000000000000  4.00000000000000e-05  5.02671260871528 

-1.25000000000000 -4.00000000000000e-05  0.637887314725948 
-1.25000000000000 -3.80000000000000e-05  1.01750227397748 
-1.25000000000000 -3.60000000000000e-05  1.56749104844376 
-1.25000000000000 -3.40000000000000e-05  2.33600478887683 
-1.25000000000000 -3.20000000000000e-05  3.37685629178530 
-1.25000000000000 -3.00000000000000e-05  4.75447171673961 
-1.25000000000000 -2.80000000000000e-05  6.55794180142879 
-1.25000000000000 -2.60000000000000e-05  8.92867121151994 
-1.25000000000000 -2.40000000000000e-05  12.1038449902362 
-1.25000000000000 -2.20000000000000e-05  16.4724875738091 
-1.25000000000000 -2.00000000000000e-05  22.6324611697570 
-1.25000000000000 -1.80000000000000e-05  31.4271738899342 
-1.25000000000000 -1.60000000000000e-05  43.9336848512503 
-1.25000000000000 -1.40000000000000e-05  61.3739904981774 
-1.25000000000000 -1.20000000000000e-05  84.9325315731531 
-1.25000000000000 -1.00000000000000e-05  115.486335560355 
-1.25000000000000 -8.00000000000000e-06  153.285784139298 
-1.25000000000000 -6.00000000000000e-06  197.654730057428 
-1.25000000000000 -4.00000000000000e-06  246.796594361795 
-1.25000000000000 -2.00000000000000e-06  297.787530879886 
-1.25000000000000  0.00000000000000  346.804466688859 
-1.25000000000000  2.00000000000000e-06  389.580240828343 
-1.25000000000000  4.00000000000000e-06  422.015082503945 
-1.25000000000000  6.00000000000000e-06  440.823290496329 
-1.25000000000000  8.00000000000000e-06  444.074058847055 
-1.25000000000000  1.00000000000000e-05  431.504559875908 
-1.25000000000000  1.20000000000000e-05  404.537184750704 
-1.25000000000000  1.40000000000000e-05  366.004990972799 
-1.25000000000000  1.60000000000000e-05  319.657800011697 
-1.25000000000000  1.80000000000000e-05  269.566146925787 
-1.25000000000000  2.00000000000000e-05  219.550573368736 
-1.25000000000000  2.20000000000000e-05  172.740662453682 
-1.25000000000000  2.40000000000000e-05  131.322930511655 
-1.25000000000000  2.60000000000000e-05  96.4853082319394 
-1.25000000000000  2.80000000000000e-05  68.5233664006543 
-1.25000000000000  3.00000000000000e-05  47.0488671965291 
-1.25000000000000  3.20000000000000e-05  31.2365417284726 
-1.25000000000000  3.40000000000000e-05  20.0560287420271 
-1.25000000000000  3.60000000000000e-05  12.4553262839265 
-1.25000000000000  3.80000000000000e-05  7.48253581127158 
-1.25000000000000  4.00000000000000e-05  4.34887759945473 

-1.00000000000000 -4.00000000000000e-05  0.388107817592486 
-1.00000000000000 -3.80000000000000e-05  0.635973358149327 
-1.00000000000000 -3.60000000000000e-05  1.01618581809393 
-1.00000000000000 -3.40000000000000e-05  1.58901324032897 
-1.00000000000000 -3.20000000000000e-05  2.44199311657605 
-1.00000000000000 -3.00000000000000e-05  3.70498617619467 
-1.00000000000000 -2.80000000000000e-05  5.57283959288643 
-1.00000000000000 -2.60000000000000e-05  8.33614324034624 
-1.00000000000000 -2.40000000000000e-05  12.4174408806292 
-1.00000000000000 -2.20000000000000e-05  18.4053231747952 
-1.00000000000000 -2.00000000000000e-05  27.0728978987993 
-1.00000000000000 -1.80000000000000e-05  39.3621613104300 
-1.00000000000000 -1.60000000000000e-05  56.3146722923396 
-1.00000000000000 -1.40000000000000e-05  78.9346244297549 
-1.00000000000000 -1.20000000000000e-05  107.984549996090 
-1.00000000000000 -1.00000000000000e-05  143.735260577479 
-1.00000000000000 -8.00000000000000e-06  185.715349035512 
-1.00000000000000 -6.00000000000000e-06  232.523698739487 
-1.00000000000000 -4.00000000000000e-06  281.772273675085 
-1.00000000000000 -2.00000000000000e-06  330.210052158533 
-1.00000000000000  0.00000000000000  374.042454662406 
-1.00000000000000  2.00000000000000e-06  409.411732291537 
-1.00000000000000  4.00000000000000e-06  432.956378153705 
-1.00000000000000  6.00000000000000e-06  442.337294537012 
-1.00000000000000  8.00000000000000e-06  436.616754307937 
-1.00000000000000  1.00000000000000e-05  416.405871702204 
-1.00000000000000  1.20000000000000e-05  383.749646420434 
-1.00000000000000  1.40000000000000e-05  341.779975348536 
-1.00000000000000  1.60000000000000e-05  294.218239864923 
-1.00000000000000  1.80000000000000e-05  244.836068554027 
-1.00000000000000  2.00000000000000e-05  196.980130657655 
-1.00000000000000  2.20000000000000e-05  153.238492483706 
-1.00000000000000  2.40000000000000e-05  115.283473297787 
-1.00000000000000  2.60000000000000e-05  83.8828044371528 
-1.00000000000000  2.80000000000000e-05  59.0385858506168 
-1.00000000000000  3.00000000000000e-05  40.1979406176750 
-1.00000000000000  3.20000000000000e-05  26.4802189822425 
-1.00000000000000  3.40000000000000e-05  16.8784155237417 
-1.00000000000000  3.60000000000000e-05  10.4105575949569 
-1.00000000000000  3.80000000000000e-05  6.21421065561479 
-1.00000000000000  4.00000000000000e-05  3.59006868869885 

-0.750000000000000 -4.00000000000000e-05  0.258579522962825 
-0.750000000000000 -3.80000000000000e-05  0.458191566816309 
-0.750000000000000 -3.60000000000000e-05  0.798179519719716 
-0.750000000000000 -3.40000000000000e-05  1.36816361071572 
-0.750000000000000 -3.20000000000000e-05  2.30814488125403 
-0.750000000000000 -3.00000000000000e-05  3.83075537477728 
-0.750000000000000 -2.80000000000000e-05  6.24803582862785 
-0.750000000000000 -2.60000000000000e-05  9.99946034018203 
-0.750000000000000 -2.40000000000000e-05  15.6745394464258 
-0.750000000000000 -2.20000000000000e-05  24.0195289017500 
-0.750000000000000 -2.00000000000000e-05  35.9147944179848 
-0.750000000000000 -1.80000000000000e-05  52.3090529856412 
-0.750000000000000 -1.60000000000000e-05  74.1009581093527 
-0.750000000000000 -1.40000000000000e-05  101.968517744819 
-0.750000000000000 -1.20000000000000e-05  136.162110041009 
-0.750000000000000 -1.00000000000000e-05  176.294458864223 
-0.750000000000000 -8.00000000000000e-06  221.175609187971 
-0.750000000000000 -6.00000000000000e-06  268.746396957650 
-0.750000000000000 -4.00000000000000e-06  316.155000361344 
-0.750000000000000 -2.00000000000000e-06  359.996428480058 
-0.750000000000000  0.00000000000000  396.698152187626 
-0.750000000000000  2.00000000000000e-06  422.995614335730 
-0.750000000000000  4.00000000000000e-06  436.410978270870 
-0.750000000000000  6.00000000000000e-06  435.637878230495 
-0.750000000000000  8.00000000000000e-06  420.749459586884 
-0.750000000000000  1.00000000000000e-05  393.184131896146 
-0.750000000000000  1.20000000000000e-05  355.513221443821 
-0.750000000000000  1.40000000000000e-05  311.042909677210 
-0.750000000000000  1.60000000000000e-05  263.335972367429 
-0.750000000000000  1.80000000000000e-05  215.748627110740 
-0.750000000000000  2.00000000000000e-05  171.063661422102 
-0.750000000000000  2.20000000000000e-05  131.269525095475 
-0.750000000000000  2.40000000000000e-05  97.4969993185063 
-0.750000000000000  2.60000000000000e-05  70.0913440163947 
-0.750000000000000  2.80000000000000e-05  48.7761549259315 
-0.750000000000000  3.00000000000000e-05  32.8582509458385 
-0.750000000000000  3.20000000000000e-05  21.4288081854745 
-0.750000000000000  3.40000000000000e-05  13.5297729914423 
-0.750000000000000  3.60000000000000e-05  8.27072015994341 
-0.750000000000000  3.80000000000000e-05  4.89527431127220 
-0.750000000000000  4.00000000000000e-05  2.80550690736511 

-0.500000000000000 -4.00000000000000e-05  0.282156802324008 
-0.500000000000000 -3.80000000000000e-05  0.537071572322418 
-0.500000000000000 -3.60000000000000e-05  0.995271633288121 
-0.500000000000000 -3.40000000000000e-05  1.79461135266091 
-0.500000000000000 -3.20000000000000e-05  3.14683986829421 
-0.500000000000000 -3.00000000000000e-05  5.36317077720647 
-0.500000000000000 -2.80000000000000e-05  8.87962255713524 
-0.500000000000000 -2.60000000000000e-05  14.2756277492215 
-0.500000000000000 -2.40000000000000e-05  22.2764478823408 
-0.500000000000000 -2.20000000000000e-05  33.7279106242628 
-0.500000000000000 -2.00000000000000e-05  49.5322985075482 
-0.500000000000000 -1.80000000000000e-05  70.5382593967206 
-0.500000000000000 -1.60000000000000e-05  97.3861698421917 
-0.500000000000000 -1.40000000000000e-05  130.322960034371 
-0.500000000000000 -1.20000000000000e-05  169.014715319203 
-0.500000000000000 -1.00000000000000e-05  212.397397430769 
-0.500000000000000 -8.00000000000000e-06  258.610910970071 
-0.500000000000000 -6.00000000000000e-06  305.055341097297 
-0.500000000000000 -4.00000000000000e-06  348.588979351661 
-0.500000000000000 -2.00000000000000e-06  385.858219729801 
-0.500000000000000  0.00000000000000  413.716193112376 
-0.500000000000000  2.00000000000000e-06  429.659420882628 
-0.500000000000000  4.00000000000000e-06  432.198889649746 
-0.500000000000000  6.00000000000000e-06  421.089338086910 
-0.500000000000000  8.00000000000000e-06  397.367852785057 
-0.500000000000000  1.00000000000000e-05  363.193444513128 
-0.500000000000000  1.20000000000000e-05  321.522117171378 
-0.500000000000000  1.40000000000000e-05  275.685306746526 
-0.500000000000000  1.60000000000000e-05  228.954868899115 
-0.500000000000000  1.80000000000000e-05  184.172262207272 
-0.500000000000000  2.00000000000000e-05  143.496730409664 
-0.500000000000000  2.20000000000000e-05  108.295202139481 
-0.500000000000000  2.40000000000000e-05  79.1648342162010 
-0.500000000000000  2.60000000000000e-05  56.0554801203948 
-0.500000000000000  2.80000000000000e-05  38.4479840197728 
-0.500000000000000  3.00000000000000e-05  25.5450057517672 
-0.500000000000000  3.20000000000000e-05  16.4407897533345 
-0.500000000000000  3.40000000000000e-05  10.2501666363068 
-0.500000000000000  3.60000000000000e-05  6.19067616526027 
-0.500000000000000  3.80000000000000e-05  3.62202499167130 
-0.500000000000000  4.00000000000000e-05  2.05294918909268 

-0.250000000000000 -4.00000000000000e-05  0.478638958636960 
-0.250000000000000 -3.80000000000000e-05  0.903589630076658 
-0.250000000000000 -3.60000000000000e-05  1.65367900316771 
-0.250000000000000 -3.40000000000000e-05  2.93383633792746 
-0.250000000000000 -3.20000000000000e-05  5.04561549910170 
-0.250000000000000 -3.00000000000000e-05  8.41154646787242 
-0.250000000000000 -2.80000000000000e-05  13.5928861179709 
-0.250000000000000 -2.60000000000000e-05  21.2918388163039 
-0.250000000000000 -2.40000000000000e-05  32.3275372267878 
-0.250000000000000 -2.20000000000000e-05  47.5754655755950 
-0.250000000000000 -2.00000000000000e-05  67.8637940100223 
-0.250000000000000 -1.80000000000000e-05  93.8279431342189 
-0.250000000000000 -1.60000000000000e-05  125.736137401381 
-0.250000000000000 -1.40000000000000e-05  163.311705608007 
-0.250000000000000 -1.20000000000000e-05  205.588923671648 
-0.250000000000000 -1.00000000000000e-05  250.843980772525 
-0.250000000000000 -8.00000000000000e-06  296.637480940089 
-0.250000000000000 -6.00000000000000e-06  339.988257218806 
-0.250000000000000 -4.00000000000000e-06  377.672100034863 
-0.250000000000000 -2.00000000000000e-06  406.608871317528 
-0.250000000000000  0.00000000000000  424.275471859243 
-0.250000000000000  2.00000000000000e-06  429.068440940984 
-0.250000000000000  4.00000000000000e-06  420.544043089547 
-0.250000000000000  6.00000000000000e-06  399.486023615285 
-0.250000000000000  8.00000000000000e-06  367.786698619258 
-0.250000000000000  1.00000000000000e-05  328.166388132342 
-0.250000000000000  1.20000000000000e-05  283.788847870993 
-0.250000000000000  1.40000000000000e-05  237.847920613150 
-0.250000000000000  1.60000000000000e-05  193.199500938520 
-0.250000000000000  1.80000000000000e-05  152.095084914436 
-0.250000000000000  2.00000000000000e-05  116.045137098553 
-0.250000000000000  2.20000000000000e-05  85.8107018554227 
-0.250000000000000  2.40000000000000e-05  61.4977115599851 
-0.250000000000000  2.60000000000000e-05  42.7149386056010 
-0.250000000000000  2.80000000000000e-05  28.7544035066045 
-0.250000000000000  3.00000000000000e-05  18.7600144507190 
-0.250000000000000  3.20000000000000e-05  11.8622411887041 
-0.250000000000000  3.40000000000000e-05  7.26951955207993 
-0.250000000000000  3.60000000000000e-05  4.31768242628656 
-0.250000000000000  3.80000000000000e-05  2.48543497411726 
-0.250000000000000  4.00000000000000e-05  1.38663311981421 

 0.00000000000000 -4.00000000000000e-05  0.851520819814689 
 0.00000000000000 -3.80000000000000e-05  1.56153826321051 
 0.00000000000000 -3.60000000000000e-05  2.77590426585289 
 0.00000000000000 -3.40000000000000e-05  4.78355566954588 
 0.00000000000000 -3.20000000000000e-05  7.99082602036546 
 0.00000000000000 -3.00000000000000e-05  12.9397835615367 
 0.00000000000000 -2.80000000000000e-05  20.3121943611009 
 0.00000000000000 -2.60000000000000e-05  30.9087306022429 
 0.00000000000000 -2.40000000000000e-05  45.5931910585137 
 0.00000000000000 -2.20000000000000e-05  65.1948520353608 
 0.00000000000000 -2.00000000000000e-05  90.3693405105697 
 0.00000000000000 -1.80000000000000e-05  121.429278973974 
 0.00000000000000 -1.60000000000000e-05  158.168579388549 
 0.00000000000000 -1.40000000000000e-05  199.715377731293 
 0.00000000000000 -1.20000000000000e-05  244.454081354215 
 0.00000000000000 -1.00000000000000e-05  290.053141397786 
 0.00000000000000 -8.00000000000000e-06  333.620207914051 
 0.00000000000000 -6.00000000000000e-06  371.981737220176 
 0.00000000000000 -4.00000000000000e-06  402.054921252371 
 0.00000000000000 -2.00000000000000e-06  421.253614971591 
 0.00000000000000  0.00000000000000  427.854785207896 
 0.00000000000000  2.00000000000000e-06  421.253614971591 
 0.00000000000000  4.00000000000000e-06  402.054921252371 
 0.00000000000000  6.00000000000000e-06  371.981737220176 
 0.00000000000000  8.00000000000000e-06  333.620207914051 
 0.00000000000000  1.00000000000000e-05  290.053141397786 
 0.00000000000000  1.20000000000000e-05  244.454081354215 
 0.00000000000000  1.40000000000000e-05  199.715377731293 
 0.00000000000000  1.60000000000000e-05  158.168579388549 
 0.00000000000000  1.80000000000000e-05  121.429278973974 
 0.00000000000000  2.00000000000000e-05  90.3693405105697 
 0.00000000000000  2.20000000000000e-05  65.1948520353606 
 0.00000000000000  2.40000000000000e-05  45.5931910585137 
 0.00000000000000  2.60000000000000e-05  30.9087306022429 
 0.00000000000000  2.80000000000000e-05  20.3121943611009 
 0.00000000000000  3.00000000000000e-05  12.9397835615367 
 0.00000000000000  3.20000000000000e-05  7.99082602036545 
 0.00000000000000  3.40000000000000e-05  4.78355566954588 
 0.00000000000000  3.60000000000000e-05  2.77590426585289 
 0.00000000000000  3.80000000000000e-05  1.56153826321051 
 0.00000000000000  4.00000000000000e-05  0.851520819814689 

 0.250000000000000 -4.00000000000000e-05  1.38663311981421 
 0.250000000000000 -3.80000000000000e-05  2.48543497411727 
 0.250000000000000 -3.60000000000000e-05  4.31768242628656 
 0.250000000000000 -3.40000000000000e-05  7.26951955207993 
 0.250000000000000 -3.20000000000000e-05  11.8622411887041 
 0.250000000000000 -3.00000000000000e-05  18.7600144507190 
 0.250000000000000 -2.80000000000000e-05  28.7544035066046 
 0.250000000000000 -2.60000000000000e-05  42.7149386056010 
 0.250000000000000 -2.40000000000000e-05  61.4977115599851 
 0.250000000000000 -2.20000000000000e-05  85.8107018554228 
 0.250000000000000 -2.00000000000000e-05  116.045137098553 
 0.250000000000000 -1.80000000000000e-05  152.095084914436 
 0.250000000000000 -1.60000000000000e-05  193.199500938521 
 0.250000000000000 -1.40000000000000e-05  237.847920613150 
 0.250000000000000 -1.20000000000000e-05  283.788847870993 
 0.250000000000000 -1.00000000000000e-05  328.166388132342 
 0.250000000000000 -8.00000000000000e-06  367.786698619258 
 0.250000000000000 -6.00000000000000e-06  399.486023615286 
 0.250000000000000 -4.00000000000000e-06  420.544043089547 
 0.250000000000000 -2.00000000000000e-06  429.068440940984 
 0.250000000000000  0.00000000000000  424.275471859243 
 0.250000000000000  2.00000000000000e-06  406.608871317528 
 0.250000000000000  4.00000000000000e-06  377.672100034863 
 0.250000000000000  6.00000000000000e-06  339.988257218805 
 0.250000000000000  8.00000000000000e-06  296.637480940089 
 0.250000000000000  1.00000000000000e-05  250.843980772525 
 0.250000000000000  1.20000000000000e-05  205.588923671648 
 0.250000000000000  1.40000000000000e-05  163.311705608007 
 0.250000000000000  1.60000000000000e-05  125.736137401381 
 0.250000000000000  1.80000000000000e-05  93.8279431342187 
 0.250000000000000  2.00000000000000e-05  67.8637940100223 
 0.250000000000000  2.20000000000000e-05  47.5754655755949 
 0.250000000000000  2.40000000000000e-05  32.3275372267878 
 0.250000000000000  2.60000000000000e-05  21.2918388163039 
 0.250000000000000  2.80000000000000e-05  13.5928861179709 
 0.250000000000000  3.00000000000000e-05  8.41154646787242 
 0.250000000000000  3.20000000000000e-05  5.04561549910170 
 0.250000000000000  3.40000000000000e-05  2.93383633792746 
 0.250000000000000  3.60000000000000e-05  1.65367900316771 
 0.250000000000000  3.80000000000000e-05  0.903589630076656 
 0.250000000000000  4.00000000000000e-05  0.478638958636960 

 0.500000000000000 -4.00000000000000e-05  2.05294918909268 
 0.500000000000000 -3.80000000000000e-05  3.62202499167131 
 0.500000000000000 -3.60000000000000e-05  6.19067616526027 
 0.500000000000000 -3.40000000000000e-05  10.2501666363068 
 0.500000000000000 -3.20000000000000e-05  16.4407897533345 
 0.500000000000000 -3.00000000000000e-05  25.5450057517672 
 0.500000000000000 -2.80000000000000e-05  38.4479840197728 
 0.500000000000000 -2.60000000000000e-05  56.0554801203948 
 0.500000000000000 -2.40000000000000e-05  79.1648342162010 
 0.500000000000000 -2.20000000000000e-05  108.295202139481 
 0.500000000000000 -2.00000000000000e-05  143.496730409664 
 0.500000000000000 -1.80000000000000e-05  184.172262207272 
 0.500000000000000 -1.60000000000000e-05  228.954868899116 
 0.500000000000000 -1.40000000000000e-05  275.685306746527 
 0.500000000000000 -1.20000000000000e-05  321.522117171378 
 0.500000000000000 -1.00000000000000e-05  363.193444513128 
 0.500000000000000 -8.00000000000000e-06  397.367852785057 
 0.500000000000000 -6.00000000000000e-06  421.089338086910 
 0.500000000000000 -4.00000000000000e-06  432.198889649746 
 0.500000000000000 -2.00000000000000e-06  429.659420882628 
 0.500000000000000  0.00000000000000  413.716193112376 
 0.500000000000000  2.00000000000000e-06  385.858219729801 
 0.500000000000000  4.00000000000000e-06  348.588979351661 
 0.500000000000000  6.00000000000000e-06  305.055341097296 
 0.500000000000000  8.00000000000000e-06  258.610910970070 
 0.500000000000000  1.00000000000000e-05  212.397397430769 
 0.500000000000000  1.20000000000000e-05  169.014715319203 
 0.500000000000000  1.40000000000000e-05  130.322960034371 
 0.500000000000000  1.60000000000000e-05  97.3861698421916 
 0.500000000000000  1.80000000000000e-05  70.5382593967204 
 0.500000000000000  2.00000000000000e-05  49.5322985075482 
 0.500000000000000  2.20000000000000e-05  33.7279106242627 
 0.500000000000000  2.40000000000000e-05  22.2764478823408 
 0.500000000000000  2.60000000000000e-05  14.2756277492215 
 0.500000000000000  2.80000000000000e-05  8.87962255713522 
 0.500000000000000  3.00000000000000e-05  5.36317077720647 
 0.500000000000000  3.20000000000000e-05  3.14683986829420 
 0.500000000000000  3.40000000000000e-05  1.79461135266091 
 0.500000000000000  3.60000000000000e-05  0.995271633288121 
 0.500000000000000  3.80000000000000e-05  0.537071572322415 
 0.500000000000000  4.00000000000000e-05  0.282156802324008 

 0.750000000000000 -4.00000000000000e-05  2.80550690736511 
 0.750000000000000 -3.80000000000000e-05  4.89527431127221 
 0.750000000000000 -3.60000000000000e-05  8.27072015994341 
 0.750000000000000 -3.40000000000000e-05  13.5297729914423 
 0.750000000000000 -3.20000000000000e-05  21.4288081854746 
 0.750000000000000 -3.00000000000000e-05  32.8582509458385 
 0.750000000000000 -2.80000000000000e-05  48.7761549259316 
 0.750000000000000 -2.60000000000000e-05  70.0913440163947 
 0.750000000000000 -2.40000000000000e-05  97.4969993185063 
 0.750000000000000 -2.20000000000000e-05  131.269525095476 
 0.750000000000000 -2.00000000000000e-05  171.063661422102 
 0.750000000000000 -1.80000000000000e-05  215.748627110740 
 0.750000000000000 -1.60000000000000e-05  263.335972367429 
 0.750000000000000 -1.40000000000000e-05  311.042909677210 
 0.750000000000000 -1.20000000000000e-05  355.513221443821 
 0.750000000000000 -1.00000000000000e-05  393.184131896146 
 0.750000000000000 -8.00000000000000e-06  420.749459586884 
 0.750000000000000 -6.00000000000000e-06  435.637878230495 
 0.750000000000000 -4.00000000000000e-06  436.410978270870 
 0.750000000000000 -2.00000000000000e-06  422.995614335730 
 0.750000000000000  0.00000000000000  396.698152187626 
 0.750000000000000  2.00000000000000e-06  359.996428480058 
 0.750000000000000  4.00000000000000e-06  316.155000361344 
 0.750000000000000  6.00000000000000e-06  268.746396957650 
 0.750000000000000  8.00000000000000e-06  221.175609187971 
 0.750000000000000  1.00000000000000e-05  176.294458864223 
 0.750000000000000  1.20000000000000e-05  136.162110041008 
 0.750000000000000  1.40000000000000e-05  101.968517744819 
 0.750000000000000  1.60000000000000e-05  74.1009581093526 
 0.750000000000000  1.80000000000000e-05  52.3090529856411 
 0.750000000000000  2.00000000000000e-05  35.9147944179848 
 0.750000000000000  2.20000000000000e-05  24.0195289017500 
 0.750000000000000  2.40000000000000e-05  15.6745394464258 
 0.750000000000000  2.60000000000000e-05  9.99946034018203 
 0.750000000000000  2.80000000000000e-05  6.24803582862784 
 0.750000000000000  3.00000000000000e-05  3.83075537477728 
 0.750000000000000  3.20000000000000e-05  2.30814488125403 
 0.750000000000000  3.40000000000000e-05  1.36816361071572 
 0.750000000000000  3.60000000000000e-05  0.798179519719716 
 0.750000000000000  3.80000000000000e-05  0.458191566816308 
 0.750000000000000  4.00000000000000e-05  0.258579522962825 

 1.00000000000000 -4.00000000000000e-05  3.59006868869885 
 1.00000000000000 -3.80000000000000e-05  6.21421065561480 
 1.00000000000000 -3.60000000000000e-05  10.4105575949569 
 1.00000000000000 -3.40000000000000e-05  16.8784155237417 
 1.00000000000000 -3.20000000000000e-05  26.4802189822426 
 1.00000000000000 -3.00000000000000e-05  40.1979406176750 
 1.00000000000000 -2.80000000000000e-05  59.0385858506169 
 1.00000000000000 -2.60000000000000e-05  83.8828044371528 
 1.00000000000000 -2.40000000000000e-05  115.283473297787 
 1.00000000000000 -2.20000000000000e-05  153.238492483706 
 1.00000000000000 -2.00000000000000e-05  196.980130657655 
 1.00000000000000 -1.80000000000000e-05  244.836068554028 
 1.00000000000000 -1.60000000000000e-05  294.218239864924 
 1.00000000000000 -1.40000000000000e-05  341.779975348536 
 1.00000000000000 -1.20000000000000e-05  383.749646420434 
 1.00000000000000 -1.00000000000000e-05  416.405871702204 
 1.00000000000000 -8.00000000000000e-06  436.616754307936 
 1.00000000000000 -6.00000000000000e-06  442.337294537012 
 1.00000000000000 -4.00000000000000e-06  432.956378153705 
 1.00000000000000 -2.00000000000000e-06  409.411732291537 
 1.00000000000000  0.00000000000000  374.042454662406 
 1.00000000000000  2.00000000000000e-06  330.210052158533 
 1.00000000000000  4.00000000000000e-06  281.772273675085 
 1.00000000000000  6.00000000000000e-06  232.523698739487 
 1.00000000000000  8.00000000000000e-06  185.715349035512 
 1.00000000000000  1.00000000000000e-05  143.735260577479 
 1.00000000000000  1.20000000000000e-05  107.984549996090 
 1.00000000000000  1.40000000000000e-05  78.9346244297548 
 1.00000000000000  1.60000000000000e-05  56.3146722923395 
 1.00000000000000  1.80000000000000e-05  39.3621613104300 
 1.00000000000000  2.00000000000000e-05  27.0728978987993 
 1.00000000000000  2.20000000000000e-05  18.4053231747952 
 1.00000000000000  2.40000000000000e-05  12.4174408806292 
 1.00000000000000  2.60000000000000e-05  8.33614324034624 
 1.00000000000000  2.80000000000000e-05  5.57283959288642 
 1.00000000000000  3.00000000000000e-05  3.70498617619467 
 1.00000000000000  3.20000000000000e-05  2.44199311657605 
 1.00000000000000  3.40000000000000e-05  1.58901324032897 
 1.00000000000000  3.60000000000000e-05  1.01618581809393 
 1.00000000000000  3.80000000000000e-05  0.635973358149325 
 1.00000000000000  4.00000000000000e-05  0.388107817592486 

 1.25000000000000 -4.00000000000000e-05  4.34887759945473 
 1.25000000000000 -3.80000000000000e-05  7.48253581127159 
 1.25000000000000 -3.60000000000000e-05  12.4553262839265 
 1.25000000000000 -3.40000000000000e-05  20.0560287420271 
 1.25000000000000 -3.20000000000000e-05  31.2365417284726 
 1.25000000000000 -3.00000000000000e-05  47.0488671965291 
 1.25000000000000 -2.80000000000000e-05  68.5233664006544 
 1.25000000000000 -2.60000000000000e-05  96.4853082319394 
 1.25000000000000 -2.40000000000000e-05  131.322930511655 
 1.25000000000000 -2.20000000000000e-05  172.740662453682 
 1.25000000000000 -2.00000000000000e-05  219.550573368736 
 1.25000000000000 -1.80000000000000e-05  269.566146925787 
 1.25000000000000 -1.60000000000000e-05  319.657800011698 
 1.25000000000000 -1.40000000000000e-05  366.004990972800 
 1.25000000000000 -1.20000000000000e-05  404.537184750704 
 1.25000000000000 -1.00000000000000e-05  431.504559875908 
 1.25000000000000 -8.00000000000000e-06  444.074058847055 
 1.25000000000000 -6.00000000000000e-06  440.823290496329 
 1.25000000000000 -4.00000000000000e-06  422.015082503946 
 1.25000000000000 -2.00000000000000e-06  389.580240828343 
 1.25000000000000  0.00000000000000  346.804466688859 
 1.25000000000000  2.00000000000000e-06  297.787530879886 
 1.25000000000000  4.00000000000000e-06  246.796594361795 
 1.25000000000000  6.00000000000000e-06  197.654730057428 
 1.25000000000000  8.00000000000000e-06  153.285784139298 
 1.25000000000000  1.00000000000000e-05  115.486335560355 
 1.25000000000000  1.20000000000000e-05  84.9325315731530 
 1.25000000000000  1.40000000000000e-05  61.3739904981774 
 1.25000000000000  1.60000000000000e-05  43.9336848512503 
 1.25000000000000  1.80000000000000e-05  31.4271738899341 
 1.25000000000000  2.00000000000000e-05  22.6324611697570 
 1.25000000000000  2.20000000000000e-05  16.4724875738090 
 1.25000000000000  2.40000000000000e-05  12.1038449902362 
 1.25000000000000  2.60000000000000e-05  8.92867121151994 
 1.25000000000000  2.80000000000000e-05  6.55794180142879 
 1.25000000000000  3.00000000000000e-05  4.75447171673961 
 1.25000000000000  3.20000000000000e-05  3.37685629178530 
 1.25000000000000  3.40000000000000e-05  2.33600478887683 
 1.25000000000000  3.60000000000000e-05  1.56749104844376 
 1.25000000000000  3.80000000000000e-05  1.01750227397747 
 1.25000000000000  4.00000000000000e-05  0.637887314725948 

 1.50000000000000 -4.00000000000000e-05  5.02671260871528 
 1.50000000000000 -3.80000000000000e-05  8.60868196096290 
 1.50000000000000 -3.60000000000000e-05  14.2586620934025 
 1.50000000000000 -3.40000000000000e-05  22.8372528754773 
 1.50000000000000 -3.20000000000000e-05  35.3638110466186 
 1.50000000000000 -3.00000000000000e-05  52.9351909287910 
 1.50000000000000 -2.80000000000000e-05  76.5794758141894 
 1.50000000000000 -2.60000000000000e-05  107.044982441664 
 1.50000000000000 -2.40000000000000e-05  144.544019464062 
 1.50000000000000 -2.20000000000000e-05  188.493779958167 
 1.50000000000000 -2.00000000000000e-05  237.316828681080 
 1.50000000000000 -1.80000000000000e-05  288.372345993432 
 1.50000000000000 -1.60000000000000e-05  338.078776577762 
 1.50000000000000 -1.40000000000000e-05  382.255353011703 
 1.50000000000000 -1.20000000000000e-05  416.658172364874 
 1.50000000000000 -1.00000000000000e-05  437.628478448954 
 1.50000000000000 -8.00000000000000e-06  442.724621670233 
 1.50000000000000 -6.00000000000000e-06  431.192734344749 
 1.50000000000000 -4.00000000000000e-06  404.154996611115 
 1.50000000000000 -2.00000000000000e-06  364.456145193515 
 1.50000000000000  0.00000000000000  316.192474556550 
 1.50000000000000  2.00000000000000e-06  264.027805102173 
 1.50000000000000  4.00000000000000e-06  212.452388339591 
 1.50000000000000  6.00000000000000e-06  165.147479759795 
 1.50000000000000  8.00000000000000e-06  124.579708383292 
 1.50000000000000  1.00000000000000e-05  91.8800445652036 
 1.50000000000000  1.20000000000000e-05  66.9859073003208 
 1.50000000000000  1.40000000000000e-05  48.9654247024740 
 1.50000000000000  1.60000000000000e-05  36.4152215496303 
 1.50000000000000  1.80000000000000e-05  27.8298499011312 
 1.50000000000000  2.00000000000000e-05  21.8731496223752 
 1.50000000000000  2.20000000000000e-05  17.5242833488886 
 1.50000000000000  2.40000000000000e-05  14.1090985117671 
 1.50000000000000  2.60000000000000e-05  11.2512344972101 
 1.50000000000000  2.80000000000000e-05  8.78449798806588 
 1.50000000000000  3.00000000000000e-05  6.66184377968649 
 1.50000000000000  3.20000000000000e-05  4.88315560628457 
 1.50000000000000  3.40000000000000e-05  3.45017308457701 
 1.50000000000000  3.60000000000000e-05  2.34652636387078 
 1.50000000000000  3.80000000000000e-05  1.53543412733993 
 1.50000000000000  4.00000000000000e-05  0.966601575936333 

 1.75000000000000 -4.00000000000000e-05  5.57642626790290 
 1.75000000000000 -3.80000000000000e-05  9.51495888848976 
 1.75000000000000 -3.60000000000000e-05  15.6972585086112 
 1.75000000000000 -3.40000000000000e-05  25.0337480848331 
 1.75000000000000 -3.20000000000000e-05  38.5854764115396 
 1.75000000000000 -3.00000000000000e-05  57.4670522228273 
 1.75000000000000 -2.80000000000000e-05  82.6801556373076 
 1.75000000000000 -2.60000000000000e-05  114.881168142705 
 1.75000000000000 -2.40000000000000e-05  154.108092663412 
 1.75000000000000 -2.20000000000000e-05  199.516609895351 
 1.75000000000000 -2.00000000000000e-05  249.195225651389 
 1.75000000000000 -1.80000000000000e-05  300.135518664779 
 1.75000000000000 -1.60000000000000e-05  348.417417932355 
 1.75000000000000 -1.40000000000000e-05  389.628645403270 
 1.75000000000000 -1.20000000000000e-05  419.478080976190 
 1.75000000000000 -1.00000000000000e-05  434.500051449681 
 1.75000000000000 -8.00000000000000e-06  432.701098673542 
 1.75000000000000 -6.00000000000000e-06  413.991743898118 
 1.75000000000000 -4.00000000000000e-06  380.282566384062 
 1.75000000000000 -2.00000000000000e-06  335.200770405740 
 1.75000000000000  0.00000000000000  283.479357381389 
 1.75000000000000  2.00000000000000e-06  230.156351146392 
 1.75000000000000  4.00000000000000e-06  179.768556712399 
 1.75000000000000  6.00000000000000e-06  135.718009221596 
 1.75000000000000  8.00000000000000e-06  99.9330012804528 
 1.75000000000000  1.00000000000000e-05  72.8596677281708 
 1.75000000000000  1.20000000000000e-05  53.7335114513074 
 1.75000000000000  1.40000000000000e-05  41.0194088830837 
 1.75000000000000  1.60000000000000e-05  32.8882264629040 
 1.75000000000000  1.80000000000000e-05  27.6174707760647 
 1.75000000000000  2.00000000000000e-05  23.8489127556950 
 1.75000000000000  2.20000000000000e-05  20.6886867608047 
 1.75000000000000  2.40000000000000e-05  17.6778727662115 
 1.75000000000000  2.60000000000000e-05  14.6843650057691 
 1.75000000000000  2.80000000000000e-05  11.7690555636800 
 1.75000000000000  3.00000000000000e-05  9.06680111798108 
 1.75000000000000  3.20000000000000e-05  6.70381087308685 
 1.75000000000000  3.40000000000000e-05  4.75556230662057 
 1.75000000000000  3.60000000000000e-05  3.23759444656368 
 1.75000000000000  3.80000000000000e-05  2.11659692926014 
 1.75000000000000  4.00000000000000e-05  1.32969665772685 

 2.00000000000000 -4.00000000000000e-05  5.96326247033853 
 2.00000000000000 -3.80000000000000e-05  10.1446349279744 
 2.00000000000000 -3.60000000000000e-05  16.6820458332647 
 2.00000000000000 -3.40000000000000e-05  26.5111690692514 
 2.00000000000000 -3.20000000000000e-05  40.7071618385538 
 2.00000000000000 -3.00000000000000e-05  60.3752136589833 
 2.00000000000000 -2.80000000000000e-05  86.4693129916080 
 2.00000000000000 -2.60000000000000e-05  119.545780997222 
 2.00000000000000 -2.40000000000000e-05  159.481480688652 
 2.00000000000000 -2.20000000000000e-05  205.212292212450 
 2.00000000000000 -2.00000000000000e-05  254.567005771319 
 2.00000000000000 -1.80000000000000e-05  304.275116657667 
 2.00000000000000 -1.60000000000000e-05  350.206034726688 
 2.00000000000000 -1.40000000000000e-05  387.850292497666 
 2.00000000000000 -1.20000000000000e-05  412.988415917173 
 2.00000000000000 -1.00000000000000e-05  422.427707313157 
 2.00000000000000 -8.00000000000000e-06  414.643863254739 
 2.00000000000000 -6.00000000000000e-06  390.162772383218 
 2.00000000000000 -4.00000000000000e-06  351.566062552760 
 2.00000000000000 -2.00000000000000e-06  303.093005870171 
 2.00000000000000  0.00000000000000  249.916202358814 
 2.00000000000000  2.00000000000000e-06  197.255912392944 
 2.00000000000000  4.00000000000000e-06  149.538956926921 
 2.00000000000000  6.00000000000000e-06  109.789160183015 
 2.00000000000000  8.00000000000000e-06  79.3646691922994 
 2.00000000000000  1.00000000000000e-05  58.0583541676545 
 2.00000000000000  1.20000000000000e-05  44.4839064294104 
 2.00000000000000  1.40000000000000e-05  36.6104207104918 
 2.00000000000000  1.60000000000000e-05  32.2958328539298 
 2.00000000000000  1.80000000000000e-05  29.7006241525603 
 2.00000000000000  2.00000000000000e-05  27.5202102266094 
 2.00000000000000  2.20000000000000e-05  25.0349181969819 
 2.00000000000000  2.40000000000000e-05  22.0217466238787 
 2.00000000000000  2.60000000000000e-05  18.5928841703925 
 2.00000000000000  2.80000000000000e-05  15.0231116609495 
 2.00000000000000  3.00000000000000e-05  11.6097300985706 
 2.00000000000000  3.20000000000000e-05  8.58491451123942 
 2.00000000000000  3.40000000000000e-05  6.07996235794151 
 2.00000000000000  3.60000000000000e-05  4.12836007510955 
 2.00000000000000  3.80000000000000e-05  2.69044429339994 
 2.00000000000000  4.00000000000000e-05  1.68448667345383 

 2.25000000000000 -4.00000000000000e-05  6.16747317167903 
 2.25000000000000 -3.80000000000000e-05  10.4661662208879 
 2.25000000000000 -3.60000000000000e-05  17.1647563478988 
 2.25000000000000 -3.40000000000000e-05  27.1989377663976 
 2.25000000000000 -3.20000000000000e-05  41.6305872591966 
 2.25000000000000 -3.00000000000000e-05  61.5299860644739 
 2.25000000000000 -2.80000000000000e-05  87.7859835530673 
 2.25000000000000 -2.60000000000000e-05  120.853210424569 
 2.25000000000000 -2.40000000000000e-05  160.469759617490 
 2.25000000000000 -2.20000000000000e-05  205.404662603569 
 2.25000000000000 -2.00000000000000e-05  253.313015249368 
 2.25000000000000 -1.80000000000000e-05  300.777355333623 
 2.25000000000000 -1.60000000000000e-05  343.589016009462 
 2.25000000000000 -1.40000000000000e-05  377.271929520739 
 2.25000000000000 -1.20000000000000e-05  397.783172062203 
 2.25000000000000 -1.00000000000000e-05  402.258541921749 
 2.25000000000000 -8.00000000000000e-06  389.631338537170 
 2.25000000000000 -6.00000000000000e-06  360.957869458524 
 2.25000000000000 -4.00000000000000e-06  319.340586187337 
 2.25000000000000 -2.00000000000000e-06  269.437430568179 
 2.25000000000000  0.00000000000000  216.655864547644 
 2.25000000000000  2.00000000000000e-06  166.216810541927 
 2.25000000000000  4.00000000000000e-06  122.307935160356 
 2.25000000000000  6.00000000000000e-06  87.5155711160033 
 2.25000000000000  8.00000000000000e-06  62.6408179549513 
 2.25000000000000  1.00000000000000e-05  46.8970206009086 
 2.25000000000000  1.20000000000000e-05  38.3887225161983 
 2.25000000000000  1.40000000000000e-05  34.7153063873319 
 2.25000000000000  1.60000000000000e-05  33.5380965079910 
 2.25000000000000  1.80000000000000e-05  32.9908125572092 
 2.25000000000000  2.00000000000000e-05  31.8792037082234 
 2.25000000000000  2.20000000000000e-05  29.6815805578551 
 2.25000000000000  2.40000000000000e-05  26.4082646099507 
 2.25000000000000  2.60000000000000e-05  22.3960413777476 
 2.25000000000000  2.80000000000000e-05  18.1060541674603 
 2.25000000000000  3.00000000000000e-05  13.9700684249280 
 2.25000000000000  3.20000000000000e-05  10.3024566688051 
 2.25000000000000  3.40000000000000e-05  7.27282532945952 
 2.25000000000000  3.60000000000000e-05  4.92141911140965 
 2.25000000000000  3.80000000000000e-05  3.19625589157397 
 2.25000000000000  4.00000000000000e-05  1.99447600974549 

 2.50000000000000 -4.00000000000000e-05  6.18503507156317 
 2.50000000000000 -3.80000000000000e-05  10.4742593426923 
 2.50000000000000 -3.60000000000000e-05  17.1393987087579 
 2.50000000000000 -3.40000000000000e-05  27.0921260393428 
 2.50000000000000 -3.20000000000000e-05  41.3557084545074 
 2.50000000000000 -3.00000000000000e-05  60.9432188300601 
 2.50000000000000 -2.80000000000000e-05  86.6653800628445 
 2.50000000000000 -2.60000000000000e-05  118.879120862100 
 2.50000000000000 -2.40000000000000e-05  157.212398607802 
 2.50000000000000 -2.20000000000000e-05  200.326242571766 
 2.50000000000000 -2.00000000000000e-05  245.792084512872 
 2.50000000000000 -1.80000000000000e-05  290.160911770440 
 2.50000000000000 -1.60000000000000e-05  329.273174943033 
 2.50000000000000 -1.40000000000000e-05  358.804779621999 
 2.50000000000000 -1.20000000000000e-05  374.975363685327 
 2.50000000000000 -1.00000000000000e-05  375.280416943083 
 2.50000000000000 -8.00000000000000e-06  359.072633766259 
 2.50000000000000 -6.00000000000000e-06  327.829204537290 
 2.50000000000000 -4.00000000000000e-06  285.005541352229 
 2.50000000000000 -2.00000000000000e-06  235.478411438725 
 2.50000000000000  0.00000000000000  184.692622795401 
 2.50000000000000  2.00000000000000e-06  137.708988133758 
 2.50000000000000  4.00000000000000e-06  98.3784056282107 
 2.50000000000000  6.00000000000000e-06  68.8277006775619 
 2.50000000000000  8.00000000000000e-06  49.3508493458252 
 2.50000000000000  1.00000000000000e-05  38.6859361554461 
 2.50000000000000  1.20000000000000e-05  34.5609381356427 
 2.50000000000000  1.40000000000000e-05  34.3389559858677 
 2.50000000000000  1.60000000000000e-05  35.5963922699221 
 2.50000000000000  1.80000000000000e-05  36.5164766815778 
 2.50000000000000  2.00000000000000e-05  36.0524409310731 
 2.50000000000000  2.20000000000000e-05  33.8832935891755 
 2.50000000000000  2.40000000000000e-05  30.2308415220639 
 2.50000000000000  2.60000000000000e-05  25.6215853474011 
 2.50000000000000  2.80000000000000e-05  20.6653259047804 
 2.50000000000000  3.00000000000000e-05  15.8949937867740 
 2.50000000000000  3.20000000000000e-05  11.6820515798803 
 2.50000000000000  3.40000000000000e-05  8.21833395037959 
 2.50000000000000  3.60000000000000e-05  5.54264584450136 
 2.50000000000000  3.80000000000000e-05  3.58828113218475 
 2.50000000000000  4.00000000000000e-05  2.23241857040535 

 2.75000000000000 -4.00000000000000e-05  6.02655622387487 
 2.75000000000000 -3.80000000000000e-05  10.1879318445345 
 2.75000000000000 -3.60000000000000e-05  16.6389319807808 
 2.75000000000000 -3.40000000000000e-05  26.2459428257494 
 2.75000000000000 -3.20000000000000e-05  39.9718877878479 
 2.75000000000000 -3.00000000000000e-05  58.7546412406280 
 2.75000000000000 -2.80000000000000e-05  83.3184917516187 
 2.75000000000000 -2.60000000000000e-05  113.931047975981 
 2.75000000000000 -2.40000000000000e-05  150.141888644335 
 2.75000000000000 -2.20000000000000e-05  190.563493975399 
 2.75000000000000 -2.00000000000000e-05  232.770434223995 
 2.75000000000000 -1.80000000000000e-05  273.389400080856 
 2.75000000000000 -1.60000000000000e-05  308.423584219004 
 2.75000000000000 -1.40000000000000e-05  333.800920978506 
 2.75000000000000 -1.20000000000000e-05  346.067801553504 
 2.75000000000000 -1.00000000000000e-05  343.088277172611 
 2.75000000000000 -8.00000000000000e-06  324.576989969069 
 2.75000000000000 -6.00000000000000e-06  292.310060024098 
 2.75000000000000 -4.00000000000000e-06  249.925451937771 
 2.75000000000000 -2.00000000000000e-06  202.327808277655 
 2.75000000000000  0.00000000000000  154.821657010963 
 2.75000000000000  2.00000000000000e-06  112.175281981928 
 2.75000000000000  4.00000000000000e-06  77.8378278922152 
 2.75000000000000  6.00000000000000e-06  53.4865189000603 
 2.75000000000000  8.00000000000000e-06  38.9846199780265 
 2.75000000000000  1.00000000000000e-05  32.7167749745128 
 2.75000000000000  1.20000000000000e-05  32.1739540354938 
 2.75000000000000  1.40000000000000e-05  34.6131717966473 
 2.75000000000000  1.60000000000000e-05  37.6262022011285 
 2.75000000000000  1.80000000000000e-05  39.5055759655506 
 2.75000000000000  2.00000000000000e-05  39.3709224534873 
 2.75000000000000  2.20000000000000e-05  37.0875724893285 
 2.75000000000000  2.40000000000000e-05  33.0530506695390 
 2.75000000000000  2.60000000000000e-05  27.9389030030191 
 2.75000000000000  2.80000000000000e-05  22.4602866311424 
 2.75000000000000  3.00000000000000e-05  17.2159765384460 
 2.75000000000000  3.20000000000000e-05  12.6100087744497 
 2.75000000000000  3.40000000000000e-05  8.84254634367239 
 2.75000000000000  3.60000000000000e-05  5.94564432295301 
 2.75000000000000  3.80000000000000e-05  3.83841774585565 
 2.75000000000000  4.00000000000000e-05  2.38187518749347 

 3.00000000000000 -4.00000000000000e-05  5.71470794036468 
 3.00000000000000 -3.80000000000000e-05  9.64614033581228 
 3.00000000000000 -3.60000000000000e-05  15.7280740283072 
 3.00000000000000 -3.40000000000000e-05  24.7643070719547 
 3.00000000000000 -3.20000000000000e-05  37.6403620277106 
 3.00000000000000 -3.00000000000000e-05  55.2059004382534 
 3.00000000000000 -2.80000000000000e-05  78.0949977624185 
 3.00000000000000 -2.60000000000000e-05  106.497324991859 
 3.00000000000000 -2.40000000000000e-05  139.915986642734 
 3.00000000000000 -2.20000000000000e-05  176.970311288482 
 3.00000000000000 -2.00000000000000e-05  215.315505401058 
 3.00000000000000 -1.80000000000000e-05  251.746311752669 
 3.00000000000000 -1.60000000000000e-05  282.522478646386 
 3.00000000000000 -1.40000000000000e-05  303.901231065475 
 3.00000000000000 -1.20000000000000e-05  312.797186432028 
 3.00000000000000 -1.00000000000000e-05  307.432944148667 
 3.00000000000000 -8.00000000000000e-06  287.816342743363 
 3.00000000000000 -6.00000000000000e-06  255.899618144010 
 3.00000000000000 -4.00000000000000e-06  215.343673190533 
 3.00000000000000 -2.00000000000000e-06  170.911630880599 
 3.00000000000000  0.00000000000000  127.619470079751 
 3.00000000000000  2.00000000000000e-06  89.8432148063645 
 3.00000000000000  4.00000000000000e-06  60.5962503441840 
 3.00000000000000  6.00000000000000e-06  41.1408421485873 
 3.00000000000000  8.00000000000000e-06  31.0013423282522 
 3.00000000000000  1.00000000000000e-05  28.3356507989069 
 3.00000000000000  1.20000000000000e-05  30.5324726262394 
 3.00000000000000  1.40000000000000e-05  34.8607733923762 
 3.00000000000000  1.60000000000000e-05  39.0116671442691 
 3.00000000000000  1.80000000000000e-05  41.4295081589877 
 3.00000000000000  2.00000000000000e-05  41.4036614075263 
 3.00000000000000  2.20000000000000e-05  38.9592053146389 
 3.00000000000000  2.40000000000000e-05  34.6254637410008 
 3.00000000000000  2.60000000000000e-05  29.1700744507458 
 3.00000000000000  2.80000000000000e-05  23.3690960383345 
 3.00000000000000  3.00000000000000e-05  17.8528290201738 
 3.00000000000000  3.20000000000000e-05  13.0355696433605 
 3.00000000000000  3.40000000000000e-05  9.11454277709932 
 3.00000000000000  3.60000000000000e-05  6.11228256171415 
 3.00000000000000  3.80000000000000e-05  3.93642734194235 
 3.00000000000000  4.00000000000000e-05  2.43727877830201 

 3.25000000000000 -4.00000000000000e-05  5.28068219267666 
 3.25000000000000 -3.80000000000000e-05  8.90181562883597 
 3.25000000000000 -3.60000000000000e-05  14.4936043409116 
 3.25000000000000 -3.40000000000000e-05  22.7846323931854 
 3.25000000000000 -3.20000000000000e-05  34.5712118253065 
 3.25000000000000 -3.00000000000000e-05  50.6069513482227 
 3.25000000000000 -2.80000000000000e-05  71.4360075138405 
 3.25000000000000 -2.60000000000000e-05  97.1831064054040 
 3.25000000000000 -2.40000000000000e-05  127.334418167669 
 3.25000000000000 -2.20000000000000e-05  160.563838255270 
 3.25000000000000 -2.00000000000000e-05  194.670975615108 
 3.25000000000000 -1.80000000000000e-05  226.691489080511 
 3.25000000000000 -1.60000000000000e-05  253.211899508248 
 3.25000000000000 -1.40000000000000e-05  270.871283652383 
 3.25000000000000 -1.20000000000000e-05  276.972170780964 
 3.25000000000000 -1.00000000000000e-05  270.071114154714 
 3.25000000000000 -8.00000000000000e-06  250.396612052865 
 3.25000000000000 -6.00000000000000e-06  219.963126989542 
 3.25000000000000 -4.00000000000000e-06  182.316088919319 
 3.25000000000000 -2.00000000000000e-06  141.938286666333 
 3.25000000000000  0.00000000000000  103.443980972697 
 3.25000000000000  2.00000000000000e-06  70.7510585340190 
 3.25000000000000  4.00000000000000e-06  46.4303688509346 
 3.25000000000000  6.00000000000000e-06  31.3806589886459 
 3.25000000000000  8.00000000000000e-06  24.8840276499575 
 3.25000000000000  1.00000000000000e-05  24.9921591815787 
 3.25000000000000  1.20000000000000e-05  29.1118628036230 
 3.25000000000000  1.40000000000000e-05  34.6233665886116 
 3.25000000000000  1.60000000000000e-05  39.3818960305371 
 3.25000000000000  1.80000000000000e-05  42.0095746864676 
 3.25000000000000  2.00000000000000e-05  41.9567286518731 
 3.25000000000000  2.20000000000000e-05  39.3744952100516 
 3.25000000000000  2.40000000000000e-05  34.8774437139828 
 3.25000000000000  2.60000000000000e-05  29.2810442746459 
 3.25000000000000  2.80000000000000e-05  23.3804830638305 
 3.25000000000000  3.00000000000000e-05  17.8067346269962 
 3.25000000000000  3.20000000000000e-05  12.9654243505759 
 3.25000000000000  3.40000000000000e-05  9.04237128801386 
 3.25000000000000  3.60000000000000e-05  6.04985307558161 
 3.25000000000000  3.80000000000000e-05  3.88804255730511 
 3.25000000000000  4.00000000000000e-05  2.40272911618370 

 3.50000000000000 -4.00000000000000e-05  4.76024130294995 
 3.50000000000000 -3.80000000000000e-05  8.01525057488289 
 3.50000000000000 -3.60000000000000e-05  13.0336833457563 
 3.50000000000000 -3.40000000000000e-05  20.4611856730488 
 3.50000000000000 -3.20000000000000e-05  30.9983656637766 
 3.50000000000000 -3.00000000000000e-05  45.2998861938585 
 3.50000000000000 -2.80000000000000e-05  63.8236768097760 
 3.50000000000000 -2.60000000000000e-05  86.6428744491361 
 3.50000000000000 -2.40000000000000e-05  113.252032106102 
 3.50000000000000 -2.20000000000000e-05  142.417292944627 
 3.50000000000000 -2.00000000000000e-05  172.130148824939 
 3.50000000000000 -1.80000000000000e-05  199.718309089885 
 3.50000000000000 -1.60000000000000e-05  222.140396995843 
 3.50000000000000 -1.40000000000000e-05  236.445517993218 
 3.50000000000000 -1.20000000000000e-05  240.324410948220 
 3.50000000000000 -1.00000000000000e-05  232.632997094076 
 3.50000000000000 -8.00000000000000e-06  213.750495755896 
 3.50000000000000 -6.00000000000000e-06  185.655891879009 
 3.50000000000000 -4.00000000000000e-06  151.668771699891 
 3.50000000000000 -2.00000000000000e-06  115.888358828318 
 3.50000000000000  0.00000000000000  82.4511234583913 
 3.50000000000000  2.00000000000000e-06  54.7831661188889 
 3.50000000000000  4.00000000000000e-06  35.0281420660897 
 3.50000000000000  6.00000000000000e-06  23.7817980121104 
 3.50000000000000  8.00000000000000e-06  20.1765880497477 
 3.50000000000000  1.00000000000000e-05  22.2638456948364 
 3.50000000000000  1.20000000000000e-05  27.5678212995366 
 3.50000000000000  1.40000000000000e-05  33.6566908660926 
 3.50000000000000  1.60000000000000e-05  38.5945010202648 
 3.50000000000000  1.80000000000000e-05  41.1923450220167 
 3.50000000000000  2.00000000000000e-05  41.0443665155140 
 3.50000000000000  2.20000000000000e-05  38.3916361604753 
 3.50000000000000  2.40000000000000e-05  33.8894639945512 
 3.50000000000000  2.60000000000000e-05  28.3575794499312 
 3.50000000000000  2.80000000000000e-05  22.5741133794840 
 3.50000000000000  3.00000000000000e-05  17.1450666251528 
 3.50000000000000  3.20000000000000e-05  12.4525416175232 
 3.50000000000000  3.40000000000000e-05  8.66520014128983 
 3.50000000000000  3.60000000000000e-05  5.78579546199883 
 3.50000000000000  3.80000000000000e-05  3.71156327345009 
 3.50000000000000  4.00000000000000e-05  2.28988416218680 

 3.75000000000000 -4.00000000000000e-05  4.18989766150869 
 3.75000000000000 -3.80000000000000e-05  7.04773366060184 
 3.75000000000000 -3.60000000000000e-05  11.4476184176161 
 3.75000000000000 -3.40000000000000e-05  17.9492268580288 
 3.75000000000000 -3.20000000000000e-05  27.1559186955790 
 3.75000000000000 -3.00000000000000e-05  39.6248944631224 
 3.75000000000000 -2.80000000000000e-05  55.7341468190151 
 3.75000000000000 -2.60000000000000e-05  75.5179338822741 
 3.75000000000000 -2.40000000000000e-05  98.4991608996089 
 3.75000000000000 -2.20000000000000e-05  123.562803097467 
 3.75000000000000 -2.00000000000000e-05  148.922710905096 
 3.75000000000000 -1.80000000000000e-05  172.228002323525 
 3.75000000000000 -1.60000000000000e-05  190.830796175516 
 3.75000000000000 -1.40000000000000e-05  202.196189809591 
 3.75000000000000 -1.20000000000000e-05  204.387451005763 
 3.75000000000000 -1.00000000000000e-05  196.519677532133 
 3.75000000000000 -8.00000000000000e-06  179.060270008719 
 3.75000000000000 -6.00000000000000e-06  153.875636838918 
 3.75000000000000 -4.00000000000000e-06  123.980347087172 
 3.75000000000000 -2.00000000000000e-06  93.0235404645218 
 3.75000000000000  0.00000000000000  64.6235769217954 
 3.75000000000000  2.00000000000000e-06  41.7095538640882 
 3.75000000000000  4.00000000000000e-06  26.0296584352828 
 3.75000000000000  6.00000000000000e-06  17.9394796101470 
 3.75000000000000  8.00000000000000e-06  16.5037266808709 
 3.75000000000000  1.00000000000000e-05  19.8590806598261 
 3.75000000000000  1.20000000000000e-05  25.7219676596681 
 3.75000000000000  1.40000000000000e-05  31.9012820199762 
 3.75000000000000  1.60000000000000e-05  36.6954235658168 
 3.75000000000000  1.80000000000000e-05  39.1034864631230 
 3.75000000000000  2.00000000000000e-05  38.8414922937818 
 3.75000000000000  2.20000000000000e-05  36.2057239093419 
 3.75000000000000  2.40000000000000e-05  31.8532740922890 
 3.75000000000000  2.60000000000000e-05  26.5719979646220 
 3.75000000000000  2.80000000000000e-05  21.0942176856421 
 3.75000000000000  3.00000000000000e-05  15.9814695752201 
 3.75000000000000  3.20000000000000e-05  11.5817894864817 
 3.75000000000000  3.40000000000000e-05  8.04337407078799 
 3.75000000000000  3.60000000000000e-05  5.36109769396604 
 3.75000000000000  3.80000000000000e-05  3.43364878947925 
 3.75000000000000  4.00000000000000e-05  2.11537882606045 

 4.00000000000000 -4.00000000000000e-05  3.60365604740222 
 4.00000000000000 -3.80000000000000e-05  6.05614324776281 
 4.00000000000000 -3.60000000000000e-05  9.82721515311279 
 4.00000000000000 -3.40000000000000e-05  15.3916762548269 
 4.00000000000000 -3.20000000000000e-05  23.2583436657231 
 4.00000000000000 -3.00000000000000e-05  33.8920091371787 
 4.00000000000000 -2.80000000000000e-05  47.5987840502601 
 4.00000000000000 -2.60000000000000e-05  64.3853917160486 
 4.00000000000000 -2.40000000000000e-05  83.8172948035455 
 4.00000000000000 -2.20000000000000e-05  104.913903944774 
 4.00000000000000 -2.00000000000000e-05  126.125768309244 
 4.00000000000000 -1.80000000000000e-05  145.432777979537 
 4.00000000000000 -1.60000000000000e-05  160.580727256519 
 4.00000000000000 -1.40000000000000e-05  169.437965801130 
 4.00000000000000 -1.20000000000000e-05  170.412567636319 
 4.00000000000000 -1.00000000000000e-05  162.836827553596 
 4.00000000000000 -8.00000000000000e-06  147.214238927735 
 4.00000000000000 -6.00000000000000e-06  125.243805110368 
 4.00000000000000 -4.00000000000000e-06  99.5869275361305 
 4.00000000000000 -2.00000000000000e-06  73.4106824206181 
 4.00000000000000  0.00000000000000  49.8067805853126 
 4.00000000000000  2.00000000000000e-06  31.2253031386533 
 4.00000000000000  4.00000000000000e-06  19.0613783542886 
 4.00000000000000  6.00000000000000e-06  13.4902905085606 
 4.00000000000000  8.00000000000000e-06  13.5760266319771 
 4.00000000000000  1.00000000000000e-05  17.6036313635033 
 4.00000000000000  1.20000000000000e-05  23.5311483804065 
 4.00000000000000  1.40000000000000e-05  29.4380213253408 
 4.00000000000000  1.60000000000000e-05  33.8655841720762 
 4.00000000000000  1.80000000000000e-05  35.9907220147884 
 4.00000000000000  2.00000000000000e-05  35.6276747758155 
 4.00000000000000  2.20000000000000e-05  33.0973922554535 
 4.00000000000000  2.40000000000000e-05  29.0275152753666 
 4.00000000000000  2.60000000000000e-05  24.1467938640656 
 4.00000000000000  2.80000000000000e-05  19.1211964449467 
 4.00000000000000  3.00000000000000e-05  14.4546800092101 
 4.00000000000000  3.20000000000000e-05  10.4548062444746 
 4.00000000000000  3.40000000000000e-05  7.24804554854434 
 4.00000000000000  3.60000000000000e-05  4.82346856772181 
 4.00000000000000  3.80000000000000e-05  3.08499344736455 
 4.00000000000000  4.00000000000000e-05  1.89818801229492 

 4.25000000000000 -4.00000000000000e-05  3.03059984628786 
 4.25000000000000 -3.80000000000000e-05  5.08896371563431 
 4.25000000000000 -3.60000000000000e-05  8.25044207175412 
 4.25000000000000 -3.40000000000000e-05  12.9094149382316 
 4.25000000000000 -3.20000000000000e-05  19.4862066424442 
 4.25000000000000 -3.00000000000000e-05  28.3608958806906 
 4.25000000000000 -2.80000000000000e-05  39.7767450402553 
 4.25000000000000 -2.60000000000000e-05  53.7224918902577 
 4.25000000000000 -2.40000000000000e-05  69.8147862009150 
 4.25000000000000 -2.20000000000000e-05  87.2131455233072 
 4.25000000000000 -2.00000000000000e-05  104.605093253691 
 4.25000000000000 -1.80000000000000e-05  120.293757217281 
 4.25000000000000 -1.60000000000000e-05  132.401486121150 
 4.25000000000000 -1.40000000000000e-05  139.172722638309 
 4.25000000000000 -1.20000000000000e-05  139.324599499744 
 4.25000000000000 -1.00000000000000e-05  132.365868557766 
 4.25000000000000 -8.00000000000000e-06  118.795859501235 
 4.25000000000000 -6.00000000000000e-06  100.112920311702 
 4.25000000000000 -4.00000000000000e-06  78.6053250007167 
 4.25000000000000 -2.00000000000000e-06  56.9560160797321 
 4.25000000000000  0.00000000000000  37.7475711047388 
 4.25000000000000  2.00000000000000e-06  22.9863374657942 
 4.25000000000000  4.00000000000000e-06  13.7623136902205 
 4.25000000000000  6.00000000000000e-06  10.1236624309652 
 4.25000000000000  8.00000000000000e-06  11.1839996697673 
 4.25000000000000  1.00000000000000e-05  15.4171748959874 
 4.25000000000000  1.20000000000000e-05  21.0486780452327 
 4.25000000000000  1.40000000000000e-05  26.4380927556544 
 4.25000000000000  1.60000000000000e-05  30.3644116805762 
 4.25000000000000  1.80000000000000e-05  32.1657960314372 
 4.25000000000000  2.00000000000000e-05  31.7317137835922 
 4.25000000000000  2.20000000000000e-05  29.3830664109613 
 4.25000000000000  2.40000000000000e-05  25.6954435855352 
 4.25000000000000  2.60000000000000e-05  21.3204544978445 
 4.25000000000000  2.80000000000000e-05  16.8452338124701 
 4.25000000000000  3.00000000000000e-05  12.7090317792171 
 4.25000000000000  3.20000000000000e-05  9.17618789366690 
 4.25000000000000  3.40000000000000e-05  6.35177524050623 
 4.25000000000000  3.60000000000000e-05  4.22118676424076 
 4.25000000000000  3.80000000000000e-05  2.69645224480479 
 4.25000000000000  4.00000000000000e-05  1.65727567509315 

 4.50000000000000 -4.00000000000000e-05  2.49343796246544 
 4.50000000000000 -3.80000000000000e-05  4.18391046365009 
 4.50000000000000 -3.60000000000000e-05  6.77769564826828 
 4.50000000000000 -3.40000000000000e-05  10.5956394557858 
 4.50000000000000 -3.20000000000000e-05  15.9779773340448 
 4.50000000000000 -3.00000000000000e-05  23.2294697316580 
 4.50000000000000 -2.80000000000000e-05  32.5398512530995 
 4.50000000000000 -2.60000000000000e-05  43.8874630495046 
 4.50000000000000 -2.40000000000000e-05  56.9438371939081 
 4.50000000000000 -2.20000000000000e-05  71.0060200866414 
 4.50000000000000 -2.00000000000000e-05  84.9875437734859 
 4.50000000000000 -1.80000000000000e-05  97.4941914608978 
 4.50000000000000 -1.60000000000000e-05  106.994940865703 
 4.50000000000000 -1.40000000000000e-05  112.073261002301 
 4.50000000000000 -1.20000000000000e-05  111.715304106299 
 4.50000000000000 -1.00000000000000e-05  105.568932944878 
 4.50000000000000 -8.00000000000000e-06  94.1008558405661 
 4.50000000000000 -6.00000000000000e-06  78.5946346322894 
 4.50000000000000 -4.00000000000000e-06  60.9690012901553 
 4.50000000000000 -2.00000000000000e-06  43.4444740093720 
 4.50000000000000  0.00000000000000  28.1314822744842 
 4.50000000000000  2.00000000000000e-06  16.6393002958193 
 4.50000000000000  4.00000000000000e-06  9.80195311047209 
 4.50000000000000  6.00000000000000e-06  7.58490512436545 
 4.50000000000000  8.00000000000000e-06  9.18528660001910 
 4.50000000000000  1.00000000000000e-05  13.2857504984357 
 4.50000000000000  1.20000000000000e-05  18.3848179174234 
 4.50000000000000  1.40000000000000e-05  23.1153591074697 
 4.50000000000000  1.60000000000000e-05  26.4783855963205 
 4.50000000000000  1.80000000000000e-05  27.9531947545430 
 4.50000000000000  2.00000000000000e-05  27.4838029230156 
 4.50000000000000  2.20000000000000e-05  25.3728148363892 
 4.50000000000000  2.40000000000000e-05  22.1296531572134 
 4.50000000000000  2.60000000000000e-05  18.3193011941169 
 4.50000000000000  2.80000000000000e-05  14.4447980451819 
 4.50000000000000  3.00000000000000e-05  10.8787218500229 
 4.50000000000000  3.20000000000000e-05  7.84243249443099 
 4.50000000000000  3.40000000000000e-05  5.42106382184697 
 4.50000000000000  3.60000000000000e-05  3.59824583122365 
 4.50000000000000  3.80000000000000e-05  2.29600076876887 
 4.50000000000000  4.00000000000000e-05  1.40975997444965 

 4.75000000000000 -4.00000000000000e-05  2.00798050629972 
 4.75000000000000 -3.80000000000000e-05  3.36710380104294 
 4.75000000000000 -3.60000000000000e-05  5.45055721985806 
 4.75000000000000 -3.40000000000000e-05  8.51408199044640 
 4.75000000000000 -3.20000000000000e-05  12.8276173585391 
 4.75000000000000 -3.00000000000000e-05  18.6308279818237 
 4.75000000000000 -2.80000000000000e-05  26.0689790433049 
 4.75000000000000 -2.60000000000000e-05  35.1156888129715 
 4.75000000000000 -2.40000000000000e-05  45.4970545394230 
 4.75000000000000 -2.20000000000000e-05  56.6388304321250 
 4.75000000000000 -2.00000000000000e-05  67.6614873273840 
 4.75000000000000 -1.80000000000000e-05  77.4439057849320 
 4.75000000000000 -1.60000000000000e-05  84.7634992226626 
 4.75000000000000 -1.40000000000000e-05  88.5000743875752 
 4.75000000000000 -1.20000000000000e-05  87.8676638227802 
 4.75000000000000 -1.00000000000000e-05  82.6206006955479 
 4.75000000000000 -8.00000000000000e-06  73.1752263852297 
 4.75000000000000 -6.00000000000000e-06  60.6017446009770 
 4.75000000000000 -4.00000000000000e-06  46.4708865958738 
 4.75000000000000 -2.00000000000000e-06  32.5795269418976 
 4.75000000000000  0.00000000000000  20.6157568598979 
 4.75000000000000  2.00000000000000e-06  11.8444147620306 
 4.75000000000000  4.00000000000000e-06  6.89067363937381 
 4.75000000000000  6.00000000000000e-06  5.67224767089859 
 4.75000000000000  8.00000000000000e-06  7.48888266533147 
 4.75000000000000  1.00000000000000e-05  11.2350480111927 
 4.75000000000000  1.20000000000000e-05  15.6719704984941 
 4.75000000000000  1.40000000000000e-05  19.6867887589757 
 4.75000000000000  1.60000000000000e-05  22.4800078456603 
 4.75000000000000  1.80000000000000e-05  23.6505454726658 
 4.75000000000000  2.00000000000000e-05  23.1795328346343 
 4.75000000000000  2.20000000000000e-05  21.3393154913780 
 4.75000000000000  2.40000000000000e-05  18.5665813716099 
 4.75000000000000  2.60000000000000e-05  15.3374657740210 
 4.75000000000000  2.80000000000000e-05  12.0715708497840 
 4.75000000000000  3.00000000000000e-05  9.07692075601539 
 4.75000000000000  3.20000000000000e-05  6.53437573673831 
 4.75000000000000  3.40000000000000e-05  4.51129478975461 
 4.75000000000000  3.60000000000000e-05  2.99109736590660 
 4.75000000000000  3.80000000000000e-05  1.90671336570588 
 4.75000000000000  4.00000000000000e-05  1.16970260933541 

 5.00000000000000 -4.00000000000000e-05  1.58339878511709 
 5.00000000000000 -3.80000000000000e-05  2.65354576542372 
 5.00000000000000 -3.60000000000000e-05  4.29263713709548 
 5.00000000000000 -3.40000000000000e-05  6.70045292847059 
 5.00000000000000 -3.20000000000000e-05  10.0869595753659 
 5.00000000000000 -3.00000000000000e-05  14.6370372478606 
 5.00000000000000 -2.80000000000000e-05  20.4598750538611 
 5.00000000000000 -2.60000000000000e-05  27.5283206140080 
 5.00000000000000 -2.40000000000000e-05  35.6197474165342 
 5.00000000000000 -2.20000000000000e-05  44.2756094958433 
 5.00000000000000 -2.00000000000000e-05  52.7992160008453 
 5.00000000000000 -1.80000000000000e-05  60.3078684844379 
 5.00000000000000 -1.60000000000000e-05  65.8451011570713 
 5.00000000000000 -1.40000000000000e-05  68.5424736580368 
 5.00000000000000 -1.20000000000000e-05  67.8021651050030 
 5.00000000000000 -1.00000000000000e-05  63.4576256815898 
 5.00000000000000 -8.00000000000000e-06  55.8660481483727 
 5.00000000000000 -6.00000000000000e-06  45.8972353313025 
 5.00000000000000 -4.00000000000000e-06  34.8076582458455 
 5.00000000000000 -2.00000000000000e-06  24.0198907535009 
 5.00000000000000  0.00000000000000  14.8562436705890 
 5.00000000000000  2.00000000000000e-06  8.29120214463768 
 5.00000000000000  4.00000000000000e-06  4.78395549155077 
 5.00000000000000  6.00000000000000e-06  4.23028194517156 
 5.00000000000000  8.00000000000000e-06  6.03945269700115 
 5.00000000000000  1.00000000000000e-05  9.30787623224644 
 5.00000000000000  1.20000000000000e-05  13.0378807669972 
 5.00000000000000  1.40000000000000e-05  16.3439259763937 
 5.00000000000000  1.60000000000000e-05  18.5997507174976 
 5.00000000000000  1.80000000000000e-05  19.5027353249681 
 5.00000000000000  2.00000000000000e-05  19.0572808301539 
 5.00000000000000  2.20000000000000e-05  17.4990445209010 
 5.00000000000000  2.40000000000000e-05  15.1915470349052 
 5.00000000000000  2.60000000000000e-05  12.5254834594373 
 5.00000000000000  2.80000000000000e-05  9.84209431087530 
 5.00000000000000  3.00000000000000e-05  7.38988900727315 
 5.00000000000000  3.20000000000000e-05  5.31320012082326 
 5.00000000000000  3.40000000000000e-05  3.66412532623292 
 5.00000000000000  3.60000000000000e-05  2.42700564915187 
 5.00000000000000  3.80000000000000e-05  1.54576172232210 
 5.00000000000000  4.00000000000000e-05  0.947520286140529 

